<?xml version="1.0" encoding="UTF-8"?>
<coverage generated="1574946831248" clover="3.2.0">
  <project timestamp="1574946831248" name="All files">
    <metrics statements="411" coveredstatements="372" conditionals="60" coveredconditionals="43" methods="151" coveredmethods="129" elements="622" coveredelements="544" complexity="0" loc="411" ncloc="411" packages="53" files="165" classes="165"/>
    <package name="login.components">
      <metrics statements="0" coveredstatements="0" conditionals="0" coveredconditionals="0" methods="0" coveredmethods="0"/>
      <file name="index.js" path="/Users/luismiguelmendes/Desktop/nda-project/refactor-app-microfrontends/src/login/components/index.js">
        <metrics statements="0" coveredstatements="0" conditionals="0" coveredconditionals="0" methods="0" coveredmethods="0"/>
      </file>
    </package>
    <package name="login.components.Form">
      <metrics statements="11" coveredstatements="11" conditionals="0" coveredconditionals="0" methods="4" coveredmethods="4"/>
      <file name="Form.js" path="/Users/luismiguelmendes/Desktop/nda-project/refactor-app-microfrontends/src/login/components/Form/Form.js">
        <metrics statements="10" coveredstatements="10" conditionals="0" coveredconditionals="0" methods="3" coveredmethods="3"/>
        <line num="5" count="2" type="stmt"/>
        <line num="6" count="4" type="stmt"/>
        <line num="7" count="4" type="stmt"/>
        <line num="9" count="4" type="stmt"/>
        <line num="10" count="2" type="stmt"/>
        <line num="11" count="2" type="stmt"/>
        <line num="14" count="4" type="stmt"/>
        <line num="15" count="1" type="stmt"/>
        <line num="16" count="1" type="stmt"/>
        <line num="19" count="4" type="stmt"/>
      </file>
      <file name="FormStyle.js" path="/Users/luismiguelmendes/Desktop/nda-project/refactor-app-microfrontends/src/login/components/Form/FormStyle.js">
        <metrics statements="1" coveredstatements="1" conditionals="0" coveredconditionals="0" methods="1" coveredmethods="1"/>
        <line num="3" count="2" type="stmt"/>
      </file>
      <file name="index.js" path="/Users/luismiguelmendes/Desktop/nda-project/refactor-app-microfrontends/src/login/components/Form/index.js">
        <metrics statements="0" coveredstatements="0" conditionals="0" coveredconditionals="0" methods="0" coveredmethods="0"/>
      </file>
    </package>
    <package name="login.components.Header">
      <metrics statements="4" coveredstatements="4" conditionals="0" coveredconditionals="0" methods="2" coveredmethods="2"/>
      <file name="Header.js" path="/Users/luismiguelmendes/Desktop/nda-project/refactor-app-microfrontends/src/login/components/Header/Header.js">
        <metrics statements="3" coveredstatements="3" conditionals="0" coveredconditionals="0" methods="1" coveredmethods="1"/>
        <line num="7" count="2" type="stmt"/>
        <line num="8" count="2" type="stmt"/>
        <line num="10" count="2" type="stmt"/>
      </file>
      <file name="HeaderStyle.js" path="/Users/luismiguelmendes/Desktop/nda-project/refactor-app-microfrontends/src/login/components/Header/HeaderStyle.js">
        <metrics statements="1" coveredstatements="1" conditionals="0" coveredconditionals="0" methods="1" coveredmethods="1"/>
        <line num="3" count="2" type="stmt"/>
      </file>
      <file name="index.js" path="/Users/luismiguelmendes/Desktop/nda-project/refactor-app-microfrontends/src/login/components/Header/index.js">
        <metrics statements="0" coveredstatements="0" conditionals="0" coveredconditionals="0" methods="0" coveredmethods="0"/>
      </file>
    </package>
    <package name="login.theme">
      <metrics statements="3" coveredstatements="3" conditionals="0" coveredconditionals="0" methods="0" coveredmethods="0"/>
      <file name="index.js" path="/Users/luismiguelmendes/Desktop/nda-project/refactor-app-microfrontends/src/login/theme/index.js">
        <metrics statements="1" coveredstatements="1" conditionals="0" coveredconditionals="0" methods="0" coveredmethods="0"/>
        <line num="7" count="3" type="stmt"/>
      </file>
      <file name="palette.js" path="/Users/luismiguelmendes/Desktop/nda-project/refactor-app-microfrontends/src/login/theme/palette.js">
        <metrics statements="2" coveredstatements="2" conditionals="0" coveredconditionals="0" methods="0" coveredmethods="0"/>
        <line num="3" count="3" type="stmt"/>
        <line num="4" count="3" type="stmt"/>
      </file>
      <file name="typography.js" path="/Users/luismiguelmendes/Desktop/nda-project/refactor-app-microfrontends/src/login/theme/typography.js">
        <metrics statements="0" coveredstatements="0" conditionals="0" coveredconditionals="0" methods="0" coveredmethods="0"/>
      </file>
    </package>
    <package name="login.theme.overrides">
      <metrics statements="0" coveredstatements="0" conditionals="0" coveredconditionals="0" methods="0" coveredmethods="0"/>
      <file name="MuiAppBar.js" path="/Users/luismiguelmendes/Desktop/nda-project/refactor-app-microfrontends/src/login/theme/overrides/MuiAppBar.js">
        <metrics statements="0" coveredstatements="0" conditionals="0" coveredconditionals="0" methods="0" coveredmethods="0"/>
      </file>
      <file name="MuiButton.js" path="/Users/luismiguelmendes/Desktop/nda-project/refactor-app-microfrontends/src/login/theme/overrides/MuiButton.js">
        <metrics statements="0" coveredstatements="0" conditionals="0" coveredconditionals="0" methods="0" coveredmethods="0"/>
      </file>
      <file name="MuiCheckbox.js" path="/Users/luismiguelmendes/Desktop/nda-project/refactor-app-microfrontends/src/login/theme/overrides/MuiCheckbox.js">
        <metrics statements="0" coveredstatements="0" conditionals="0" coveredconditionals="0" methods="0" coveredmethods="0"/>
      </file>
      <file name="MuiExpansionPanelSummary.js" path="/Users/luismiguelmendes/Desktop/nda-project/refactor-app-microfrontends/src/login/theme/overrides/MuiExpansionPanelSummary.js">
        <metrics statements="0" coveredstatements="0" conditionals="0" coveredconditionals="0" methods="0" coveredmethods="0"/>
      </file>
      <file name="MuiIconButton.js" path="/Users/luismiguelmendes/Desktop/nda-project/refactor-app-microfrontends/src/login/theme/overrides/MuiIconButton.js">
        <metrics statements="0" coveredstatements="0" conditionals="0" coveredconditionals="0" methods="0" coveredmethods="0"/>
      </file>
      <file name="MuiInputBase.js" path="/Users/luismiguelmendes/Desktop/nda-project/refactor-app-microfrontends/src/login/theme/overrides/MuiInputBase.js">
        <metrics statements="0" coveredstatements="0" conditionals="0" coveredconditionals="0" methods="0" coveredmethods="0"/>
      </file>
      <file name="MuiOutlinedInput.js" path="/Users/luismiguelmendes/Desktop/nda-project/refactor-app-microfrontends/src/login/theme/overrides/MuiOutlinedInput.js">
        <metrics statements="0" coveredstatements="0" conditionals="0" coveredconditionals="0" methods="0" coveredmethods="0"/>
      </file>
      <file name="MuiPaper.js" path="/Users/luismiguelmendes/Desktop/nda-project/refactor-app-microfrontends/src/login/theme/overrides/MuiPaper.js">
        <metrics statements="0" coveredstatements="0" conditionals="0" coveredconditionals="0" methods="0" coveredmethods="0"/>
      </file>
      <file name="MuiSwitch.js" path="/Users/luismiguelmendes/Desktop/nda-project/refactor-app-microfrontends/src/login/theme/overrides/MuiSwitch.js">
        <metrics statements="0" coveredstatements="0" conditionals="0" coveredconditionals="0" methods="0" coveredmethods="0"/>
      </file>
      <file name="MuiTab.js" path="/Users/luismiguelmendes/Desktop/nda-project/refactor-app-microfrontends/src/login/theme/overrides/MuiTab.js">
        <metrics statements="0" coveredstatements="0" conditionals="0" coveredconditionals="0" methods="0" coveredmethods="0"/>
      </file>
      <file name="MuiTableCell.js" path="/Users/luismiguelmendes/Desktop/nda-project/refactor-app-microfrontends/src/login/theme/overrides/MuiTableCell.js">
        <metrics statements="0" coveredstatements="0" conditionals="0" coveredconditionals="0" methods="0" coveredmethods="0"/>
      </file>
      <file name="MuiTableHead.js" path="/Users/luismiguelmendes/Desktop/nda-project/refactor-app-microfrontends/src/login/theme/overrides/MuiTableHead.js">
        <metrics statements="0" coveredstatements="0" conditionals="0" coveredconditionals="0" methods="0" coveredmethods="0"/>
      </file>
      <file name="MuiTabs.js" path="/Users/luismiguelmendes/Desktop/nda-project/refactor-app-microfrontends/src/login/theme/overrides/MuiTabs.js">
        <metrics statements="0" coveredstatements="0" conditionals="0" coveredconditionals="0" methods="0" coveredmethods="0"/>
      </file>
      <file name="MuiTextField.js" path="/Users/luismiguelmendes/Desktop/nda-project/refactor-app-microfrontends/src/login/theme/overrides/MuiTextField.js">
        <metrics statements="0" coveredstatements="0" conditionals="0" coveredconditionals="0" methods="0" coveredmethods="0"/>
      </file>
      <file name="MuiTypography.js" path="/Users/luismiguelmendes/Desktop/nda-project/refactor-app-microfrontends/src/login/theme/overrides/MuiTypography.js">
        <metrics statements="0" coveredstatements="0" conditionals="0" coveredconditionals="0" methods="0" coveredmethods="0"/>
      </file>
      <file name="index.js" path="/Users/luismiguelmendes/Desktop/nda-project/refactor-app-microfrontends/src/login/theme/overrides/index.js">
        <metrics statements="0" coveredstatements="0" conditionals="0" coveredconditionals="0" methods="0" coveredmethods="0"/>
      </file>
    </package>
    <package name="login.views.Login">
      <metrics statements="4" coveredstatements="4" conditionals="0" coveredconditionals="0" methods="2" coveredmethods="2"/>
      <file name="Login.js" path="/Users/luismiguelmendes/Desktop/nda-project/refactor-app-microfrontends/src/login/views/Login/Login.js">
        <metrics statements="3" coveredstatements="3" conditionals="0" coveredconditionals="0" methods="1" coveredmethods="1"/>
        <line num="7" count="1" type="stmt"/>
        <line num="8" count="1" type="stmt"/>
        <line num="10" count="1" type="stmt"/>
      </file>
      <file name="LoginStyle.js" path="/Users/luismiguelmendes/Desktop/nda-project/refactor-app-microfrontends/src/login/views/Login/LoginStyle.js">
        <metrics statements="1" coveredstatements="1" conditionals="0" coveredconditionals="0" methods="1" coveredmethods="1"/>
        <line num="3" count="1" type="stmt"/>
      </file>
    </package>
    <package name="proposal-header.admin">
      <metrics statements="0" coveredstatements="0" conditionals="0" coveredconditionals="0" methods="0" coveredmethods="0"/>
      <file name="ProposalHeader.js" path="/Users/luismiguelmendes/Desktop/nda-project/refactor-app-microfrontends/src/proposal-header/admin/ProposalHeader.js">
        <metrics statements="0" coveredstatements="0" conditionals="0" coveredconditionals="0" methods="0" coveredmethods="0"/>
      </file>
      <file name="ProposalSteps.js" path="/Users/luismiguelmendes/Desktop/nda-project/refactor-app-microfrontends/src/proposal-header/admin/ProposalSteps.js">
        <metrics statements="0" coveredstatements="0" conditionals="0" coveredconditionals="0" methods="0" coveredmethods="0"/>
      </file>
      <file name="index.js" path="/Users/luismiguelmendes/Desktop/nda-project/refactor-app-microfrontends/src/proposal-header/admin/index.js">
        <metrics statements="0" coveredstatements="0" conditionals="0" coveredconditionals="0" methods="0" coveredmethods="0"/>
      </file>
      <file name="navPages.js" path="/Users/luismiguelmendes/Desktop/nda-project/refactor-app-microfrontends/src/proposal-header/admin/navPages.js">
        <metrics statements="0" coveredstatements="0" conditionals="0" coveredconditionals="0" methods="0" coveredmethods="0"/>
      </file>
    </package>
    <package name="proposal-header.components.Footer">
      <metrics statements="18" coveredstatements="17" conditionals="2" coveredconditionals="2" methods="8" coveredmethods="7"/>
      <file name="Footer.js" path="/Users/luismiguelmendes/Desktop/nda-project/refactor-app-microfrontends/src/proposal-header/components/Footer/Footer.js">
        <metrics statements="17" coveredstatements="16" conditionals="2" coveredconditionals="2" methods="7" coveredmethods="6"/>
        <line num="16" count="1" type="stmt"/>
        <line num="17" count="6" type="stmt"/>
        <line num="18" count="6" type="stmt"/>
        <line num="19" count="6" type="stmt"/>
        <line num="21" count="6" type="stmt"/>
        <line num="22" count="0" type="stmt"/>
        <line num="25" count="6" type="stmt"/>
        <line num="26" count="1" type="stmt"/>
        <line num="29" count="6" type="stmt"/>
        <line num="30" count="1" type="stmt"/>
        <line num="33" count="6" type="stmt"/>
        <line num="34" count="3" type="stmt"/>
        <line num="37" count="6" type="stmt"/>
        <line num="38" count="2" type="stmt"/>
        <line num="56" count="6" type="stmt"/>
        <line num="57" count="4" type="stmt"/>
        <line num="76" count="6" type="stmt"/>
      </file>
      <file name="FooterStyle.js" path="/Users/luismiguelmendes/Desktop/nda-project/refactor-app-microfrontends/src/proposal-header/components/Footer/FooterStyle.js">
        <metrics statements="1" coveredstatements="1" conditionals="0" coveredconditionals="0" methods="1" coveredmethods="1"/>
        <line num="3" count="1" type="stmt"/>
      </file>
    </package>
    <package name="proposal-header.components.Header">
      <metrics statements="6" coveredstatements="6" conditionals="0" coveredconditionals="0" methods="2" coveredmethods="2"/>
      <file name="Header.js" path="/Users/luismiguelmendes/Desktop/nda-project/refactor-app-microfrontends/src/proposal-header/components/Header/Header.js">
        <metrics statements="5" coveredstatements="5" conditionals="0" coveredconditionals="0" methods="1" coveredmethods="1"/>
        <line num="8" count="1" type="stmt"/>
        <line num="9" count="1" type="stmt"/>
        <line num="10" count="1" type="stmt"/>
        <line num="12" count="1" type="stmt"/>
        <line num="32" count="1" type="stmt"/>
      </file>
      <file name="HeaderStyle.js" path="/Users/luismiguelmendes/Desktop/nda-project/refactor-app-microfrontends/src/proposal-header/components/Header/HeaderStyle.js">
        <metrics statements="1" coveredstatements="1" conditionals="0" coveredconditionals="0" methods="1" coveredmethods="1"/>
        <line num="3" count="1" type="stmt"/>
      </file>
    </package>
    <package name="proposal-header.components.InputField">
      <metrics statements="8" coveredstatements="5" conditionals="4" coveredconditionals="1" methods="1" coveredmethods="1"/>
      <file name="InputField.js" path="/Users/luismiguelmendes/Desktop/nda-project/refactor-app-microfrontends/src/proposal-header/components/InputField/InputField.js">
        <metrics statements="8" coveredstatements="5" conditionals="4" coveredconditionals="1" methods="1" coveredmethods="1"/>
        <line num="5" count="1" type="stmt"/>
        <line num="6" count="4" type="stmt"/>
        <line num="7" count="4" type="cond" truecount="1" falsecount="3"/>
        <line num="9" count="0" type="stmt"/>
        <line num="11" count="0" type="stmt"/>
        <line num="13" count="0" type="stmt"/>
        <line num="15" count="4" type="stmt"/>
        <line num="19" count="1" type="stmt"/>
      </file>
      <file name="index.js" path="/Users/luismiguelmendes/Desktop/nda-project/refactor-app-microfrontends/src/proposal-header/components/InputField/index.js">
        <metrics statements="0" coveredstatements="0" conditionals="0" coveredconditionals="0" methods="0" coveredmethods="0"/>
      </file>
    </package>
    <package name="proposal-header.components.InputField.components">
      <metrics statements="42" coveredstatements="42" conditionals="8" coveredconditionals="8" methods="13" coveredmethods="13"/>
      <file name="DateInput.js" path="/Users/luismiguelmendes/Desktop/nda-project/refactor-app-microfrontends/src/proposal-header/components/InputField/components/DateInput.js">
        <metrics statements="10" coveredstatements="10" conditionals="2" coveredconditionals="2" methods="3" coveredmethods="3"/>
        <line num="8" count="2" type="stmt"/>
        <line num="9" count="4" type="stmt"/>
        <line num="10" count="4" type="stmt"/>
        <line num="11" count="4" type="stmt"/>
        <line num="13" count="4" type="stmt"/>
        <line num="14" count="1" type="stmt"/>
        <line num="17" count="4" type="stmt"/>
        <line num="18" count="2" type="stmt"/>
        <line num="21" count="4" type="stmt"/>
        <line num="39" count="2" type="stmt"/>
      </file>
      <file name="SelectInput.js" path="/Users/luismiguelmendes/Desktop/nda-project/refactor-app-microfrontends/src/proposal-header/components/InputField/components/SelectInput.js">
        <metrics statements="11" coveredstatements="11" conditionals="2" coveredconditionals="2" methods="4" coveredmethods="4"/>
        <line num="8" count="2" type="stmt"/>
        <line num="9" count="4" type="stmt"/>
        <line num="10" count="4" type="stmt"/>
        <line num="11" count="4" type="stmt"/>
        <line num="13" count="4" type="stmt"/>
        <line num="14" count="1" type="stmt"/>
        <line num="17" count="4" type="stmt"/>
        <line num="18" count="2" type="stmt"/>
        <line num="21" count="4" type="stmt"/>
        <line num="36" count="16" type="stmt"/>
        <line num="44" count="2" type="stmt"/>
      </file>
      <file name="SwitchInput.js" path="/Users/luismiguelmendes/Desktop/nda-project/refactor-app-microfrontends/src/proposal-header/components/InputField/components/SwitchInput.js">
        <metrics statements="11" coveredstatements="11" conditionals="2" coveredconditionals="2" methods="3" coveredmethods="3"/>
        <line num="9" count="2" type="stmt"/>
        <line num="10" count="4" type="stmt"/>
        <line num="11" count="4" type="stmt"/>
        <line num="12" count="4" type="stmt"/>
        <line num="14" count="4" type="stmt"/>
        <line num="15" count="1" type="stmt"/>
        <line num="16" count="1" type="stmt"/>
        <line num="19" count="4" type="stmt"/>
        <line num="20" count="2" type="stmt"/>
        <line num="23" count="4" type="stmt"/>
        <line num="41" count="2" type="stmt"/>
      </file>
      <file name="TextInput.js" path="/Users/luismiguelmendes/Desktop/nda-project/refactor-app-microfrontends/src/proposal-header/components/InputField/components/TextInput.js">
        <metrics statements="10" coveredstatements="10" conditionals="2" coveredconditionals="2" methods="3" coveredmethods="3"/>
        <line num="8" count="2" type="stmt"/>
        <line num="9" count="10" type="stmt"/>
        <line num="10" count="10" type="stmt"/>
        <line num="11" count="10" type="stmt"/>
        <line num="13" count="10" type="stmt"/>
        <line num="14" count="1" type="stmt"/>
        <line num="17" count="10" type="stmt"/>
        <line num="18" count="4" type="stmt"/>
        <line num="21" count="10" type="stmt"/>
        <line num="36" count="2" type="stmt"/>
      </file>
      <file name="index.js" path="/Users/luismiguelmendes/Desktop/nda-project/refactor-app-microfrontends/src/proposal-header/components/InputField/components/index.js">
        <metrics statements="0" coveredstatements="0" conditionals="0" coveredconditionals="0" methods="0" coveredmethods="0"/>
      </file>
    </package>
    <package name="proposal-header.components.Section">
      <metrics statements="10" coveredstatements="10" conditionals="0" coveredconditionals="0" methods="5" coveredmethods="5"/>
      <file name="Section.js" path="/Users/luismiguelmendes/Desktop/nda-project/refactor-app-microfrontends/src/proposal-header/components/Section/Section.js">
        <metrics statements="9" coveredstatements="9" conditionals="0" coveredconditionals="0" methods="4" coveredmethods="4"/>
        <line num="15" count="1" type="stmt"/>
        <line num="16" count="2" type="stmt"/>
        <line num="17" count="2" type="stmt"/>
        <line num="18" count="2" type="stmt"/>
        <line num="20" count="2" type="stmt"/>
        <line num="21" count="1" type="stmt"/>
        <line num="24" count="2" type="stmt"/>
        <line num="45" count="4" type="stmt"/>
        <line num="63" count="1" type="stmt"/>
      </file>
      <file name="SectionStyle.js" path="/Users/luismiguelmendes/Desktop/nda-project/refactor-app-microfrontends/src/proposal-header/components/Section/SectionStyle.js">
        <metrics statements="1" coveredstatements="1" conditionals="0" coveredconditionals="0" methods="1" coveredmethods="1"/>
        <line num="3" count="1" type="stmt"/>
      </file>
    </package>
    <package name="proposal-header.components.Sidebar">
      <metrics statements="6" coveredstatements="6" conditionals="0" coveredconditionals="0" methods="2" coveredmethods="2"/>
      <file name="Sidebar.js" path="/Users/luismiguelmendes/Desktop/nda-project/refactor-app-microfrontends/src/proposal-header/components/Sidebar/Sidebar.js">
        <metrics statements="5" coveredstatements="5" conditionals="0" coveredconditionals="0" methods="1" coveredmethods="1"/>
        <line num="9" count="1" type="stmt"/>
        <line num="10" count="1" type="stmt"/>
        <line num="11" count="1" type="stmt"/>
        <line num="13" count="1" type="stmt"/>
        <line num="28" count="1" type="stmt"/>
      </file>
      <file name="SidebarStyle.js" path="/Users/luismiguelmendes/Desktop/nda-project/refactor-app-microfrontends/src/proposal-header/components/Sidebar/SidebarStyle.js">
        <metrics statements="1" coveredstatements="1" conditionals="0" coveredconditionals="0" methods="1" coveredmethods="1"/>
        <line num="3" count="1" type="stmt"/>
      </file>
    </package>
    <package name="proposal-header.components.Sidebar.components">
      <metrics statements="0" coveredstatements="0" conditionals="0" coveredconditionals="0" methods="0" coveredmethods="0"/>
      <file name="index.js" path="/Users/luismiguelmendes/Desktop/nda-project/refactor-app-microfrontends/src/proposal-header/components/Sidebar/components/index.js">
        <metrics statements="0" coveredstatements="0" conditionals="0" coveredconditionals="0" methods="0" coveredmethods="0"/>
      </file>
    </package>
    <package name="proposal-header.components.Sidebar.components.Profile">
      <metrics statements="5" coveredstatements="5" conditionals="0" coveredconditionals="0" methods="2" coveredmethods="2"/>
      <file name="Profile.js" path="/Users/luismiguelmendes/Desktop/nda-project/refactor-app-microfrontends/src/proposal-header/components/Sidebar/components/Profile/Profile.js">
        <metrics statements="4" coveredstatements="4" conditionals="0" coveredconditionals="0" methods="1" coveredmethods="1"/>
        <line num="6" count="2" type="stmt"/>
        <line num="7" count="2" type="stmt"/>
        <line num="9" count="2" type="stmt"/>
        <line num="15" count="2" type="stmt"/>
      </file>
      <file name="ProfileStyle.js" path="/Users/luismiguelmendes/Desktop/nda-project/refactor-app-microfrontends/src/proposal-header/components/Sidebar/components/Profile/ProfileStyle.js">
        <metrics statements="1" coveredstatements="1" conditionals="0" coveredconditionals="0" methods="1" coveredmethods="1"/>
        <line num="3" count="2" type="stmt"/>
      </file>
      <file name="index.js" path="/Users/luismiguelmendes/Desktop/nda-project/refactor-app-microfrontends/src/proposal-header/components/Sidebar/components/Profile/index.js">
        <metrics statements="0" coveredstatements="0" conditionals="0" coveredconditionals="0" methods="0" coveredmethods="0"/>
      </file>
    </package>
    <package name="proposal-header.components.Sidebar.components.SidebarNav">
      <metrics statements="5" coveredstatements="5" conditionals="0" coveredconditionals="0" methods="3" coveredmethods="3"/>
      <file name="SidebarNav.js" path="/Users/luismiguelmendes/Desktop/nda-project/refactor-app-microfrontends/src/proposal-header/components/Sidebar/components/SidebarNav/SidebarNav.js">
        <metrics statements="4" coveredstatements="4" conditionals="0" coveredconditionals="0" methods="2" coveredmethods="2"/>
        <line num="9" count="2" type="stmt"/>
        <line num="10" count="2" type="stmt"/>
        <line num="12" count="2" type="stmt"/>
        <line num="15" count="6" type="stmt"/>
      </file>
      <file name="SidebarNavStyle.js" path="/Users/luismiguelmendes/Desktop/nda-project/refactor-app-microfrontends/src/proposal-header/components/Sidebar/components/SidebarNav/SidebarNavStyle.js">
        <metrics statements="1" coveredstatements="1" conditionals="0" coveredconditionals="0" methods="1" coveredmethods="1"/>
        <line num="4" count="2" type="stmt"/>
      </file>
      <file name="index.js" path="/Users/luismiguelmendes/Desktop/nda-project/refactor-app-microfrontends/src/proposal-header/components/Sidebar/components/SidebarNav/index.js">
        <metrics statements="0" coveredstatements="0" conditionals="0" coveredconditionals="0" methods="0" coveredmethods="0"/>
      </file>
    </package>
    <package name="proposal-header.components.Sidebar.components.SidebarNav.components">
      <metrics statements="18" coveredstatements="15" conditionals="8" coveredconditionals="6" methods="9" coveredmethods="6"/>
      <file name="NavbarItem.js" path="/Users/luismiguelmendes/Desktop/nda-project/refactor-app-microfrontends/src/proposal-header/components/Sidebar/components/SidebarNav/components/NavbarItem.js">
        <metrics statements="17" coveredstatements="14" conditionals="8" coveredconditionals="6" methods="8" coveredmethods="5"/>
        <line num="9" count="21" type="stmt"/>
        <line num="11" count="3" type="stmt"/>
        <line num="12" count="14" type="stmt"/>
        <line num="13" count="14" type="stmt"/>
        <line num="14" count="14" type="stmt"/>
        <line num="16" count="14" type="stmt"/>
        <line num="17" count="1" type="stmt"/>
        <line num="20" count="14" type="stmt"/>
        <line num="21" count="0" type="stmt"/>
        <line num="24" count="14" type="stmt"/>
        <line num="25" count="14" type="cond" truecount="2" falsecount="0"/>
        <line num="26" count="7" type="stmt"/>
        <line num="53" count="14" type="stmt"/>
        <line num="63" count="0" type="stmt"/>
        <line num="73" count="7" type="stmt"/>
        <line num="85" count="0" type="stmt"/>
        <line num="93" count="14" type="stmt"/>
      </file>
      <file name="NavbarItemStyle.js" path="/Users/luismiguelmendes/Desktop/nda-project/refactor-app-microfrontends/src/proposal-header/components/Sidebar/components/SidebarNav/components/NavbarItemStyle.js">
        <metrics statements="1" coveredstatements="1" conditionals="0" coveredconditionals="0" methods="1" coveredmethods="1"/>
        <line num="3" count="9" type="stmt"/>
      </file>
      <file name="index.js" path="/Users/luismiguelmendes/Desktop/nda-project/refactor-app-microfrontends/src/proposal-header/components/Sidebar/components/SidebarNav/components/index.js">
        <metrics statements="0" coveredstatements="0" conditionals="0" coveredconditionals="0" methods="0" coveredmethods="0"/>
      </file>
    </package>
    <package name="proposal-header.components.StepperChevron">
      <metrics statements="8" coveredstatements="8" conditionals="0" coveredconditionals="0" methods="4" coveredmethods="4"/>
      <file name="StepperChevron.js" path="/Users/luismiguelmendes/Desktop/nda-project/refactor-app-microfrontends/src/proposal-header/components/StepperChevron/StepperChevron.js">
        <metrics statements="8" coveredstatements="8" conditionals="0" coveredconditionals="0" methods="4" coveredmethods="4"/>
        <line num="13" count="1" type="stmt"/>
        <line num="35" count="1" type="stmt"/>
        <line num="36" count="1" type="stmt"/>
        <line num="37" count="1" type="stmt"/>
        <line num="39" count="1" type="stmt"/>
        <line num="46" count="8" type="stmt"/>
        <line num="50" count="8" type="stmt"/>
        <line num="60" count="1" type="stmt"/>
      </file>
      <file name="StepperChevronStyle.js" path="/Users/luismiguelmendes/Desktop/nda-project/refactor-app-microfrontends/src/proposal-header/components/StepperChevron/StepperChevronStyle.js">
        <metrics statements="0" coveredstatements="0" conditionals="0" coveredconditionals="0" methods="0" coveredmethods="0"/>
      </file>
    </package>
    <package name="proposal-header.components.StepperChevron.components">
      <metrics statements="0" coveredstatements="0" conditionals="0" coveredconditionals="0" methods="0" coveredmethods="0"/>
      <file name="index.js" path="/Users/luismiguelmendes/Desktop/nda-project/refactor-app-microfrontends/src/proposal-header/components/StepperChevron/components/index.js">
        <metrics statements="0" coveredstatements="0" conditionals="0" coveredconditionals="0" methods="0" coveredmethods="0"/>
      </file>
    </package>
    <package name="proposal-header.components.StepperChevron.components.StepIcon">
      <metrics statements="7" coveredstatements="7" conditionals="2" coveredconditionals="2" methods="2" coveredmethods="2"/>
      <file name="StepIcon.js" path="/Users/luismiguelmendes/Desktop/nda-project/refactor-app-microfrontends/src/proposal-header/components/StepperChevron/components/StepIcon/StepIcon.js">
        <metrics statements="6" coveredstatements="6" conditionals="2" coveredconditionals="2" methods="1" coveredmethods="1"/>
        <line num="8" count="2" type="stmt"/>
        <line num="9" count="11" type="stmt"/>
        <line num="10" count="11" type="stmt"/>
        <line num="11" count="11" type="stmt"/>
        <line num="13" count="11" type="stmt"/>
        <line num="25" count="2" type="stmt"/>
      </file>
      <file name="StepIconStyle.js" path="/Users/luismiguelmendes/Desktop/nda-project/refactor-app-microfrontends/src/proposal-header/components/StepperChevron/components/StepIcon/StepIconStyle.js">
        <metrics statements="1" coveredstatements="1" conditionals="0" coveredconditionals="0" methods="1" coveredmethods="1"/>
        <line num="3" count="4" type="stmt"/>
      </file>
      <file name="index.js" path="/Users/luismiguelmendes/Desktop/nda-project/refactor-app-microfrontends/src/proposal-header/components/StepperChevron/components/StepIcon/index.js">
        <metrics statements="0" coveredstatements="0" conditionals="0" coveredconditionals="0" methods="0" coveredmethods="0"/>
      </file>
    </package>
    <package name="proposal-header.components.Topbar">
      <metrics statements="8" coveredstatements="7" conditionals="0" coveredconditionals="0" methods="3" coveredmethods="2"/>
      <file name="Topbar.js" path="/Users/luismiguelmendes/Desktop/nda-project/refactor-app-microfrontends/src/proposal-header/components/Topbar/Topbar.js">
        <metrics statements="7" coveredstatements="6" conditionals="0" coveredconditionals="0" methods="2" coveredmethods="1"/>
        <line num="19" count="1" type="stmt"/>
        <line num="20" count="1" type="stmt"/>
        <line num="21" count="1" type="stmt"/>
        <line num="22" count="1" type="stmt"/>
        <line num="24" count="1" type="stmt"/>
        <line num="30" count="0" type="stmt"/>
        <line num="63" count="1" type="stmt"/>
      </file>
      <file name="TopbarStyle.js" path="/Users/luismiguelmendes/Desktop/nda-project/refactor-app-microfrontends/src/proposal-header/components/Topbar/TopbarStyle.js">
        <metrics statements="1" coveredstatements="1" conditionals="0" coveredconditionals="0" methods="1" coveredmethods="1"/>
        <line num="3" count="1" type="stmt"/>
      </file>
    </package>
    <package name="proposal-header.store">
      <metrics statements="33" coveredstatements="33" conditionals="2" coveredconditionals="1" methods="7" coveredmethods="7"/>
      <file name="actionTypes.js" path="/Users/luismiguelmendes/Desktop/nda-project/refactor-app-microfrontends/src/proposal-header/store/actionTypes.js">
        <metrics statements="13" coveredstatements="13" conditionals="0" coveredconditionals="0" methods="0" coveredmethods="0"/>
        <line num="1" count="6" type="stmt"/>
        <line num="2" count="6" type="stmt"/>
        <line num="3" count="6" type="stmt"/>
        <line num="4" count="6" type="stmt"/>
        <line num="5" count="6" type="stmt"/>
        <line num="6" count="6" type="stmt"/>
        <line num="8" count="6" type="stmt"/>
        <line num="9" count="6" type="stmt"/>
        <line num="10" count="6" type="stmt"/>
        <line num="12" count="6" type="stmt"/>
        <line num="14" count="6" type="stmt"/>
        <line num="15" count="6" type="stmt"/>
        <line num="16" count="6" type="stmt"/>
      </file>
      <file name="index.js" path="/Users/luismiguelmendes/Desktop/nda-project/refactor-app-microfrontends/src/proposal-header/store/index.js">
        <metrics statements="0" coveredstatements="0" conditionals="0" coveredconditionals="0" methods="0" coveredmethods="0"/>
      </file>
      <file name="store.js" path="/Users/luismiguelmendes/Desktop/nda-project/refactor-app-microfrontends/src/proposal-header/store/store.js">
        <metrics statements="20" coveredstatements="20" conditionals="2" coveredconditionals="1" methods="7" coveredmethods="7"/>
        <line num="3" count="7" type="stmt"/>
        <line num="4" count="7" type="stmt"/>
        <line num="5" count="7" type="stmt"/>
        <line num="7" count="7" type="stmt"/>
        <line num="8" count="29" type="stmt"/>
        <line num="10" count="29" type="stmt"/>
        <line num="11" count="13" type="stmt"/>
        <line num="12" count="13" type="stmt"/>
        <line num="13" count="13" type="stmt"/>
        <line num="14" count="13" type="stmt"/>
        <line num="15" count="14" type="stmt"/>
        <line num="19" count="29" type="stmt"/>
        <line num="20" count="8" type="stmt"/>
        <line num="21" count="8" type="stmt"/>
        <line num="22" count="9" type="stmt"/>
        <line num="26" count="29" type="stmt"/>
        <line num="29" count="7" type="stmt"/>
        <line num="30" count="7" type="cond" truecount="1" falsecount="1"/>
        <line num="31" count="7" type="stmt"/>
        <line num="33" count="7" type="stmt"/>
      </file>
    </package>
    <package name="proposal-header.store.actions">
      <metrics statements="17" coveredstatements="9" conditionals="2" coveredconditionals="2" methods="7" coveredmethods="3"/>
      <file name="header.js" path="/Users/luismiguelmendes/Desktop/nda-project/refactor-app-microfrontends/src/proposal-header/store/actions/header.js">
        <metrics statements="17" coveredstatements="9" conditionals="2" coveredconditionals="2" methods="7" coveredmethods="3"/>
        <line num="1" count="7" type="stmt"/>
        <line num="2" count="13" type="stmt"/>
        <line num="3" count="13" type="stmt"/>
        <line num="7" count="13" type="stmt"/>
        <line num="10" count="7" type="stmt"/>
        <line num="12" count="0" type="stmt"/>
        <line num="13" count="0" type="stmt"/>
        <line num="15" count="0" type="stmt"/>
        <line num="18" count="0" type="stmt"/>
        <line num="19" count="0" type="stmt"/>
        <line num="20" count="0" type="stmt"/>
        <line num="21" count="0" type="stmt"/>
        <line num="26" count="0" type="stmt"/>
        <line num="29" count="3" type="cond" truecount="2" falsecount="0"/>
        <line num="30" count="2" type="stmt"/>
        <line num="32" count="3" type="stmt"/>
        <line num="35" count="10" type="stmt"/>
      </file>
    </package>
    <package name="proposal-header.store.stores">
      <metrics statements="2" coveredstatements="2" conditionals="0" coveredconditionals="0" methods="1" coveredmethods="1"/>
      <file name="index.js" path="/Users/luismiguelmendes/Desktop/nda-project/refactor-app-microfrontends/src/proposal-header/store/stores/index.js">
        <metrics statements="0" coveredstatements="0" conditionals="0" coveredconditionals="0" methods="0" coveredmethods="0"/>
      </file>
      <file name="proposalStore.js" path="/Users/luismiguelmendes/Desktop/nda-project/refactor-app-microfrontends/src/proposal-header/store/stores/proposalStore.js">
        <metrics statements="2" coveredstatements="2" conditionals="0" coveredconditionals="0" methods="1" coveredmethods="1"/>
        <line num="4" count="7" type="stmt"/>
        <line num="5" count="7" type="stmt"/>
      </file>
    </package>
    <package name="proposal-header.theme">
      <metrics statements="3" coveredstatements="3" conditionals="0" coveredconditionals="0" methods="0" coveredmethods="0"/>
      <file name="index.js" path="/Users/luismiguelmendes/Desktop/nda-project/refactor-app-microfrontends/src/proposal-header/theme/index.js">
        <metrics statements="1" coveredstatements="1" conditionals="0" coveredconditionals="0" methods="0" coveredmethods="0"/>
        <line num="7" count="14" type="stmt"/>
      </file>
      <file name="palette.js" path="/Users/luismiguelmendes/Desktop/nda-project/refactor-app-microfrontends/src/proposal-header/theme/palette.js">
        <metrics statements="2" coveredstatements="2" conditionals="0" coveredconditionals="0" methods="0" coveredmethods="0"/>
        <line num="3" count="14" type="stmt"/>
        <line num="4" count="14" type="stmt"/>
      </file>
      <file name="typography.js" path="/Users/luismiguelmendes/Desktop/nda-project/refactor-app-microfrontends/src/proposal-header/theme/typography.js">
        <metrics statements="0" coveredstatements="0" conditionals="0" coveredconditionals="0" methods="0" coveredmethods="0"/>
      </file>
    </package>
    <package name="proposal-header.theme.overrides">
      <metrics statements="0" coveredstatements="0" conditionals="0" coveredconditionals="0" methods="0" coveredmethods="0"/>
      <file name="MuiAppBar.js" path="/Users/luismiguelmendes/Desktop/nda-project/refactor-app-microfrontends/src/proposal-header/theme/overrides/MuiAppBar.js">
        <metrics statements="0" coveredstatements="0" conditionals="0" coveredconditionals="0" methods="0" coveredmethods="0"/>
      </file>
      <file name="MuiButton.js" path="/Users/luismiguelmendes/Desktop/nda-project/refactor-app-microfrontends/src/proposal-header/theme/overrides/MuiButton.js">
        <metrics statements="0" coveredstatements="0" conditionals="0" coveredconditionals="0" methods="0" coveredmethods="0"/>
      </file>
      <file name="MuiCheckbox.js" path="/Users/luismiguelmendes/Desktop/nda-project/refactor-app-microfrontends/src/proposal-header/theme/overrides/MuiCheckbox.js">
        <metrics statements="0" coveredstatements="0" conditionals="0" coveredconditionals="0" methods="0" coveredmethods="0"/>
      </file>
      <file name="MuiExpansionPanelSummary.js" path="/Users/luismiguelmendes/Desktop/nda-project/refactor-app-microfrontends/src/proposal-header/theme/overrides/MuiExpansionPanelSummary.js">
        <metrics statements="0" coveredstatements="0" conditionals="0" coveredconditionals="0" methods="0" coveredmethods="0"/>
      </file>
      <file name="MuiIconButton.js" path="/Users/luismiguelmendes/Desktop/nda-project/refactor-app-microfrontends/src/proposal-header/theme/overrides/MuiIconButton.js">
        <metrics statements="0" coveredstatements="0" conditionals="0" coveredconditionals="0" methods="0" coveredmethods="0"/>
      </file>
      <file name="MuiInputBase.js" path="/Users/luismiguelmendes/Desktop/nda-project/refactor-app-microfrontends/src/proposal-header/theme/overrides/MuiInputBase.js">
        <metrics statements="0" coveredstatements="0" conditionals="0" coveredconditionals="0" methods="0" coveredmethods="0"/>
      </file>
      <file name="MuiOutlinedInput.js" path="/Users/luismiguelmendes/Desktop/nda-project/refactor-app-microfrontends/src/proposal-header/theme/overrides/MuiOutlinedInput.js">
        <metrics statements="0" coveredstatements="0" conditionals="0" coveredconditionals="0" methods="0" coveredmethods="0"/>
      </file>
      <file name="MuiPaper.js" path="/Users/luismiguelmendes/Desktop/nda-project/refactor-app-microfrontends/src/proposal-header/theme/overrides/MuiPaper.js">
        <metrics statements="0" coveredstatements="0" conditionals="0" coveredconditionals="0" methods="0" coveredmethods="0"/>
      </file>
      <file name="MuiSwitch.js" path="/Users/luismiguelmendes/Desktop/nda-project/refactor-app-microfrontends/src/proposal-header/theme/overrides/MuiSwitch.js">
        <metrics statements="0" coveredstatements="0" conditionals="0" coveredconditionals="0" methods="0" coveredmethods="0"/>
      </file>
      <file name="MuiTab.js" path="/Users/luismiguelmendes/Desktop/nda-project/refactor-app-microfrontends/src/proposal-header/theme/overrides/MuiTab.js">
        <metrics statements="0" coveredstatements="0" conditionals="0" coveredconditionals="0" methods="0" coveredmethods="0"/>
      </file>
      <file name="MuiTableCell.js" path="/Users/luismiguelmendes/Desktop/nda-project/refactor-app-microfrontends/src/proposal-header/theme/overrides/MuiTableCell.js">
        <metrics statements="0" coveredstatements="0" conditionals="0" coveredconditionals="0" methods="0" coveredmethods="0"/>
      </file>
      <file name="MuiTableHead.js" path="/Users/luismiguelmendes/Desktop/nda-project/refactor-app-microfrontends/src/proposal-header/theme/overrides/MuiTableHead.js">
        <metrics statements="0" coveredstatements="0" conditionals="0" coveredconditionals="0" methods="0" coveredmethods="0"/>
      </file>
      <file name="MuiTabs.js" path="/Users/luismiguelmendes/Desktop/nda-project/refactor-app-microfrontends/src/proposal-header/theme/overrides/MuiTabs.js">
        <metrics statements="0" coveredstatements="0" conditionals="0" coveredconditionals="0" methods="0" coveredmethods="0"/>
      </file>
      <file name="MuiTextField.js" path="/Users/luismiguelmendes/Desktop/nda-project/refactor-app-microfrontends/src/proposal-header/theme/overrides/MuiTextField.js">
        <metrics statements="0" coveredstatements="0" conditionals="0" coveredconditionals="0" methods="0" coveredmethods="0"/>
      </file>
      <file name="MuiTypography.js" path="/Users/luismiguelmendes/Desktop/nda-project/refactor-app-microfrontends/src/proposal-header/theme/overrides/MuiTypography.js">
        <metrics statements="0" coveredstatements="0" conditionals="0" coveredconditionals="0" methods="0" coveredmethods="0"/>
      </file>
      <file name="index.js" path="/Users/luismiguelmendes/Desktop/nda-project/refactor-app-microfrontends/src/proposal-header/theme/overrides/index.js">
        <metrics statements="0" coveredstatements="0" conditionals="0" coveredconditionals="0" methods="0" coveredmethods="0"/>
      </file>
    </package>
    <package name="proposals.admin">
      <metrics statements="0" coveredstatements="0" conditionals="0" coveredconditionals="0" methods="0" coveredmethods="0"/>
      <file name="index.js" path="/Users/luismiguelmendes/Desktop/nda-project/refactor-app-microfrontends/src/proposals/admin/index.js">
        <metrics statements="0" coveredstatements="0" conditionals="0" coveredconditionals="0" methods="0" coveredmethods="0"/>
      </file>
      <file name="navPages.js" path="/Users/luismiguelmendes/Desktop/nda-project/refactor-app-microfrontends/src/proposals/admin/navPages.js">
        <metrics statements="0" coveredstatements="0" conditionals="0" coveredconditionals="0" methods="0" coveredmethods="0"/>
      </file>
      <file name="tabHeaders.js" path="/Users/luismiguelmendes/Desktop/nda-project/refactor-app-microfrontends/src/proposals/admin/tabHeaders.js">
        <metrics statements="0" coveredstatements="0" conditionals="0" coveredconditionals="0" methods="0" coveredmethods="0"/>
      </file>
      <file name="tableColumns.js" path="/Users/luismiguelmendes/Desktop/nda-project/refactor-app-microfrontends/src/proposals/admin/tableColumns.js">
        <metrics statements="0" coveredstatements="0" conditionals="0" coveredconditionals="0" methods="0" coveredmethods="0"/>
      </file>
    </package>
    <package name="proposals.components">
      <metrics statements="0" coveredstatements="0" conditionals="0" coveredconditionals="0" methods="0" coveredmethods="0"/>
      <file name="index.js" path="/Users/luismiguelmendes/Desktop/nda-project/refactor-app-microfrontends/src/proposals/components/index.js">
        <metrics statements="0" coveredstatements="0" conditionals="0" coveredconditionals="0" methods="0" coveredmethods="0"/>
      </file>
    </package>
    <package name="proposals.components.Header">
      <metrics statements="7" coveredstatements="6" conditionals="0" coveredconditionals="0" methods="3" coveredmethods="2"/>
      <file name="Header.js" path="/Users/luismiguelmendes/Desktop/nda-project/refactor-app-microfrontends/src/proposals/components/Header/Header.js">
        <metrics statements="6" coveredstatements="5" conditionals="0" coveredconditionals="0" methods="2" coveredmethods="1"/>
        <line num="10" count="2" type="stmt"/>
        <line num="11" count="2" type="stmt"/>
        <line num="13" count="2" type="stmt"/>
        <line num="14" count="0" type="stmt"/>
        <line num="17" count="2" type="stmt"/>
        <line num="47" count="2" type="stmt"/>
      </file>
      <file name="HeaderStyle.js" path="/Users/luismiguelmendes/Desktop/nda-project/refactor-app-microfrontends/src/proposals/components/Header/HeaderStyle.js">
        <metrics statements="1" coveredstatements="1" conditionals="0" coveredconditionals="0" methods="1" coveredmethods="1"/>
        <line num="3" count="2" type="stmt"/>
      </file>
      <file name="index.js" path="/Users/luismiguelmendes/Desktop/nda-project/refactor-app-microfrontends/src/proposals/components/Header/index.js">
        <metrics statements="0" coveredstatements="0" conditionals="0" coveredconditionals="0" methods="0" coveredmethods="0"/>
      </file>
    </package>
    <package name="proposals.components.SearchInput">
      <metrics statements="10" coveredstatements="10" conditionals="0" coveredconditionals="0" methods="3" coveredmethods="3"/>
      <file name="SearchInput.js" path="/Users/luismiguelmendes/Desktop/nda-project/refactor-app-microfrontends/src/proposals/components/SearchInput/SearchInput.js">
        <metrics statements="9" coveredstatements="9" conditionals="0" coveredconditionals="0" methods="2" coveredmethods="2"/>
        <line num="8" count="3" type="stmt"/>
        <line num="9" count="7" type="stmt"/>
        <line num="10" count="7" type="stmt"/>
        <line num="11" count="7" type="stmt"/>
        <line num="13" count="7" type="stmt"/>
        <line num="14" count="1" type="stmt"/>
        <line num="15" count="1" type="stmt"/>
        <line num="17" count="7" type="stmt"/>
        <line num="36" count="3" type="stmt"/>
      </file>
      <file name="SearchInputStyle.js" path="/Users/luismiguelmendes/Desktop/nda-project/refactor-app-microfrontends/src/proposals/components/SearchInput/SearchInputStyle.js">
        <metrics statements="1" coveredstatements="1" conditionals="0" coveredconditionals="0" methods="1" coveredmethods="1"/>
        <line num="3" count="3" type="stmt"/>
      </file>
      <file name="index.js" path="/Users/luismiguelmendes/Desktop/nda-project/refactor-app-microfrontends/src/proposals/components/SearchInput/index.js">
        <metrics statements="0" coveredstatements="0" conditionals="0" coveredconditionals="0" methods="0" coveredmethods="0"/>
      </file>
    </package>
    <package name="proposals.components.Sidebar">
      <metrics statements="6" coveredstatements="6" conditionals="0" coveredconditionals="0" methods="2" coveredmethods="2"/>
      <file name="Sidebar.js" path="/Users/luismiguelmendes/Desktop/nda-project/refactor-app-microfrontends/src/proposals/components/Sidebar/Sidebar.js">
        <metrics statements="5" coveredstatements="5" conditionals="0" coveredconditionals="0" methods="1" coveredmethods="1"/>
        <line num="9" count="2" type="stmt"/>
        <line num="10" count="2" type="stmt"/>
        <line num="11" count="2" type="stmt"/>
        <line num="13" count="2" type="stmt"/>
        <line num="28" count="2" type="stmt"/>
      </file>
      <file name="SidebarStyle.js" path="/Users/luismiguelmendes/Desktop/nda-project/refactor-app-microfrontends/src/proposals/components/Sidebar/SidebarStyle.js">
        <metrics statements="1" coveredstatements="1" conditionals="0" coveredconditionals="0" methods="1" coveredmethods="1"/>
        <line num="3" count="2" type="stmt"/>
      </file>
      <file name="index.js" path="/Users/luismiguelmendes/Desktop/nda-project/refactor-app-microfrontends/src/proposals/components/Sidebar/index.js">
        <metrics statements="0" coveredstatements="0" conditionals="0" coveredconditionals="0" methods="0" coveredmethods="0"/>
      </file>
    </package>
    <package name="proposals.components.Sidebar.components">
      <metrics statements="0" coveredstatements="0" conditionals="0" coveredconditionals="0" methods="0" coveredmethods="0"/>
      <file name="index.js" path="/Users/luismiguelmendes/Desktop/nda-project/refactor-app-microfrontends/src/proposals/components/Sidebar/components/index.js">
        <metrics statements="0" coveredstatements="0" conditionals="0" coveredconditionals="0" methods="0" coveredmethods="0"/>
      </file>
    </package>
    <package name="proposals.components.Sidebar.components.Profile">
      <metrics statements="5" coveredstatements="5" conditionals="0" coveredconditionals="0" methods="2" coveredmethods="2"/>
      <file name="Profile.js" path="/Users/luismiguelmendes/Desktop/nda-project/refactor-app-microfrontends/src/proposals/components/Sidebar/components/Profile/Profile.js">
        <metrics statements="4" coveredstatements="4" conditionals="0" coveredconditionals="0" methods="1" coveredmethods="1"/>
        <line num="6" count="3" type="stmt"/>
        <line num="7" count="3" type="stmt"/>
        <line num="9" count="3" type="stmt"/>
        <line num="15" count="3" type="stmt"/>
      </file>
      <file name="ProfileStyle.js" path="/Users/luismiguelmendes/Desktop/nda-project/refactor-app-microfrontends/src/proposals/components/Sidebar/components/Profile/ProfileStyle.js">
        <metrics statements="1" coveredstatements="1" conditionals="0" coveredconditionals="0" methods="1" coveredmethods="1"/>
        <line num="3" count="3" type="stmt"/>
      </file>
      <file name="index.js" path="/Users/luismiguelmendes/Desktop/nda-project/refactor-app-microfrontends/src/proposals/components/Sidebar/components/Profile/index.js">
        <metrics statements="0" coveredstatements="0" conditionals="0" coveredconditionals="0" methods="0" coveredmethods="0"/>
      </file>
    </package>
    <package name="proposals.components.Sidebar.components.SidebarNav">
      <metrics statements="5" coveredstatements="5" conditionals="0" coveredconditionals="0" methods="3" coveredmethods="3"/>
      <file name="SidebarNav.js" path="/Users/luismiguelmendes/Desktop/nda-project/refactor-app-microfrontends/src/proposals/components/Sidebar/components/SidebarNav/SidebarNav.js">
        <metrics statements="4" coveredstatements="4" conditionals="0" coveredconditionals="0" methods="2" coveredmethods="2"/>
        <line num="9" count="3" type="stmt"/>
        <line num="10" count="3" type="stmt"/>
        <line num="12" count="3" type="stmt"/>
        <line num="15" count="9" type="stmt"/>
      </file>
      <file name="SidebarNavStyle.js" path="/Users/luismiguelmendes/Desktop/nda-project/refactor-app-microfrontends/src/proposals/components/Sidebar/components/SidebarNav/SidebarNavStyle.js">
        <metrics statements="1" coveredstatements="1" conditionals="0" coveredconditionals="0" methods="1" coveredmethods="1"/>
        <line num="4" count="3" type="stmt"/>
      </file>
      <file name="index.js" path="/Users/luismiguelmendes/Desktop/nda-project/refactor-app-microfrontends/src/proposals/components/Sidebar/components/SidebarNav/index.js">
        <metrics statements="0" coveredstatements="0" conditionals="0" coveredconditionals="0" methods="0" coveredmethods="0"/>
      </file>
    </package>
    <package name="proposals.components.Sidebar.components.SidebarNav.components">
      <metrics statements="18" coveredstatements="15" conditionals="8" coveredconditionals="6" methods="9" coveredmethods="6"/>
      <file name="NavbarItem.js" path="/Users/luismiguelmendes/Desktop/nda-project/refactor-app-microfrontends/src/proposals/components/Sidebar/components/SidebarNav/components/NavbarItem.js">
        <metrics statements="17" coveredstatements="14" conditionals="8" coveredconditionals="6" methods="8" coveredmethods="5"/>
        <line num="9" count="25" type="stmt"/>
        <line num="11" count="4" type="stmt"/>
        <line num="12" count="17" type="stmt"/>
        <line num="13" count="17" type="stmt"/>
        <line num="14" count="17" type="stmt"/>
        <line num="16" count="17" type="stmt"/>
        <line num="17" count="1" type="stmt"/>
        <line num="20" count="17" type="stmt"/>
        <line num="21" count="0" type="stmt"/>
        <line num="24" count="17" type="stmt"/>
        <line num="25" count="17" type="cond" truecount="2" falsecount="0"/>
        <line num="26" count="8" type="stmt"/>
        <line num="53" count="16" type="stmt"/>
        <line num="63" count="0" type="stmt"/>
        <line num="73" count="9" type="stmt"/>
        <line num="85" count="0" type="stmt"/>
        <line num="93" count="17" type="stmt"/>
      </file>
      <file name="NavbarItemStyle.js" path="/Users/luismiguelmendes/Desktop/nda-project/refactor-app-microfrontends/src/proposals/components/Sidebar/components/SidebarNav/components/NavbarItemStyle.js">
        <metrics statements="1" coveredstatements="1" conditionals="0" coveredconditionals="0" methods="1" coveredmethods="1"/>
        <line num="3" count="10" type="stmt"/>
      </file>
      <file name="index.js" path="/Users/luismiguelmendes/Desktop/nda-project/refactor-app-microfrontends/src/proposals/components/Sidebar/components/SidebarNav/components/index.js">
        <metrics statements="0" coveredstatements="0" conditionals="0" coveredconditionals="0" methods="0" coveredmethods="0"/>
      </file>
    </package>
    <package name="proposals.components.Table">
      <metrics statements="31" coveredstatements="26" conditionals="10" coveredconditionals="4" methods="8" coveredmethods="8"/>
      <file name="Table.js" path="/Users/luismiguelmendes/Desktop/nda-project/refactor-app-microfrontends/src/proposals/components/Table/Table.js">
        <metrics statements="30" coveredstatements="25" conditionals="10" coveredconditionals="4" methods="7" coveredmethods="7"/>
        <line num="13" count="3" type="stmt"/>
        <line num="14" count="14" type="stmt"/>
        <line num="15" count="14" type="stmt"/>
        <line num="16" count="14" type="stmt"/>
        <line num="17" count="14" type="stmt"/>
        <line num="18" count="14" type="stmt"/>
        <line num="20" count="14" type="stmt"/>
        <line num="22" count="2" type="cond" truecount="1" falsecount="1"/>
        <line num="23" count="2" type="stmt"/>
        <line num="25" count="0" type="stmt"/>
        <line num="27" count="2" type="stmt"/>
        <line num="30" count="14" type="stmt"/>
        <line num="31" count="3" type="stmt"/>
        <line num="32" count="3" type="stmt"/>
        <line num="33" count="3" type="cond" truecount="2" falsecount="0"/>
        <line num="34" count="2" type="stmt"/>
        <line num="36" count="3" type="stmt"/>
        <line num="38" count="1" type="cond" truecount="1" falsecount="1"/>
        <line num="39" count="1" type="stmt"/>
        <line num="40" count="0" type="cond" truecount="0" falsecount="2"/>
        <line num="41" count="0" type="stmt"/>
        <line num="42" count="0" type="cond" truecount="0" falsecount="2"/>
        <line num="43" count="0" type="stmt"/>
        <line num="48" count="3" type="stmt"/>
        <line num="51" count="14" type="stmt"/>
        <line num="52" count="1" type="stmt"/>
        <line num="55" count="14" type="stmt"/>
        <line num="56" count="1" type="stmt"/>
        <line num="59" count="14" type="stmt"/>
        <line num="87" count="3" type="stmt"/>
      </file>
      <file name="TableStyle.js" path="/Users/luismiguelmendes/Desktop/nda-project/refactor-app-microfrontends/src/proposals/components/Table/TableStyle.js">
        <metrics statements="1" coveredstatements="1" conditionals="0" coveredconditionals="0" methods="1" coveredmethods="1"/>
        <line num="3" count="4" type="stmt"/>
      </file>
      <file name="index.js" path="/Users/luismiguelmendes/Desktop/nda-project/refactor-app-microfrontends/src/proposals/components/Table/index.js">
        <metrics statements="0" coveredstatements="0" conditionals="0" coveredconditionals="0" methods="0" coveredmethods="0"/>
      </file>
    </package>
    <package name="proposals.components.Table.components">
      <metrics statements="0" coveredstatements="0" conditionals="0" coveredconditionals="0" methods="0" coveredmethods="0"/>
      <file name="index.js" path="/Users/luismiguelmendes/Desktop/nda-project/refactor-app-microfrontends/src/proposals/components/Table/components/index.js">
        <metrics statements="0" coveredstatements="0" conditionals="0" coveredconditionals="0" methods="0" coveredmethods="0"/>
      </file>
    </package>
    <package name="proposals.components.Table.components.TableBody">
      <metrics statements="12" coveredstatements="11" conditionals="2" coveredconditionals="2" methods="8" coveredmethods="7"/>
      <file name="TableBody.js" path="/Users/luismiguelmendes/Desktop/nda-project/refactor-app-microfrontends/src/proposals/components/Table/components/TableBody/TableBody.js">
        <metrics statements="11" coveredstatements="10" conditionals="2" coveredconditionals="2" methods="7" coveredmethods="6"/>
        <line num="15" count="4" type="stmt"/>
        <line num="22" count="14" type="stmt"/>
        <line num="23" count="14" type="stmt"/>
        <line num="25" count="14" type="stmt"/>
        <line num="42" count="98" type="stmt"/>
        <line num="50" count="65" type="stmt"/>
        <line num="55" count="4" type="stmt"/>
        <line num="60" count="11" type="stmt"/>
        <line num="63" count="0" type="stmt"/>
        <line num="68" count="455" type="stmt"/>
        <line num="80" count="4" type="stmt"/>
      </file>
      <file name="TableBodyStyle.js" path="/Users/luismiguelmendes/Desktop/nda-project/refactor-app-microfrontends/src/proposals/components/Table/components/TableBody/TableBodyStyle.js">
        <metrics statements="1" coveredstatements="1" conditionals="0" coveredconditionals="0" methods="1" coveredmethods="1"/>
        <line num="3" count="5" type="stmt"/>
      </file>
      <file name="index.js" path="/Users/luismiguelmendes/Desktop/nda-project/refactor-app-microfrontends/src/proposals/components/Table/components/TableBody/index.js">
        <metrics statements="0" coveredstatements="0" conditionals="0" coveredconditionals="0" methods="0" coveredmethods="0"/>
      </file>
    </package>
    <package name="proposals.components.Table.components.TableToolBar">
      <metrics statements="6" coveredstatements="6" conditionals="6" coveredconditionals="5" methods="2" coveredmethods="2"/>
      <file name="TableToolBarStyle.js" path="/Users/luismiguelmendes/Desktop/nda-project/refactor-app-microfrontends/src/proposals/components/Table/components/TableToolBar/TableToolBarStyle.js">
        <metrics statements="1" coveredstatements="1" conditionals="2" coveredconditionals="1" methods="1" coveredmethods="1"/>
        <line num="3" count="10" type="stmt"/>
      </file>
      <file name="TableToolbar.js" path="/Users/luismiguelmendes/Desktop/nda-project/refactor-app-microfrontends/src/proposals/components/Table/components/TableToolBar/TableToolbar.js">
        <metrics statements="5" coveredstatements="5" conditionals="4" coveredconditionals="4" methods="1" coveredmethods="1"/>
        <line num="9" count="4" type="stmt"/>
        <line num="10" count="19" type="stmt"/>
        <line num="11" count="19" type="stmt"/>
        <line num="13" count="19" type="stmt"/>
        <line num="44" count="4" type="stmt"/>
      </file>
      <file name="index.js" path="/Users/luismiguelmendes/Desktop/nda-project/refactor-app-microfrontends/src/proposals/components/Table/components/TableToolBar/index.js">
        <metrics statements="0" coveredstatements="0" conditionals="0" coveredconditionals="0" methods="0" coveredmethods="0"/>
      </file>
    </package>
    <package name="proposals.components.Table.components.TableToolBar.components">
      <metrics statements="0" coveredstatements="0" conditionals="0" coveredconditionals="0" methods="0" coveredmethods="0"/>
      <file name="index.js" path="/Users/luismiguelmendes/Desktop/nda-project/refactor-app-microfrontends/src/proposals/components/Table/components/TableToolBar/components/index.js">
        <metrics statements="0" coveredstatements="0" conditionals="0" coveredconditionals="0" methods="0" coveredmethods="0"/>
      </file>
    </package>
    <package name="proposals.components.Table.components.TableToolBar.components.RowOptions">
      <metrics statements="6" coveredstatements="5" conditionals="0" coveredconditionals="0" methods="2" coveredmethods="1"/>
      <file name="RowOptions.js" path="/Users/luismiguelmendes/Desktop/nda-project/refactor-app-microfrontends/src/proposals/components/Table/components/TableToolBar/components/RowOptions/RowOptions.js">
        <metrics statements="6" coveredstatements="5" conditionals="0" coveredconditionals="0" methods="2" coveredmethods="1"/>
        <line num="11" count="5" type="stmt"/>
        <line num="12" count="3" type="stmt"/>
        <line num="14" count="3" type="stmt"/>
        <line num="15" count="0" type="stmt"/>
        <line num="18" count="3" type="stmt"/>
        <line num="49" count="5" type="stmt"/>
      </file>
      <file name="index.js" path="/Users/luismiguelmendes/Desktop/nda-project/refactor-app-microfrontends/src/proposals/components/Table/components/TableToolBar/components/RowOptions/index.js">
        <metrics statements="0" coveredstatements="0" conditionals="0" coveredconditionals="0" methods="0" coveredmethods="0"/>
      </file>
    </package>
    <package name="proposals.components.Table.components.TableToolBar.components.RowOptions.components">
      <metrics statements="0" coveredstatements="0" conditionals="0" coveredconditionals="0" methods="0" coveredmethods="0"/>
      <file name="index.js" path="/Users/luismiguelmendes/Desktop/nda-project/refactor-app-microfrontends/src/proposals/components/Table/components/TableToolBar/components/RowOptions/components/index.js">
        <metrics statements="0" coveredstatements="0" conditionals="0" coveredconditionals="0" methods="0" coveredmethods="0"/>
      </file>
    </package>
    <package name="proposals.components.Table.components.TableToolBar.components.RowOptions.components.Option">
      <metrics statements="4" coveredstatements="4" conditionals="0" coveredconditionals="0" methods="1" coveredmethods="1"/>
      <file name="Option.js" path="/Users/luismiguelmendes/Desktop/nda-project/refactor-app-microfrontends/src/proposals/components/Table/components/TableToolBar/components/RowOptions/components/Option/Option.js">
        <metrics statements="4" coveredstatements="4" conditionals="0" coveredconditionals="0" methods="1" coveredmethods="1"/>
        <line num="5" count="6" type="stmt"/>
        <line num="6" count="13" type="stmt"/>
        <line num="8" count="13" type="stmt"/>
        <line num="16" count="6" type="stmt"/>
      </file>
      <file name="index.js" path="/Users/luismiguelmendes/Desktop/nda-project/refactor-app-microfrontends/src/proposals/components/Table/components/TableToolBar/components/RowOptions/components/Option/index.js">
        <metrics statements="0" coveredstatements="0" conditionals="0" coveredconditionals="0" methods="0" coveredmethods="0"/>
      </file>
    </package>
    <package name="proposals.components.Table.components.TableToolBar.components.TableOptions">
      <metrics statements="10" coveredstatements="9" conditionals="0" coveredconditionals="0" methods="5" coveredmethods="4"/>
      <file name="TableOptions.js" path="/Users/luismiguelmendes/Desktop/nda-project/refactor-app-microfrontends/src/proposals/components/Table/components/TableToolBar/components/TableOptions/TableOptions.js">
        <metrics statements="10" coveredstatements="9" conditionals="0" coveredconditionals="0" methods="5" coveredmethods="4"/>
        <line num="17" count="5" type="stmt"/>
        <line num="22" count="19" type="stmt"/>
        <line num="37" count="11" type="stmt"/>
        <line num="48" count="5" type="stmt"/>
        <line num="49" count="19" type="stmt"/>
        <line num="51" count="19" type="stmt"/>
        <line num="52" count="1" type="stmt"/>
        <line num="55" count="19" type="stmt"/>
        <line num="56" count="0" type="stmt"/>
        <line num="59" count="19" type="stmt"/>
      </file>
      <file name="index.js" path="/Users/luismiguelmendes/Desktop/nda-project/refactor-app-microfrontends/src/proposals/components/Table/components/TableToolBar/components/TableOptions/index.js">
        <metrics statements="0" coveredstatements="0" conditionals="0" coveredconditionals="0" methods="0" coveredmethods="0"/>
      </file>
    </package>
    <package name="proposals.components.TableTabs">
      <metrics statements="25" coveredstatements="25" conditionals="2" coveredconditionals="2" methods="10" coveredmethods="10"/>
      <file name="TableTabs.js" path="/Users/luismiguelmendes/Desktop/nda-project/refactor-app-microfrontends/src/proposals/components/TableTabs/TableTabs.js">
        <metrics statements="24" coveredstatements="24" conditionals="2" coveredconditionals="2" methods="9" coveredmethods="9"/>
        <line num="12" count="7" type="stmt"/>
        <line num="14" count="2" type="stmt"/>
        <line num="15" count="5" type="stmt"/>
        <line num="16" count="5" type="stmt"/>
        <line num="17" count="5" type="stmt"/>
        <line num="21" count="5" type="stmt"/>
        <line num="23" count="5" type="stmt"/>
        <line num="24" count="3" type="stmt"/>
        <line num="25" count="30" type="cond" truecount="2" falsecount="0"/>
        <line num="28" count="5" type="stmt"/>
        <line num="29" count="1" type="stmt"/>
        <line num="30" count="5" type="stmt"/>
        <line num="33" count="5" type="stmt"/>
        <line num="34" count="2" type="stmt"/>
        <line num="35" count="2" type="stmt"/>
        <line num="36" count="2" type="stmt"/>
        <line num="37" count="2" type="stmt"/>
        <line num="38" count="2" type="stmt"/>
        <line num="41" count="5" type="stmt"/>
        <line num="42" count="1" type="stmt"/>
        <line num="43" count="1" type="stmt"/>
        <line num="44" count="1" type="stmt"/>
        <line num="47" count="5" type="stmt"/>
        <line num="58" count="45" type="stmt"/>
      </file>
      <file name="TableTabsStyle.js" path="/Users/luismiguelmendes/Desktop/nda-project/refactor-app-microfrontends/src/proposals/components/TableTabs/TableTabsStyle.js">
        <metrics statements="1" coveredstatements="1" conditionals="0" coveredconditionals="0" methods="1" coveredmethods="1"/>
        <line num="3" count="2" type="stmt"/>
      </file>
      <file name="index.js" path="/Users/luismiguelmendes/Desktop/nda-project/refactor-app-microfrontends/src/proposals/components/TableTabs/index.js">
        <metrics statements="0" coveredstatements="0" conditionals="0" coveredconditionals="0" methods="0" coveredmethods="0"/>
      </file>
    </package>
    <package name="proposals.components.Topbar">
      <metrics statements="8" coveredstatements="7" conditionals="0" coveredconditionals="0" methods="3" coveredmethods="2"/>
      <file name="Topbar.js" path="/Users/luismiguelmendes/Desktop/nda-project/refactor-app-microfrontends/src/proposals/components/Topbar/Topbar.js">
        <metrics statements="7" coveredstatements="6" conditionals="0" coveredconditionals="0" methods="2" coveredmethods="1"/>
        <line num="19" count="2" type="stmt"/>
        <line num="20" count="2" type="stmt"/>
        <line num="21" count="2" type="stmt"/>
        <line num="22" count="2" type="stmt"/>
        <line num="24" count="2" type="stmt"/>
        <line num="30" count="0" type="stmt"/>
        <line num="63" count="2" type="stmt"/>
      </file>
      <file name="TopbarStyle.js" path="/Users/luismiguelmendes/Desktop/nda-project/refactor-app-microfrontends/src/proposals/components/Topbar/TopbarStyle.js">
        <metrics statements="1" coveredstatements="1" conditionals="0" coveredconditionals="0" methods="1" coveredmethods="1"/>
        <line num="3" count="2" type="stmt"/>
      </file>
      <file name="index.js" path="/Users/luismiguelmendes/Desktop/nda-project/refactor-app-microfrontends/src/proposals/components/Topbar/index.js">
        <metrics statements="0" coveredstatements="0" conditionals="0" coveredconditionals="0" methods="0" coveredmethods="0"/>
      </file>
    </package>
    <package name="proposals.helpers">
      <metrics statements="3" coveredstatements="3" conditionals="0" coveredconditionals="0" methods="0" coveredmethods="0"/>
      <file name="proposal.js" path="/Users/luismiguelmendes/Desktop/nda-project/refactor-app-microfrontends/src/proposals/helpers/proposal.js">
        <metrics statements="3" coveredstatements="3" conditionals="0" coveredconditionals="0" methods="0" coveredmethods="0"/>
        <line num="1" count="2" type="stmt"/>
        <line num="94" count="2" type="stmt"/>
        <line num="147" count="2" type="stmt"/>
      </file>
    </package>
    <package name="proposals.store">
      <metrics statements="20" coveredstatements="15" conditionals="2" coveredconditionals="1" methods="7" coveredmethods="5"/>
      <file name="index.js" path="/Users/luismiguelmendes/Desktop/nda-project/refactor-app-microfrontends/src/proposals/store/index.js">
        <metrics statements="0" coveredstatements="0" conditionals="0" coveredconditionals="0" methods="0" coveredmethods="0"/>
      </file>
      <file name="store.js" path="/Users/luismiguelmendes/Desktop/nda-project/refactor-app-microfrontends/src/proposals/store/store.js">
        <metrics statements="20" coveredstatements="15" conditionals="2" coveredconditionals="1" methods="7" coveredmethods="5"/>
        <line num="3" count="2" type="stmt"/>
        <line num="4" count="2" type="stmt"/>
        <line num="5" count="2" type="stmt"/>
        <line num="7" count="2" type="stmt"/>
        <line num="8" count="5" type="stmt"/>
        <line num="10" count="5" type="stmt"/>
        <line num="11" count="0" type="stmt"/>
        <line num="12" count="0" type="stmt"/>
        <line num="13" count="0" type="stmt"/>
        <line num="14" count="0" type="stmt"/>
        <line num="15" count="0" type="stmt"/>
        <line num="19" count="5" type="stmt"/>
        <line num="20" count="2" type="stmt"/>
        <line num="21" count="2" type="stmt"/>
        <line num="22" count="2" type="stmt"/>
        <line num="26" count="5" type="stmt"/>
        <line num="29" count="2" type="stmt"/>
        <line num="30" count="2" type="cond" truecount="1" falsecount="1"/>
        <line num="31" count="2" type="stmt"/>
        <line num="33" count="2" type="stmt"/>
      </file>
    </package>
    <package name="proposals.store.actions">
      <metrics statements="7" coveredstatements="2" conditionals="0" coveredconditionals="0" methods="3" coveredmethods="0"/>
      <file name="proposals.js" path="/Users/luismiguelmendes/Desktop/nda-project/refactor-app-microfrontends/src/proposals/store/actions/proposals.js">
        <metrics statements="7" coveredstatements="2" conditionals="0" coveredconditionals="0" methods="3" coveredmethods="0"/>
        <line num="1" count="2" type="stmt"/>
        <line num="2" count="0" type="stmt"/>
        <line num="3" count="0" type="stmt"/>
        <line num="7" count="0" type="stmt"/>
        <line num="10" count="2" type="stmt"/>
        <line num="12" count="0" type="stmt"/>
        <line num="15" count="0" type="stmt"/>
      </file>
    </package>
    <package name="proposals.store.stores">
      <metrics statements="2" coveredstatements="2" conditionals="0" coveredconditionals="0" methods="1" coveredmethods="1"/>
      <file name="index.js" path="/Users/luismiguelmendes/Desktop/nda-project/refactor-app-microfrontends/src/proposals/store/stores/index.js">
        <metrics statements="0" coveredstatements="0" conditionals="0" coveredconditionals="0" methods="0" coveredmethods="0"/>
      </file>
      <file name="proposalsStore.js" path="/Users/luismiguelmendes/Desktop/nda-project/refactor-app-microfrontends/src/proposals/store/stores/proposalsStore.js">
        <metrics statements="2" coveredstatements="2" conditionals="0" coveredconditionals="0" methods="1" coveredmethods="1"/>
        <line num="5" count="2" type="stmt"/>
        <line num="6" count="2" type="stmt"/>
      </file>
    </package>
    <package name="proposals.theme">
      <metrics statements="3" coveredstatements="3" conditionals="0" coveredconditionals="0" methods="0" coveredmethods="0"/>
      <file name="index.js" path="/Users/luismiguelmendes/Desktop/nda-project/refactor-app-microfrontends/src/proposals/theme/index.js">
        <metrics statements="1" coveredstatements="1" conditionals="0" coveredconditionals="0" methods="0" coveredmethods="0"/>
        <line num="7" count="15" type="stmt"/>
      </file>
      <file name="palette.js" path="/Users/luismiguelmendes/Desktop/nda-project/refactor-app-microfrontends/src/proposals/theme/palette.js">
        <metrics statements="2" coveredstatements="2" conditionals="0" coveredconditionals="0" methods="0" coveredmethods="0"/>
        <line num="3" count="15" type="stmt"/>
        <line num="4" count="15" type="stmt"/>
      </file>
      <file name="typography.js" path="/Users/luismiguelmendes/Desktop/nda-project/refactor-app-microfrontends/src/proposals/theme/typography.js">
        <metrics statements="0" coveredstatements="0" conditionals="0" coveredconditionals="0" methods="0" coveredmethods="0"/>
      </file>
    </package>
    <package name="proposals.theme.overrides">
      <metrics statements="0" coveredstatements="0" conditionals="0" coveredconditionals="0" methods="0" coveredmethods="0"/>
      <file name="MuiAppBar.js" path="/Users/luismiguelmendes/Desktop/nda-project/refactor-app-microfrontends/src/proposals/theme/overrides/MuiAppBar.js">
        <metrics statements="0" coveredstatements="0" conditionals="0" coveredconditionals="0" methods="0" coveredmethods="0"/>
      </file>
      <file name="MuiButton.js" path="/Users/luismiguelmendes/Desktop/nda-project/refactor-app-microfrontends/src/proposals/theme/overrides/MuiButton.js">
        <metrics statements="0" coveredstatements="0" conditionals="0" coveredconditionals="0" methods="0" coveredmethods="0"/>
      </file>
      <file name="MuiCheckbox.js" path="/Users/luismiguelmendes/Desktop/nda-project/refactor-app-microfrontends/src/proposals/theme/overrides/MuiCheckbox.js">
        <metrics statements="0" coveredstatements="0" conditionals="0" coveredconditionals="0" methods="0" coveredmethods="0"/>
      </file>
      <file name="MuiExpansionPanelSummary.js" path="/Users/luismiguelmendes/Desktop/nda-project/refactor-app-microfrontends/src/proposals/theme/overrides/MuiExpansionPanelSummary.js">
        <metrics statements="0" coveredstatements="0" conditionals="0" coveredconditionals="0" methods="0" coveredmethods="0"/>
      </file>
      <file name="MuiIconButton.js" path="/Users/luismiguelmendes/Desktop/nda-project/refactor-app-microfrontends/src/proposals/theme/overrides/MuiIconButton.js">
        <metrics statements="0" coveredstatements="0" conditionals="0" coveredconditionals="0" methods="0" coveredmethods="0"/>
      </file>
      <file name="MuiInputBase.js" path="/Users/luismiguelmendes/Desktop/nda-project/refactor-app-microfrontends/src/proposals/theme/overrides/MuiInputBase.js">
        <metrics statements="0" coveredstatements="0" conditionals="0" coveredconditionals="0" methods="0" coveredmethods="0"/>
      </file>
      <file name="MuiOutlinedInput.js" path="/Users/luismiguelmendes/Desktop/nda-project/refactor-app-microfrontends/src/proposals/theme/overrides/MuiOutlinedInput.js">
        <metrics statements="0" coveredstatements="0" conditionals="0" coveredconditionals="0" methods="0" coveredmethods="0"/>
      </file>
      <file name="MuiPaper.js" path="/Users/luismiguelmendes/Desktop/nda-project/refactor-app-microfrontends/src/proposals/theme/overrides/MuiPaper.js">
        <metrics statements="0" coveredstatements="0" conditionals="0" coveredconditionals="0" methods="0" coveredmethods="0"/>
      </file>
      <file name="MuiSwitch.js" path="/Users/luismiguelmendes/Desktop/nda-project/refactor-app-microfrontends/src/proposals/theme/overrides/MuiSwitch.js">
        <metrics statements="0" coveredstatements="0" conditionals="0" coveredconditionals="0" methods="0" coveredmethods="0"/>
      </file>
      <file name="MuiTab.js" path="/Users/luismiguelmendes/Desktop/nda-project/refactor-app-microfrontends/src/proposals/theme/overrides/MuiTab.js">
        <metrics statements="0" coveredstatements="0" conditionals="0" coveredconditionals="0" methods="0" coveredmethods="0"/>
      </file>
      <file name="MuiTableCell.js" path="/Users/luismiguelmendes/Desktop/nda-project/refactor-app-microfrontends/src/proposals/theme/overrides/MuiTableCell.js">
        <metrics statements="0" coveredstatements="0" conditionals="0" coveredconditionals="0" methods="0" coveredmethods="0"/>
      </file>
      <file name="MuiTableHead.js" path="/Users/luismiguelmendes/Desktop/nda-project/refactor-app-microfrontends/src/proposals/theme/overrides/MuiTableHead.js">
        <metrics statements="0" coveredstatements="0" conditionals="0" coveredconditionals="0" methods="0" coveredmethods="0"/>
      </file>
      <file name="MuiTabs.js" path="/Users/luismiguelmendes/Desktop/nda-project/refactor-app-microfrontends/src/proposals/theme/overrides/MuiTabs.js">
        <metrics statements="0" coveredstatements="0" conditionals="0" coveredconditionals="0" methods="0" coveredmethods="0"/>
      </file>
      <file name="MuiTextField.js" path="/Users/luismiguelmendes/Desktop/nda-project/refactor-app-microfrontends/src/proposals/theme/overrides/MuiTextField.js">
        <metrics statements="0" coveredstatements="0" conditionals="0" coveredconditionals="0" methods="0" coveredmethods="0"/>
      </file>
      <file name="MuiTypography.js" path="/Users/luismiguelmendes/Desktop/nda-project/refactor-app-microfrontends/src/proposals/theme/overrides/MuiTypography.js">
        <metrics statements="0" coveredstatements="0" conditionals="0" coveredconditionals="0" methods="0" coveredmethods="0"/>
      </file>
      <file name="index.js" path="/Users/luismiguelmendes/Desktop/nda-project/refactor-app-microfrontends/src/proposals/theme/overrides/index.js">
        <metrics statements="0" coveredstatements="0" conditionals="0" coveredconditionals="0" methods="0" coveredmethods="0"/>
      </file>
    </package>
    <package name="proposals.views.Proposals">
      <metrics statements="5" coveredstatements="5" conditionals="2" coveredconditionals="1" methods="2" coveredmethods="2"/>
      <file name="Proposals.js" path="/Users/luismiguelmendes/Desktop/nda-project/refactor-app-microfrontends/src/proposals/views/Proposals/Proposals.js">
        <metrics statements="4" coveredstatements="4" conditionals="2" coveredconditionals="1" methods="1" coveredmethods="1"/>
        <line num="8" count="1" type="stmt"/>
        <line num="9" count="1" type="stmt"/>
        <line num="10" count="1" type="stmt"/>
        <line num="14" count="1" type="stmt"/>
      </file>
      <file name="ProposalsStyle.js" path="/Users/luismiguelmendes/Desktop/nda-project/refactor-app-microfrontends/src/proposals/views/Proposals/ProposalsStyle.js">
        <metrics statements="1" coveredstatements="1" conditionals="0" coveredconditionals="0" methods="1" coveredmethods="1"/>
        <line num="3" count="1" type="stmt"/>
      </file>
    </package>
  </project>
</coverage>
