{"/Users/luismiguelmendes/Desktop/nda-project/refactor-app-microfrontends/src/login/components/index.js": {"path":"/Users/luismiguelmendes/Desktop/nda-project/refactor-app-microfrontends/src/login/components/index.js","statementMap":{},"fnMap":{},"branchMap":{},"s":{},"f":{},"b":{},"_coverageSchema":"43e27e138ebf9cfc5966b082cf9a028302ed4184","hash":"e67ad30cef1c2c553f3335507e5b6f159b606225"}
,"/Users/luismiguelmendes/Desktop/nda-project/refactor-app-microfrontends/src/login/components/Form/Form.js": {"path":"/Users/luismiguelmendes/Desktop/nda-project/refactor-app-microfrontends/src/login/components/Form/Form.js","statementMap":{"0":{"start":{"line":5,"column":13},"end":{"line":61,"column":1}},"1":{"start":{"line":6,"column":18},"end":{"line":6,"column":29}},"2":{"start":{"line":7,"column":26},"end":{"line":7,"column":63}},"3":{"start":{"line":9,"column":23},"end":{"line":12,"column":3}},"4":{"start":{"line":10,"column":23},"end":{"line":10,"column":75}},"5":{"start":{"line":11,"column":4},"end":{"line":11,"column":24}},"6":{"start":{"line":14,"column":23},"end":{"line":17,"column":3}},"7":{"start":{"line":15,"column":4},"end":{"line":15,"column":27}},"8":{"start":{"line":16,"column":4},"end":{"line":16,"column":64}},"9":{"start":{"line":19,"column":2},"end":{"line":60,"column":4}}},"fnMap":{"0":{"name":"(anonymous_0)","decl":{"start":{"line":5,"column":13},"end":{"line":5,"column":14}},"loc":{"start":{"line":5,"column":19},"end":{"line":61,"column":1}},"line":5},"1":{"name":"(anonymous_1)","decl":{"start":{"line":9,"column":23},"end":{"line":9,"column":24}},"loc":{"start":{"line":9,"column":32},"end":{"line":12,"column":3}},"line":9},"2":{"name":"(anonymous_2)","decl":{"start":{"line":14,"column":23},"end":{"line":14,"column":24}},"loc":{"start":{"line":14,"column":32},"end":{"line":17,"column":3}},"line":14}},"branchMap":{},"s":{"0":2,"1":4,"2":4,"3":4,"4":2,"5":2,"6":4,"7":1,"8":1,"9":4},"f":{"0":4,"1":2,"2":1},"b":{},"_coverageSchema":"43e27e138ebf9cfc5966b082cf9a028302ed4184","hash":"3681a71e0e1467493def1db54255daacf9695ec5"}
,"/Users/luismiguelmendes/Desktop/nda-project/refactor-app-microfrontends/src/login/components/Form/FormStyle.js": {"path":"/Users/luismiguelmendes/Desktop/nda-project/refactor-app-microfrontends/src/login/components/Form/FormStyle.js","statementMap":{"0":{"start":{"line":3,"column":36},"end":{"line":11,"column":1}}},"fnMap":{"0":{"name":"(anonymous_0)","decl":{"start":{"line":3,"column":26},"end":{"line":3,"column":27}},"loc":{"start":{"line":3,"column":36},"end":{"line":11,"column":1}},"line":3}},"branchMap":{},"s":{"0":2},"f":{"0":2},"b":{},"_coverageSchema":"43e27e138ebf9cfc5966b082cf9a028302ed4184","hash":"63b49238ae89a027c7fe43f3a7553bc8ac26a96e"}
,"/Users/luismiguelmendes/Desktop/nda-project/refactor-app-microfrontends/src/login/components/Form/index.js": {"path":"/Users/luismiguelmendes/Desktop/nda-project/refactor-app-microfrontends/src/login/components/Form/index.js","statementMap":{},"fnMap":{},"branchMap":{},"s":{},"f":{},"b":{},"_coverageSchema":"43e27e138ebf9cfc5966b082cf9a028302ed4184","hash":"68bc1c25cf7682531ae303f89ced55fada459261"}
,"/Users/luismiguelmendes/Desktop/nda-project/refactor-app-microfrontends/src/login/components/Header/Header.js": {"path":"/Users/luismiguelmendes/Desktop/nda-project/refactor-app-microfrontends/src/login/components/Header/Header.js","statementMap":{"0":{"start":{"line":7,"column":15},"end":{"line":23,"column":1}},"1":{"start":{"line":8,"column":18},"end":{"line":8,"column":29}},"2":{"start":{"line":10,"column":2},"end":{"line":22,"column":4}}},"fnMap":{"0":{"name":"(anonymous_0)","decl":{"start":{"line":7,"column":15},"end":{"line":7,"column":16}},"loc":{"start":{"line":7,"column":21},"end":{"line":23,"column":1}},"line":7}},"branchMap":{},"s":{"0":2,"1":2,"2":2},"f":{"0":2},"b":{},"_coverageSchema":"43e27e138ebf9cfc5966b082cf9a028302ed4184","hash":"7e493aefa52e8a59ba68d487825609187ea30473"}
,"/Users/luismiguelmendes/Desktop/nda-project/refactor-app-microfrontends/src/login/components/Header/HeaderStyle.js": {"path":"/Users/luismiguelmendes/Desktop/nda-project/refactor-app-microfrontends/src/login/components/Header/HeaderStyle.js","statementMap":{"0":{"start":{"line":3,"column":36},"end":{"line":21,"column":1}}},"fnMap":{"0":{"name":"(anonymous_0)","decl":{"start":{"line":3,"column":26},"end":{"line":3,"column":27}},"loc":{"start":{"line":3,"column":36},"end":{"line":21,"column":1}},"line":3}},"branchMap":{},"s":{"0":2},"f":{"0":2},"b":{},"_coverageSchema":"43e27e138ebf9cfc5966b082cf9a028302ed4184","hash":"2dec1dd9253925ba944260286ba24d376aab872f"}
,"/Users/luismiguelmendes/Desktop/nda-project/refactor-app-microfrontends/src/login/components/Header/index.js": {"path":"/Users/luismiguelmendes/Desktop/nda-project/refactor-app-microfrontends/src/login/components/Header/index.js","statementMap":{},"fnMap":{},"branchMap":{},"s":{},"f":{},"b":{},"_coverageSchema":"43e27e138ebf9cfc5966b082cf9a028302ed4184","hash":"7611f6b04633a490fde66f1e100c36fc0db1afad"}
,"/Users/luismiguelmendes/Desktop/nda-project/refactor-app-microfrontends/src/login/theme/index.js": {"path":"/Users/luismiguelmendes/Desktop/nda-project/refactor-app-microfrontends/src/login/theme/index.js","statementMap":{"0":{"start":{"line":7,"column":14},"end":{"line":15,"column":2}}},"fnMap":{},"branchMap":{},"s":{"0":3},"f":{},"b":{},"_coverageSchema":"43e27e138ebf9cfc5966b082cf9a028302ed4184","hash":"f6cecd13f7698c5d54ed7b25d078eae4293d59bb"}
,"/Users/luismiguelmendes/Desktop/nda-project/refactor-app-microfrontends/src/login/theme/palette.js": {"path":"/Users/luismiguelmendes/Desktop/nda-project/refactor-app-microfrontends/src/login/theme/palette.js","statementMap":{"0":{"start":{"line":3,"column":14},"end":{"line":3,"column":23}},"1":{"start":{"line":4,"column":14},"end":{"line":4,"column":23}}},"fnMap":{},"branchMap":{},"s":{"0":3,"1":3},"f":{},"b":{},"_coverageSchema":"43e27e138ebf9cfc5966b082cf9a028302ed4184","hash":"9bb0067aa20cb4a9b51036a00e41ae77aced8c76"}
,"/Users/luismiguelmendes/Desktop/nda-project/refactor-app-microfrontends/src/login/theme/typography.js": {"path":"/Users/luismiguelmendes/Desktop/nda-project/refactor-app-microfrontends/src/login/theme/typography.js","statementMap":{},"fnMap":{},"branchMap":{},"s":{},"f":{},"b":{},"_coverageSchema":"43e27e138ebf9cfc5966b082cf9a028302ed4184","hash":"8c4e832425a1558e99d6362e13928a42fd8353be"}
,"/Users/luismiguelmendes/Desktop/nda-project/refactor-app-microfrontends/src/login/theme/overrides/MuiAppBar.js": {"path":"/Users/luismiguelmendes/Desktop/nda-project/refactor-app-microfrontends/src/login/theme/overrides/MuiAppBar.js","statementMap":{},"fnMap":{},"branchMap":{},"s":{},"f":{},"b":{},"_coverageSchema":"43e27e138ebf9cfc5966b082cf9a028302ed4184","hash":"92735d7ac76aad61f2bec7d93706a7c35915ad74"}
,"/Users/luismiguelmendes/Desktop/nda-project/refactor-app-microfrontends/src/login/theme/overrides/MuiButton.js": {"path":"/Users/luismiguelmendes/Desktop/nda-project/refactor-app-microfrontends/src/login/theme/overrides/MuiButton.js","statementMap":{},"fnMap":{},"branchMap":{},"s":{},"f":{},"b":{},"_coverageSchema":"43e27e138ebf9cfc5966b082cf9a028302ed4184","hash":"ac52a8ec4d22f4c840e3455d47612620098f26ba"}
,"/Users/luismiguelmendes/Desktop/nda-project/refactor-app-microfrontends/src/login/theme/overrides/MuiCheckbox.js": {"path":"/Users/luismiguelmendes/Desktop/nda-project/refactor-app-microfrontends/src/login/theme/overrides/MuiCheckbox.js","statementMap":{},"fnMap":{},"branchMap":{},"s":{},"f":{},"b":{},"_coverageSchema":"43e27e138ebf9cfc5966b082cf9a028302ed4184","hash":"ba1712a3246ba773c7f2a8dd580e254fcca84470"}
,"/Users/luismiguelmendes/Desktop/nda-project/refactor-app-microfrontends/src/login/theme/overrides/MuiExpansionPanelSummary.js": {"path":"/Users/luismiguelmendes/Desktop/nda-project/refactor-app-microfrontends/src/login/theme/overrides/MuiExpansionPanelSummary.js","statementMap":{},"fnMap":{},"branchMap":{},"s":{},"f":{},"b":{},"_coverageSchema":"43e27e138ebf9cfc5966b082cf9a028302ed4184","hash":"65f574ea7f5be8c78b7e717348abfbcb1ffa6fe7"}
,"/Users/luismiguelmendes/Desktop/nda-project/refactor-app-microfrontends/src/login/theme/overrides/MuiIconButton.js": {"path":"/Users/luismiguelmendes/Desktop/nda-project/refactor-app-microfrontends/src/login/theme/overrides/MuiIconButton.js","statementMap":{},"fnMap":{},"branchMap":{},"s":{},"f":{},"b":{},"_coverageSchema":"43e27e138ebf9cfc5966b082cf9a028302ed4184","hash":"d9bb97a6048df603215f4dc5b3315f9aa3e7e14f"}
,"/Users/luismiguelmendes/Desktop/nda-project/refactor-app-microfrontends/src/login/theme/overrides/MuiInputBase.js": {"path":"/Users/luismiguelmendes/Desktop/nda-project/refactor-app-microfrontends/src/login/theme/overrides/MuiInputBase.js","statementMap":{},"fnMap":{},"branchMap":{},"s":{},"f":{},"b":{},"_coverageSchema":"43e27e138ebf9cfc5966b082cf9a028302ed4184","hash":"7bbc42f26c7f1b852cc0b6ad243b5f076d07b938"}
,"/Users/luismiguelmendes/Desktop/nda-project/refactor-app-microfrontends/src/login/theme/overrides/MuiOutlinedInput.js": {"path":"/Users/luismiguelmendes/Desktop/nda-project/refactor-app-microfrontends/src/login/theme/overrides/MuiOutlinedInput.js","statementMap":{},"fnMap":{},"branchMap":{},"s":{},"f":{},"b":{},"_coverageSchema":"43e27e138ebf9cfc5966b082cf9a028302ed4184","hash":"b5732610cb9948d4d5a52b501f8710c09aba00c8"}
,"/Users/luismiguelmendes/Desktop/nda-project/refactor-app-microfrontends/src/login/theme/overrides/MuiPaper.js": {"path":"/Users/luismiguelmendes/Desktop/nda-project/refactor-app-microfrontends/src/login/theme/overrides/MuiPaper.js","statementMap":{},"fnMap":{},"branchMap":{},"s":{},"f":{},"b":{},"_coverageSchema":"43e27e138ebf9cfc5966b082cf9a028302ed4184","hash":"e2fb6941512564fb73e4529d6a7e382932db327c"}
,"/Users/luismiguelmendes/Desktop/nda-project/refactor-app-microfrontends/src/login/theme/overrides/MuiSwitch.js": {"path":"/Users/luismiguelmendes/Desktop/nda-project/refactor-app-microfrontends/src/login/theme/overrides/MuiSwitch.js","statementMap":{},"fnMap":{},"branchMap":{},"s":{},"f":{},"b":{},"_coverageSchema":"43e27e138ebf9cfc5966b082cf9a028302ed4184","hash":"30f1db2b0dc15d058d1608a287696fc0bb721339"}
,"/Users/luismiguelmendes/Desktop/nda-project/refactor-app-microfrontends/src/login/theme/overrides/MuiTab.js": {"path":"/Users/luismiguelmendes/Desktop/nda-project/refactor-app-microfrontends/src/login/theme/overrides/MuiTab.js","statementMap":{},"fnMap":{},"branchMap":{},"s":{},"f":{},"b":{},"_coverageSchema":"43e27e138ebf9cfc5966b082cf9a028302ed4184","hash":"e06e159f50dc1ee5f0c7fae56a31cd60a5a84aab"}
,"/Users/luismiguelmendes/Desktop/nda-project/refactor-app-microfrontends/src/login/theme/overrides/MuiTableCell.js": {"path":"/Users/luismiguelmendes/Desktop/nda-project/refactor-app-microfrontends/src/login/theme/overrides/MuiTableCell.js","statementMap":{},"fnMap":{},"branchMap":{},"s":{},"f":{},"b":{},"_coverageSchema":"43e27e138ebf9cfc5966b082cf9a028302ed4184","hash":"74b7c5500fcc8a167b291e2790901973709b5cab"}
,"/Users/luismiguelmendes/Desktop/nda-project/refactor-app-microfrontends/src/login/theme/overrides/MuiTableHead.js": {"path":"/Users/luismiguelmendes/Desktop/nda-project/refactor-app-microfrontends/src/login/theme/overrides/MuiTableHead.js","statementMap":{},"fnMap":{},"branchMap":{},"s":{},"f":{},"b":{},"_coverageSchema":"43e27e138ebf9cfc5966b082cf9a028302ed4184","hash":"879bc6e1891a816c0ad401586ca4c7d4812b1950"}
,"/Users/luismiguelmendes/Desktop/nda-project/refactor-app-microfrontends/src/login/theme/overrides/MuiTabs.js": {"path":"/Users/luismiguelmendes/Desktop/nda-project/refactor-app-microfrontends/src/login/theme/overrides/MuiTabs.js","statementMap":{},"fnMap":{},"branchMap":{},"s":{},"f":{},"b":{},"_coverageSchema":"43e27e138ebf9cfc5966b082cf9a028302ed4184","hash":"cf3a072ded575b4b71e31c9523a3c38dd77d7194"}
,"/Users/luismiguelmendes/Desktop/nda-project/refactor-app-microfrontends/src/login/theme/overrides/MuiTextField.js": {"path":"/Users/luismiguelmendes/Desktop/nda-project/refactor-app-microfrontends/src/login/theme/overrides/MuiTextField.js","statementMap":{},"fnMap":{},"branchMap":{},"s":{},"f":{},"b":{},"_coverageSchema":"43e27e138ebf9cfc5966b082cf9a028302ed4184","hash":"35a60f0f483c17b36248f854c7855381b21b6e45"}
,"/Users/luismiguelmendes/Desktop/nda-project/refactor-app-microfrontends/src/login/theme/overrides/MuiTypography.js": {"path":"/Users/luismiguelmendes/Desktop/nda-project/refactor-app-microfrontends/src/login/theme/overrides/MuiTypography.js","statementMap":{},"fnMap":{},"branchMap":{},"s":{},"f":{},"b":{},"_coverageSchema":"43e27e138ebf9cfc5966b082cf9a028302ed4184","hash":"f60128f4f19f3e2ce0b7754fe3b291bc8d506ce6"}
,"/Users/luismiguelmendes/Desktop/nda-project/refactor-app-microfrontends/src/login/theme/overrides/index.js": {"path":"/Users/luismiguelmendes/Desktop/nda-project/refactor-app-microfrontends/src/login/theme/overrides/index.js","statementMap":{},"fnMap":{},"branchMap":{},"s":{},"f":{},"b":{},"_coverageSchema":"43e27e138ebf9cfc5966b082cf9a028302ed4184","hash":"74d6f3a34d78eb8df34585b5d400a91b17ac52a3"}
,"/Users/luismiguelmendes/Desktop/nda-project/refactor-app-microfrontends/src/login/views/Login/Login.js": {"path":"/Users/luismiguelmendes/Desktop/nda-project/refactor-app-microfrontends/src/login/views/Login/Login.js","statementMap":{"0":{"start":{"line":7,"column":14},"end":{"line":20,"column":1}},"1":{"start":{"line":8,"column":18},"end":{"line":8,"column":29}},"2":{"start":{"line":10,"column":2},"end":{"line":19,"column":4}}},"fnMap":{"0":{"name":"(anonymous_0)","decl":{"start":{"line":7,"column":14},"end":{"line":7,"column":15}},"loc":{"start":{"line":7,"column":20},"end":{"line":20,"column":1}},"line":7}},"branchMap":{},"s":{"0":1,"1":1,"2":1},"f":{"0":1},"b":{},"_coverageSchema":"43e27e138ebf9cfc5966b082cf9a028302ed4184","hash":"9ad392fd8ce85c66d24c9bef685e420bcc64a22b"}
,"/Users/luismiguelmendes/Desktop/nda-project/refactor-app-microfrontends/src/login/views/Login/LoginStyle.js": {"path":"/Users/luismiguelmendes/Desktop/nda-project/refactor-app-microfrontends/src/login/views/Login/LoginStyle.js","statementMap":{"0":{"start":{"line":3,"column":36},"end":{"line":14,"column":1}}},"fnMap":{"0":{"name":"(anonymous_0)","decl":{"start":{"line":3,"column":26},"end":{"line":3,"column":27}},"loc":{"start":{"line":3,"column":36},"end":{"line":14,"column":1}},"line":3}},"branchMap":{},"s":{"0":1},"f":{"0":1},"b":{},"_coverageSchema":"43e27e138ebf9cfc5966b082cf9a028302ed4184","hash":"0ab2796b93b0d6d74ed00088100c3739bf918482"}
,"/Users/luismiguelmendes/Desktop/nda-project/refactor-app-microfrontends/src/proposal-header/admin/ProposalHeader.js": {"path":"/Users/luismiguelmendes/Desktop/nda-project/refactor-app-microfrontends/src/proposal-header/admin/ProposalHeader.js","statementMap":{},"fnMap":{},"branchMap":{},"s":{},"f":{},"b":{},"_coverageSchema":"43e27e138ebf9cfc5966b082cf9a028302ed4184","hash":"2c67a39689f05b63ff3db068f215894a5683509e"}
,"/Users/luismiguelmendes/Desktop/nda-project/refactor-app-microfrontends/src/proposal-header/admin/ProposalSteps.js": {"path":"/Users/luismiguelmendes/Desktop/nda-project/refactor-app-microfrontends/src/proposal-header/admin/ProposalSteps.js","statementMap":{},"fnMap":{},"branchMap":{},"s":{},"f":{},"b":{},"_coverageSchema":"43e27e138ebf9cfc5966b082cf9a028302ed4184","hash":"5b99ce98568d57de4f223e70a09e063c7dcb0473"}
,"/Users/luismiguelmendes/Desktop/nda-project/refactor-app-microfrontends/src/proposal-header/admin/index.js": {"path":"/Users/luismiguelmendes/Desktop/nda-project/refactor-app-microfrontends/src/proposal-header/admin/index.js","statementMap":{},"fnMap":{},"branchMap":{},"s":{},"f":{},"b":{},"_coverageSchema":"43e27e138ebf9cfc5966b082cf9a028302ed4184","hash":"1d133c51ddd587257a1b0dd13e5a57d0d705cc0d"}
,"/Users/luismiguelmendes/Desktop/nda-project/refactor-app-microfrontends/src/proposal-header/admin/navPages.js": {"path":"/Users/luismiguelmendes/Desktop/nda-project/refactor-app-microfrontends/src/proposal-header/admin/navPages.js","statementMap":{},"fnMap":{},"branchMap":{},"s":{},"f":{},"b":{},"_coverageSchema":"43e27e138ebf9cfc5966b082cf9a028302ed4184","hash":"65a74f81d708219201aa46487ad40c542a48028e"}
,"/Users/luismiguelmendes/Desktop/nda-project/refactor-app-microfrontends/src/proposal-header/components/Footer/Footer.js": {"path":"/Users/luismiguelmendes/Desktop/nda-project/refactor-app-microfrontends/src/proposal-header/components/Footer/Footer.js","statementMap":{"0":{"start":{"line":16,"column":15},"end":{"line":88,"column":1}},"1":{"start":{"line":17,"column":18},"end":{"line":17,"column":29}},"2":{"start":{"line":18,"column":28},"end":{"line":18,"column":38}},"3":{"start":{"line":19,"column":34},"end":{"line":19,"column":49}},"4":{"start":{"line":21,"column":21},"end":{"line":23,"column":3}},"5":{"start":{"line":22,"column":4},"end":{"line":22,"column":66}},"6":{"start":{"line":25,"column":21},"end":{"line":27,"column":3}},"7":{"start":{"line":26,"column":4},"end":{"line":26,"column":22}},"8":{"start":{"line":29,"column":21},"end":{"line":31,"column":3}},"9":{"start":{"line":30,"column":4},"end":{"line":30,"column":23}},"10":{"start":{"line":33,"column":2},"end":{"line":35,"column":17}},"11":{"start":{"line":34,"column":4},"end":{"line":34,"column":67}},"12":{"start":{"line":37,"column":23},"end":{"line":54,"column":3}},"13":{"start":{"line":38,"column":4},"end":{"line":53,"column":7}},"14":{"start":{"line":56,"column":24},"end":{"line":74,"column":3}},"15":{"start":{"line":57,"column":4},"end":{"line":73,"column":7}},"16":{"start":{"line":76,"column":2},"end":{"line":87,"column":4}}},"fnMap":{"0":{"name":"(anonymous_0)","decl":{"start":{"line":16,"column":15},"end":{"line":16,"column":16}},"loc":{"start":{"line":16,"column":21},"end":{"line":88,"column":1}},"line":16},"1":{"name":"(anonymous_1)","decl":{"start":{"line":21,"column":21},"end":{"line":21,"column":22}},"loc":{"start":{"line":21,"column":27},"end":{"line":23,"column":3}},"line":21},"2":{"name":"(anonymous_2)","decl":{"start":{"line":25,"column":21},"end":{"line":25,"column":22}},"loc":{"start":{"line":25,"column":27},"end":{"line":27,"column":3}},"line":25},"3":{"name":"(anonymous_3)","decl":{"start":{"line":29,"column":21},"end":{"line":29,"column":22}},"loc":{"start":{"line":29,"column":27},"end":{"line":31,"column":3}},"line":29},"4":{"name":"(anonymous_4)","decl":{"start":{"line":33,"column":12},"end":{"line":33,"column":13}},"loc":{"start":{"line":33,"column":18},"end":{"line":35,"column":3}},"line":33},"5":{"name":"(anonymous_5)","decl":{"start":{"line":37,"column":23},"end":{"line":37,"column":24}},"loc":{"start":{"line":38,"column":4},"end":{"line":53,"column":7}},"line":38},"6":{"name":"(anonymous_6)","decl":{"start":{"line":56,"column":24},"end":{"line":56,"column":25}},"loc":{"start":{"line":57,"column":4},"end":{"line":73,"column":7}},"line":57}},"branchMap":{"0":{"loc":{"start":{"line":84,"column":9},"end":{"line":84,"column":52}},"type":"cond-expr","locations":[{"start":{"line":84,"column":20},"end":{"line":84,"column":34}},{"start":{"line":84,"column":37},"end":{"line":84,"column":52}}],"line":84}},"s":{"0":1,"1":6,"2":6,"3":6,"4":6,"5":0,"6":6,"7":1,"8":6,"9":1,"10":6,"11":3,"12":6,"13":2,"14":6,"15":4,"16":6},"f":{"0":6,"1":0,"2":1,"3":1,"4":3,"5":2,"6":4},"b":{"0":[2,4]},"_coverageSchema":"43e27e138ebf9cfc5966b082cf9a028302ed4184","hash":"85acb3ef3cff8c0797263279203a4c32b22e9f1c"}
,"/Users/luismiguelmendes/Desktop/nda-project/refactor-app-microfrontends/src/proposal-header/components/Footer/FooterStyle.js": {"path":"/Users/luismiguelmendes/Desktop/nda-project/refactor-app-microfrontends/src/proposal-header/components/Footer/FooterStyle.js","statementMap":{"0":{"start":{"line":3,"column":36},"end":{"line":25,"column":1}}},"fnMap":{"0":{"name":"(anonymous_0)","decl":{"start":{"line":3,"column":26},"end":{"line":3,"column":27}},"loc":{"start":{"line":3,"column":36},"end":{"line":25,"column":1}},"line":3}},"branchMap":{},"s":{"0":1},"f":{"0":1},"b":{},"_coverageSchema":"43e27e138ebf9cfc5966b082cf9a028302ed4184","hash":"f1949fef9cd3928ebd9ac54bc24e08f4ca178382"}
,"/Users/luismiguelmendes/Desktop/nda-project/refactor-app-microfrontends/src/proposal-header/components/Header/Header.js": {"path":"/Users/luismiguelmendes/Desktop/nda-project/refactor-app-microfrontends/src/proposal-header/components/Header/Header.js","statementMap":{"0":{"start":{"line":8,"column":15},"end":{"line":30,"column":1}},"1":{"start":{"line":9,"column":37},"end":{"line":9,"column":42}},"2":{"start":{"line":10,"column":18},"end":{"line":10,"column":29}},"3":{"start":{"line":12,"column":2},"end":{"line":29,"column":4}},"4":{"start":{"line":32,"column":0},"end":{"line":34,"column":2}}},"fnMap":{"0":{"name":"(anonymous_0)","decl":{"start":{"line":8,"column":15},"end":{"line":8,"column":16}},"loc":{"start":{"line":8,"column":24},"end":{"line":30,"column":1}},"line":8}},"branchMap":{},"s":{"0":1,"1":1,"2":1,"3":1,"4":1},"f":{"0":1},"b":{},"_coverageSchema":"43e27e138ebf9cfc5966b082cf9a028302ed4184","hash":"8d2b7ad782be2be01106bc45f95f7c077c75c91d"}
,"/Users/luismiguelmendes/Desktop/nda-project/refactor-app-microfrontends/src/proposal-header/components/Header/HeaderStyle.js": {"path":"/Users/luismiguelmendes/Desktop/nda-project/refactor-app-microfrontends/src/proposal-header/components/Header/HeaderStyle.js","statementMap":{"0":{"start":{"line":3,"column":36},"end":{"line":20,"column":1}}},"fnMap":{"0":{"name":"(anonymous_0)","decl":{"start":{"line":3,"column":26},"end":{"line":3,"column":27}},"loc":{"start":{"line":3,"column":36},"end":{"line":20,"column":1}},"line":3}},"branchMap":{},"s":{"0":1},"f":{"0":1},"b":{},"_coverageSchema":"43e27e138ebf9cfc5966b082cf9a028302ed4184","hash":"ee81528cf785fcebbebf83f2dc0bba24ab38e803"}
,"/Users/luismiguelmendes/Desktop/nda-project/refactor-app-microfrontends/src/proposal-header/components/InputField/InputField.js": {"path":"/Users/luismiguelmendes/Desktop/nda-project/refactor-app-microfrontends/src/proposal-header/components/InputField/InputField.js","statementMap":{"0":{"start":{"line":5,"column":19},"end":{"line":17,"column":1}},"1":{"start":{"line":6,"column":19},"end":{"line":6,"column":24}},"2":{"start":{"line":7,"column":2},"end":{"line":16,"column":3}},"3":{"start":{"line":9,"column":6},"end":{"line":9,"column":51}},"4":{"start":{"line":11,"column":6},"end":{"line":11,"column":49}},"5":{"start":{"line":13,"column":6},"end":{"line":13,"column":51}},"6":{"start":{"line":15,"column":6},"end":{"line":15,"column":49}},"7":{"start":{"line":19,"column":0},"end":{"line":21,"column":1}}},"fnMap":{"0":{"name":"(anonymous_0)","decl":{"start":{"line":5,"column":19},"end":{"line":5,"column":20}},"loc":{"start":{"line":5,"column":28},"end":{"line":17,"column":1}},"line":5}},"branchMap":{"0":{"loc":{"start":{"line":7,"column":2},"end":{"line":16,"column":3}},"type":"switch","locations":[{"start":{"line":8,"column":4},"end":{"line":9,"column":51}},{"start":{"line":10,"column":4},"end":{"line":11,"column":49}},{"start":{"line":12,"column":4},"end":{"line":13,"column":51}},{"start":{"line":14,"column":4},"end":{"line":15,"column":49}}],"line":7}},"s":{"0":1,"1":4,"2":4,"3":0,"4":0,"5":0,"6":4,"7":1},"f":{"0":4},"b":{"0":[0,0,0,4]},"_coverageSchema":"43e27e138ebf9cfc5966b082cf9a028302ed4184","hash":"9f461339260c8eb12efb1e5ae7b0694e7cc149bb"}
,"/Users/luismiguelmendes/Desktop/nda-project/refactor-app-microfrontends/src/proposal-header/components/InputField/index.js": {"path":"/Users/luismiguelmendes/Desktop/nda-project/refactor-app-microfrontends/src/proposal-header/components/InputField/index.js","statementMap":{},"fnMap":{},"branchMap":{},"s":{},"f":{},"b":{},"_coverageSchema":"43e27e138ebf9cfc5966b082cf9a028302ed4184","hash":"97faab389bcdfef2bdd79a6cccf14f242c5dc614"}
,"/Users/luismiguelmendes/Desktop/nda-project/refactor-app-microfrontends/src/proposal-header/components/InputField/components/DateInput.js": {"path":"/Users/luismiguelmendes/Desktop/nda-project/refactor-app-microfrontends/src/proposal-header/components/InputField/components/DateInput.js","statementMap":{"0":{"start":{"line":8,"column":18},"end":{"line":37,"column":1}},"1":{"start":{"line":9,"column":17},"end":{"line":9,"column":22}},"2":{"start":{"line":10,"column":28},"end":{"line":10,"column":40}},"3":{"start":{"line":11,"column":28},"end":{"line":11,"column":38}},"4":{"start":{"line":13,"column":23},"end":{"line":15,"column":3}},"5":{"start":{"line":14,"column":4},"end":{"line":14,"column":33}},"6":{"start":{"line":17,"column":2},"end":{"line":19,"column":18}},"7":{"start":{"line":18,"column":4},"end":{"line":18,"column":70}},"8":{"start":{"line":21,"column":2},"end":{"line":36,"column":4}},"9":{"start":{"line":39,"column":0},"end":{"line":41,"column":2}}},"fnMap":{"0":{"name":"(anonymous_0)","decl":{"start":{"line":8,"column":18},"end":{"line":8,"column":19}},"loc":{"start":{"line":8,"column":27},"end":{"line":37,"column":1}},"line":8},"1":{"name":"(anonymous_1)","decl":{"start":{"line":13,"column":23},"end":{"line":13,"column":24}},"loc":{"start":{"line":13,"column":32},"end":{"line":15,"column":3}},"line":13},"2":{"name":"(anonymous_2)","decl":{"start":{"line":17,"column":12},"end":{"line":17,"column":13}},"loc":{"start":{"line":17,"column":18},"end":{"line":19,"column":3}},"line":17}},"branchMap":{"0":{"loc":{"start":{"line":32,"column":13},"end":{"line":32,"column":40}},"type":"binary-expr","locations":[{"start":{"line":32,"column":13},"end":{"line":32,"column":31}},{"start":{"line":32,"column":35},"end":{"line":32,"column":40}}],"line":32}},"s":{"0":2,"1":4,"2":4,"3":4,"4":4,"5":1,"6":4,"7":2,"8":4,"9":2},"f":{"0":4,"1":1,"2":2},"b":{"0":[4,3]},"_coverageSchema":"43e27e138ebf9cfc5966b082cf9a028302ed4184","hash":"b386dd849b40c9de966cc161c022b6c21bfed52c"}
,"/Users/luismiguelmendes/Desktop/nda-project/refactor-app-microfrontends/src/proposal-header/components/InputField/components/SelectInput.js": {"path":"/Users/luismiguelmendes/Desktop/nda-project/refactor-app-microfrontends/src/proposal-header/components/InputField/components/SelectInput.js","statementMap":{"0":{"start":{"line":8,"column":20},"end":{"line":42,"column":1}},"1":{"start":{"line":9,"column":26},"end":{"line":9,"column":31}},"2":{"start":{"line":10,"column":28},"end":{"line":10,"column":40}},"3":{"start":{"line":11,"column":28},"end":{"line":11,"column":38}},"4":{"start":{"line":13,"column":23},"end":{"line":15,"column":3}},"5":{"start":{"line":14,"column":4},"end":{"line":14,"column":33}},"6":{"start":{"line":17,"column":2},"end":{"line":19,"column":18}},"7":{"start":{"line":18,"column":4},"end":{"line":18,"column":70}},"8":{"start":{"line":21,"column":2},"end":{"line":41,"column":4}},"9":{"start":{"line":36,"column":8},"end":{"line":38,"column":17}},"10":{"start":{"line":44,"column":0},"end":{"line":47,"column":2}}},"fnMap":{"0":{"name":"(anonymous_0)","decl":{"start":{"line":8,"column":20},"end":{"line":8,"column":21}},"loc":{"start":{"line":8,"column":29},"end":{"line":42,"column":1}},"line":8},"1":{"name":"(anonymous_1)","decl":{"start":{"line":13,"column":23},"end":{"line":13,"column":24}},"loc":{"start":{"line":13,"column":32},"end":{"line":15,"column":3}},"line":13},"2":{"name":"(anonymous_2)","decl":{"start":{"line":17,"column":12},"end":{"line":17,"column":13}},"loc":{"start":{"line":17,"column":18},"end":{"line":19,"column":3}},"line":17},"3":{"name":"(anonymous_3)","decl":{"start":{"line":35,"column":19},"end":{"line":35,"column":20}},"loc":{"start":{"line":36,"column":8},"end":{"line":38,"column":17}},"line":36}},"branchMap":{"0":{"loc":{"start":{"line":32,"column":13},"end":{"line":32,"column":40}},"type":"binary-expr","locations":[{"start":{"line":32,"column":13},"end":{"line":32,"column":31}},{"start":{"line":32,"column":35},"end":{"line":32,"column":40}}],"line":32}},"s":{"0":2,"1":4,"2":4,"3":4,"4":4,"5":1,"6":4,"7":2,"8":4,"9":16,"10":2},"f":{"0":4,"1":1,"2":2,"3":16},"b":{"0":[4,3]},"_coverageSchema":"43e27e138ebf9cfc5966b082cf9a028302ed4184","hash":"005cac315a3106c7f165adf69ddc0b5bd47b19c1"}
,"/Users/luismiguelmendes/Desktop/nda-project/refactor-app-microfrontends/src/proposal-header/components/InputField/components/SwitchInput.js": {"path":"/Users/luismiguelmendes/Desktop/nda-project/refactor-app-microfrontends/src/proposal-header/components/InputField/components/SwitchInput.js","statementMap":{"0":{"start":{"line":9,"column":20},"end":{"line":39,"column":1}},"1":{"start":{"line":10,"column":17},"end":{"line":10,"column":22}},"2":{"start":{"line":11,"column":28},"end":{"line":11,"column":43}},"3":{"start":{"line":12,"column":28},"end":{"line":12,"column":38}},"4":{"start":{"line":14,"column":23},"end":{"line":17,"column":3}},"5":{"start":{"line":15,"column":4},"end":{"line":15,"column":38}},"6":{"start":{"line":16,"column":4},"end":{"line":16,"column":35}},"7":{"start":{"line":19,"column":2},"end":{"line":21,"column":18}},"8":{"start":{"line":20,"column":4},"end":{"line":20,"column":70}},"9":{"start":{"line":23,"column":2},"end":{"line":38,"column":4}},"10":{"start":{"line":41,"column":0},"end":{"line":43,"column":2}}},"fnMap":{"0":{"name":"(anonymous_0)","decl":{"start":{"line":9,"column":20},"end":{"line":9,"column":21}},"loc":{"start":{"line":9,"column":29},"end":{"line":39,"column":1}},"line":9},"1":{"name":"(anonymous_1)","decl":{"start":{"line":14,"column":23},"end":{"line":14,"column":24}},"loc":{"start":{"line":14,"column":32},"end":{"line":17,"column":3}},"line":14},"2":{"name":"(anonymous_2)","decl":{"start":{"line":19,"column":12},"end":{"line":19,"column":13}},"loc":{"start":{"line":19,"column":18},"end":{"line":21,"column":3}},"line":19}},"branchMap":{"0":{"loc":{"start":{"line":27,"column":19},"end":{"line":27,"column":46}},"type":"binary-expr","locations":[{"start":{"line":27,"column":19},"end":{"line":27,"column":37}},{"start":{"line":27,"column":41},"end":{"line":27,"column":46}}],"line":27}},"s":{"0":2,"1":4,"2":4,"3":4,"4":4,"5":1,"6":1,"7":4,"8":2,"9":4,"10":2},"f":{"0":4,"1":1,"2":2},"b":{"0":[4,3]},"_coverageSchema":"43e27e138ebf9cfc5966b082cf9a028302ed4184","hash":"ac9cc9afe1c4f8f8ab3aaece27f47abb01f178ad"}
,"/Users/luismiguelmendes/Desktop/nda-project/refactor-app-microfrontends/src/proposal-header/components/InputField/components/TextInput.js": {"path":"/Users/luismiguelmendes/Desktop/nda-project/refactor-app-microfrontends/src/proposal-header/components/InputField/components/TextInput.js","statementMap":{"0":{"start":{"line":8,"column":18},"end":{"line":34,"column":1}},"1":{"start":{"line":9,"column":17},"end":{"line":9,"column":22}},"2":{"start":{"line":10,"column":28},"end":{"line":10,"column":40}},"3":{"start":{"line":11,"column":28},"end":{"line":11,"column":38}},"4":{"start":{"line":13,"column":23},"end":{"line":15,"column":3}},"5":{"start":{"line":14,"column":4},"end":{"line":14,"column":33}},"6":{"start":{"line":17,"column":2},"end":{"line":19,"column":18}},"7":{"start":{"line":18,"column":4},"end":{"line":18,"column":70}},"8":{"start":{"line":21,"column":2},"end":{"line":33,"column":4}},"9":{"start":{"line":36,"column":0},"end":{"line":38,"column":2}}},"fnMap":{"0":{"name":"(anonymous_0)","decl":{"start":{"line":8,"column":18},"end":{"line":8,"column":19}},"loc":{"start":{"line":8,"column":27},"end":{"line":34,"column":1}},"line":8},"1":{"name":"(anonymous_1)","decl":{"start":{"line":13,"column":23},"end":{"line":13,"column":24}},"loc":{"start":{"line":13,"column":32},"end":{"line":15,"column":3}},"line":13},"2":{"name":"(anonymous_2)","decl":{"start":{"line":17,"column":12},"end":{"line":17,"column":13}},"loc":{"start":{"line":17,"column":18},"end":{"line":19,"column":3}},"line":17}},"branchMap":{"0":{"loc":{"start":{"line":29,"column":13},"end":{"line":29,"column":40}},"type":"binary-expr","locations":[{"start":{"line":29,"column":13},"end":{"line":29,"column":31}},{"start":{"line":29,"column":35},"end":{"line":29,"column":40}}],"line":29}},"s":{"0":2,"1":10,"2":10,"3":10,"4":10,"5":1,"6":10,"7":4,"8":10,"9":2},"f":{"0":10,"1":1,"2":4},"b":{"0":[10,9]},"_coverageSchema":"43e27e138ebf9cfc5966b082cf9a028302ed4184","hash":"ccbf65ce0f2d89f3dee785af017914452536db2f"}
,"/Users/luismiguelmendes/Desktop/nda-project/refactor-app-microfrontends/src/proposal-header/components/InputField/components/index.js": {"path":"/Users/luismiguelmendes/Desktop/nda-project/refactor-app-microfrontends/src/proposal-header/components/InputField/components/index.js","statementMap":{},"fnMap":{},"branchMap":{},"s":{},"f":{},"b":{},"_coverageSchema":"43e27e138ebf9cfc5966b082cf9a028302ed4184","hash":"fc0ba65ef3ff8874e17d88a49a4828aa4cb04964"}
,"/Users/luismiguelmendes/Desktop/nda-project/refactor-app-microfrontends/src/proposal-header/components/Section/Section.js": {"path":"/Users/luismiguelmendes/Desktop/nda-project/refactor-app-microfrontends/src/proposal-header/components/Section/Section.js","statementMap":{"0":{"start":{"line":15,"column":16},"end":{"line":61,"column":1}},"1":{"start":{"line":16,"column":28},"end":{"line":16,"column":33}},"2":{"start":{"line":17,"column":18},"end":{"line":17,"column":29}},"3":{"start":{"line":18,"column":34},"end":{"line":18,"column":48}},"4":{"start":{"line":20,"column":24},"end":{"line":22,"column":3}},"5":{"start":{"line":21,"column":4},"end":{"line":21,"column":31}},"6":{"start":{"line":21,"column":24},"end":{"line":21,"column":29}},"7":{"start":{"line":24,"column":2},"end":{"line":60,"column":4}},"8":{"start":{"line":45,"column":14},"end":{"line":54,"column":21}},"9":{"start":{"line":63,"column":0},"end":{"line":66,"column":2}}},"fnMap":{"0":{"name":"(anonymous_0)","decl":{"start":{"line":15,"column":16},"end":{"line":15,"column":17}},"loc":{"start":{"line":15,"column":25},"end":{"line":61,"column":1}},"line":15},"1":{"name":"(anonymous_1)","decl":{"start":{"line":20,"column":24},"end":{"line":20,"column":25}},"loc":{"start":{"line":20,"column":30},"end":{"line":22,"column":3}},"line":20},"2":{"name":"(anonymous_2)","decl":{"start":{"line":21,"column":16},"end":{"line":21,"column":17}},"loc":{"start":{"line":21,"column":24},"end":{"line":21,"column":29}},"line":21},"3":{"name":"(anonymous_3)","decl":{"start":{"line":44,"column":24},"end":{"line":44,"column":25}},"loc":{"start":{"line":45,"column":14},"end":{"line":54,"column":21}},"line":45}},"branchMap":{},"s":{"0":1,"1":2,"2":2,"3":2,"4":2,"5":1,"6":1,"7":2,"8":4,"9":1},"f":{"0":2,"1":1,"2":1,"3":4},"b":{},"_coverageSchema":"43e27e138ebf9cfc5966b082cf9a028302ed4184","hash":"c5196ff319d06b270b8d3f0134df29246878f7e6"}
,"/Users/luismiguelmendes/Desktop/nda-project/refactor-app-microfrontends/src/proposal-header/components/Section/SectionStyle.js": {"path":"/Users/luismiguelmendes/Desktop/nda-project/refactor-app-microfrontends/src/proposal-header/components/Section/SectionStyle.js","statementMap":{"0":{"start":{"line":3,"column":36},"end":{"line":18,"column":1}}},"fnMap":{"0":{"name":"(anonymous_0)","decl":{"start":{"line":3,"column":26},"end":{"line":3,"column":27}},"loc":{"start":{"line":3,"column":36},"end":{"line":18,"column":1}},"line":3}},"branchMap":{},"s":{"0":1},"f":{"0":1},"b":{},"_coverageSchema":"43e27e138ebf9cfc5966b082cf9a028302ed4184","hash":"ae5f4ff30da04b7035b2123d60facf9969d1da24"}
,"/Users/luismiguelmendes/Desktop/nda-project/refactor-app-microfrontends/src/proposal-header/components/Sidebar/Sidebar.js": {"path":"/Users/luismiguelmendes/Desktop/nda-project/refactor-app-microfrontends/src/proposal-header/components/Sidebar/Sidebar.js","statementMap":{"0":{"start":{"line":9,"column":16},"end":{"line":26,"column":1}},"1":{"start":{"line":10,"column":22},"end":{"line":10,"column":27}},"2":{"start":{"line":11,"column":18},"end":{"line":11,"column":29}},"3":{"start":{"line":13,"column":2},"end":{"line":25,"column":4}},"4":{"start":{"line":28,"column":0},"end":{"line":30,"column":2}}},"fnMap":{"0":{"name":"(anonymous_0)","decl":{"start":{"line":9,"column":16},"end":{"line":9,"column":17}},"loc":{"start":{"line":9,"column":25},"end":{"line":26,"column":1}},"line":9}},"branchMap":{},"s":{"0":1,"1":1,"2":1,"3":1,"4":1},"f":{"0":1},"b":{},"_coverageSchema":"43e27e138ebf9cfc5966b082cf9a028302ed4184","hash":"96bbacb85315f88af74bfac90769ec9c06614c9f"}
,"/Users/luismiguelmendes/Desktop/nda-project/refactor-app-microfrontends/src/proposal-header/components/Sidebar/SidebarStyle.js": {"path":"/Users/luismiguelmendes/Desktop/nda-project/refactor-app-microfrontends/src/proposal-header/components/Sidebar/SidebarStyle.js","statementMap":{"0":{"start":{"line":3,"column":36},"end":{"line":24,"column":1}}},"fnMap":{"0":{"name":"(anonymous_0)","decl":{"start":{"line":3,"column":26},"end":{"line":3,"column":27}},"loc":{"start":{"line":3,"column":36},"end":{"line":24,"column":1}},"line":3}},"branchMap":{},"s":{"0":1},"f":{"0":1},"b":{},"_coverageSchema":"43e27e138ebf9cfc5966b082cf9a028302ed4184","hash":"230f0ebbc0c4b1bee61778757203c2e688c18379"}
,"/Users/luismiguelmendes/Desktop/nda-project/refactor-app-microfrontends/src/proposal-header/components/Sidebar/components/index.js": {"path":"/Users/luismiguelmendes/Desktop/nda-project/refactor-app-microfrontends/src/proposal-header/components/Sidebar/components/index.js","statementMap":{},"fnMap":{},"branchMap":{},"s":{},"f":{},"b":{},"_coverageSchema":"43e27e138ebf9cfc5966b082cf9a028302ed4184","hash":"0462959e1c6d70c085a36db2e94b6798b047ce68"}
,"/Users/luismiguelmendes/Desktop/nda-project/refactor-app-microfrontends/src/proposal-header/components/Sidebar/components/Profile/Profile.js": {"path":"/Users/luismiguelmendes/Desktop/nda-project/refactor-app-microfrontends/src/proposal-header/components/Sidebar/components/Profile/Profile.js","statementMap":{"0":{"start":{"line":6,"column":16},"end":{"line":35,"column":1}},"1":{"start":{"line":7,"column":18},"end":{"line":7,"column":29}},"2":{"start":{"line":9,"column":15},"end":{"line":13,"column":3}},"3":{"start":{"line":15,"column":2},"end":{"line":34,"column":4}}},"fnMap":{"0":{"name":"(anonymous_0)","decl":{"start":{"line":6,"column":16},"end":{"line":6,"column":17}},"loc":{"start":{"line":6,"column":22},"end":{"line":35,"column":1}},"line":6}},"branchMap":{},"s":{"0":2,"1":2,"2":2,"3":2},"f":{"0":2},"b":{},"_coverageSchema":"43e27e138ebf9cfc5966b082cf9a028302ed4184","hash":"e7cbe809bde1f72be9e8571665f6d2c85993ba4e"}
,"/Users/luismiguelmendes/Desktop/nda-project/refactor-app-microfrontends/src/proposal-header/components/Sidebar/components/Profile/ProfileStyle.js": {"path":"/Users/luismiguelmendes/Desktop/nda-project/refactor-app-microfrontends/src/proposal-header/components/Sidebar/components/Profile/ProfileStyle.js","statementMap":{"0":{"start":{"line":3,"column":36},"end":{"line":17,"column":1}}},"fnMap":{"0":{"name":"(anonymous_0)","decl":{"start":{"line":3,"column":26},"end":{"line":3,"column":27}},"loc":{"start":{"line":3,"column":36},"end":{"line":17,"column":1}},"line":3}},"branchMap":{},"s":{"0":2},"f":{"0":2},"b":{},"_coverageSchema":"43e27e138ebf9cfc5966b082cf9a028302ed4184","hash":"cc3107be3534c0da41f6bf996355acca6561cb61"}
,"/Users/luismiguelmendes/Desktop/nda-project/refactor-app-microfrontends/src/proposal-header/components/Sidebar/components/Profile/index.js": {"path":"/Users/luismiguelmendes/Desktop/nda-project/refactor-app-microfrontends/src/proposal-header/components/Sidebar/components/Profile/index.js","statementMap":{},"fnMap":{},"branchMap":{},"s":{},"f":{},"b":{},"_coverageSchema":"43e27e138ebf9cfc5966b082cf9a028302ed4184","hash":"1e67121c680093bcb908dc81b1cf694c91fcee98"}
,"/Users/luismiguelmendes/Desktop/nda-project/refactor-app-microfrontends/src/proposal-header/components/Sidebar/components/SidebarNav/SidebarNav.js": {"path":"/Users/luismiguelmendes/Desktop/nda-project/refactor-app-microfrontends/src/proposal-header/components/Sidebar/components/SidebarNav/SidebarNav.js","statementMap":{"0":{"start":{"line":9,"column":19},"end":{"line":19,"column":1}},"1":{"start":{"line":10,"column":18},"end":{"line":10,"column":29}},"2":{"start":{"line":12,"column":2},"end":{"line":18,"column":4}},"3":{"start":{"line":15,"column":8},"end":{"line":15,"column":49}}},"fnMap":{"0":{"name":"(anonymous_0)","decl":{"start":{"line":9,"column":19},"end":{"line":9,"column":20}},"loc":{"start":{"line":9,"column":25},"end":{"line":19,"column":1}},"line":9},"1":{"name":"(anonymous_1)","decl":{"start":{"line":14,"column":20},"end":{"line":14,"column":21}},"loc":{"start":{"line":15,"column":8},"end":{"line":15,"column":49}},"line":15}},"branchMap":{},"s":{"0":2,"1":2,"2":2,"3":6},"f":{"0":2,"1":6},"b":{},"_coverageSchema":"43e27e138ebf9cfc5966b082cf9a028302ed4184","hash":"2a74a93f28ed8e28c0e9fdcc5d082b82ebc8a3ae"}
,"/Users/luismiguelmendes/Desktop/nda-project/refactor-app-microfrontends/src/proposal-header/components/Sidebar/components/SidebarNav/SidebarNavStyle.js": {"path":"/Users/luismiguelmendes/Desktop/nda-project/refactor-app-microfrontends/src/proposal-header/components/Sidebar/components/SidebarNav/SidebarNavStyle.js","statementMap":{"0":{"start":{"line":4,"column":36},"end":{"line":35,"column":1}}},"fnMap":{"0":{"name":"(anonymous_0)","decl":{"start":{"line":4,"column":26},"end":{"line":4,"column":27}},"loc":{"start":{"line":4,"column":36},"end":{"line":35,"column":1}},"line":4}},"branchMap":{},"s":{"0":2},"f":{"0":2},"b":{},"_coverageSchema":"43e27e138ebf9cfc5966b082cf9a028302ed4184","hash":"7b172aa67865acf808a971465fc9b99ed645fb7d"}
,"/Users/luismiguelmendes/Desktop/nda-project/refactor-app-microfrontends/src/proposal-header/components/Sidebar/components/SidebarNav/index.js": {"path":"/Users/luismiguelmendes/Desktop/nda-project/refactor-app-microfrontends/src/proposal-header/components/Sidebar/components/SidebarNav/index.js","statementMap":{},"fnMap":{},"branchMap":{},"s":{},"f":{},"b":{},"_coverageSchema":"43e27e138ebf9cfc5966b082cf9a028302ed4184","hash":"ab231f589a32d29d1b780e179b87bb975fe5ea7e"}
,"/Users/luismiguelmendes/Desktop/nda-project/refactor-app-microfrontends/src/proposal-header/components/Sidebar/components/SidebarNav/components/NavbarItem.js": {"path":"/Users/luismiguelmendes/Desktop/nda-project/refactor-app-microfrontends/src/proposal-header/components/Sidebar/components/SidebarNav/components/NavbarItem.js","statementMap":{"0":{"start":{"line":9,"column":21},"end":{"line":9,"column":62}},"1":{"start":{"line":9,"column":29},"end":{"line":9,"column":62}},"2":{"start":{"line":11,"column":19},"end":{"line":94,"column":1}},"3":{"start":{"line":12,"column":42},"end":{"line":12,"column":47}},"4":{"start":{"line":13,"column":18},"end":{"line":13,"column":29}},"5":{"start":{"line":14,"column":26},"end":{"line":14,"column":40}},"6":{"start":{"line":16,"column":22},"end":{"line":18,"column":3}},"7":{"start":{"line":17,"column":4},"end":{"line":17,"column":19}},"8":{"start":{"line":20,"column":25},"end":{"line":22,"column":3}},"9":{"start":{"line":21,"column":4},"end":{"line":21,"column":47}},"10":{"start":{"line":24,"column":24},"end":{"line":91,"column":3}},"11":{"start":{"line":25,"column":4},"end":{"line":72,"column":5}},"12":{"start":{"line":26,"column":6},"end":{"line":71,"column":8}},"13":{"start":{"line":53,"column":16},"end":{"line":66,"column":27}},"14":{"start":{"line":63,"column":35},"end":{"line":63,"column":61}},"15":{"start":{"line":73,"column":4},"end":{"line":90,"column":6}},"16":{"start":{"line":85,"column":25},"end":{"line":85,"column":45}},"17":{"start":{"line":93,"column":2},"end":{"line":93,"column":25}}},"fnMap":{"0":{"name":"(anonymous_0)","decl":{"start":{"line":9,"column":21},"end":{"line":9,"column":22}},"loc":{"start":{"line":9,"column":29},"end":{"line":9,"column":62}},"line":9},"1":{"name":"(anonymous_1)","decl":{"start":{"line":11,"column":19},"end":{"line":11,"column":20}},"loc":{"start":{"line":11,"column":28},"end":{"line":94,"column":1}},"line":11},"2":{"name":"(anonymous_2)","decl":{"start":{"line":16,"column":22},"end":{"line":16,"column":23}},"loc":{"start":{"line":16,"column":28},"end":{"line":18,"column":3}},"line":16},"3":{"name":"(anonymous_3)","decl":{"start":{"line":20,"column":25},"end":{"line":20,"column":26}},"loc":{"start":{"line":20,"column":33},"end":{"line":22,"column":3}},"line":20},"4":{"name":"(anonymous_4)","decl":{"start":{"line":24,"column":24},"end":{"line":24,"column":25}},"loc":{"start":{"line":24,"column":30},"end":{"line":91,"column":3}},"line":24},"5":{"name":"(anonymous_5)","decl":{"start":{"line":52,"column":28},"end":{"line":52,"column":29}},"loc":{"start":{"line":53,"column":16},"end":{"line":66,"column":27}},"line":53},"6":{"name":"(anonymous_6)","decl":{"start":{"line":63,"column":29},"end":{"line":63,"column":30}},"loc":{"start":{"line":63,"column":35},"end":{"line":63,"column":61}},"line":63},"7":{"name":"(anonymous_7)","decl":{"start":{"line":85,"column":19},"end":{"line":85,"column":20}},"loc":{"start":{"line":85,"column":25},"end":{"line":85,"column":45}},"line":85}},"branchMap":{"0":{"loc":{"start":{"line":25,"column":4},"end":{"line":72,"column":5}},"type":"if","locations":[{"start":{"line":25,"column":4},"end":{"line":72,"column":5}},{"start":{"line":25,"column":4},"end":{"line":72,"column":5}}],"line":25},"1":{"loc":{"start":{"line":39,"column":15},"end":{"line":43,"column":15}},"type":"cond-expr","locations":[{"start":{"line":40,"column":16},"end":{"line":40,"column":77}},{"start":{"line":42,"column":16},"end":{"line":42,"column":77}}],"line":39},"2":{"loc":{"start":{"line":59,"column":22},"end":{"line":61,"column":46}},"type":"cond-expr","locations":[{"start":{"line":60,"column":26},"end":{"line":60,"column":74}},{"start":{"line":61,"column":26},"end":{"line":61,"column":46}}],"line":59},"3":{"loc":{"start":{"line":81,"column":12},"end":{"line":83,"column":30}},"type":"cond-expr","locations":[{"start":{"line":82,"column":16},"end":{"line":82,"column":52}},{"start":{"line":83,"column":16},"end":{"line":83,"column":30}}],"line":81}},"s":{"0":3,"1":21,"2":3,"3":14,"4":14,"5":14,"6":14,"7":1,"8":14,"9":0,"10":14,"11":14,"12":7,"13":14,"14":0,"15":7,"16":0,"17":14},"f":{"0":21,"1":14,"2":1,"3":0,"4":14,"5":14,"6":0,"7":0},"b":{"0":[7,7],"1":[6,1],"2":[0,14],"3":[0,7]},"_coverageSchema":"43e27e138ebf9cfc5966b082cf9a028302ed4184","hash":"29f657ffb677ace76e3ba8f59e9616280df30bb0"}
,"/Users/luismiguelmendes/Desktop/nda-project/refactor-app-microfrontends/src/proposal-header/components/Sidebar/components/SidebarNav/components/NavbarItemStyle.js": {"path":"/Users/luismiguelmendes/Desktop/nda-project/refactor-app-microfrontends/src/proposal-header/components/Sidebar/components/SidebarNav/components/NavbarItemStyle.js","statementMap":{"0":{"start":{"line":3,"column":36},"end":{"line":57,"column":1}}},"fnMap":{"0":{"name":"(anonymous_0)","decl":{"start":{"line":3,"column":26},"end":{"line":3,"column":27}},"loc":{"start":{"line":3,"column":36},"end":{"line":57,"column":1}},"line":3}},"branchMap":{},"s":{"0":9},"f":{"0":9},"b":{},"_coverageSchema":"43e27e138ebf9cfc5966b082cf9a028302ed4184","hash":"241b30b60d6dc7595be38f92a1dacc52a63e69fe"}
,"/Users/luismiguelmendes/Desktop/nda-project/refactor-app-microfrontends/src/proposal-header/components/Sidebar/components/SidebarNav/components/index.js": {"path":"/Users/luismiguelmendes/Desktop/nda-project/refactor-app-microfrontends/src/proposal-header/components/Sidebar/components/SidebarNav/components/index.js","statementMap":{},"fnMap":{},"branchMap":{},"s":{},"f":{},"b":{},"_coverageSchema":"43e27e138ebf9cfc5966b082cf9a028302ed4184","hash":"60f7c518cd1ab358cb9d13bf31c3a20da110f3f3"}
,"/Users/luismiguelmendes/Desktop/nda-project/refactor-app-microfrontends/src/proposal-header/components/StepperChevron/StepperChevron.js": {"path":"/Users/luismiguelmendes/Desktop/nda-project/refactor-app-microfrontends/src/proposal-header/components/StepperChevron/StepperChevron.js","statementMap":{"0":{"start":{"line":13,"column":26},"end":{"line":33,"column":18}},"1":{"start":{"line":13,"column":47},"end":{"line":33,"column":1}},"2":{"start":{"line":35,"column":23},"end":{"line":58,"column":1}},"3":{"start":{"line":36,"column":18},"end":{"line":36,"column":29}},"4":{"start":{"line":37,"column":16},"end":{"line":37,"column":29}},"5":{"start":{"line":39,"column":2},"end":{"line":57,"column":4}},"6":{"start":{"line":46,"column":8},"end":{"line":54,"column":15}},"7":{"start":{"line":50,"column":14},"end":{"line":50,"column":65}},"8":{"start":{"line":60,"column":0},"end":{"line":62,"column":2}}},"fnMap":{"0":{"name":"(anonymous_0)","decl":{"start":{"line":13,"column":37},"end":{"line":13,"column":38}},"loc":{"start":{"line":13,"column":47},"end":{"line":33,"column":1}},"line":13},"1":{"name":"(anonymous_1)","decl":{"start":{"line":35,"column":23},"end":{"line":35,"column":24}},"loc":{"start":{"line":35,"column":29},"end":{"line":58,"column":1}},"line":35},"2":{"name":"(anonymous_2)","decl":{"start":{"line":45,"column":25},"end":{"line":45,"column":26}},"loc":{"start":{"line":46,"column":8},"end":{"line":54,"column":15}},"line":46},"3":{"name":"(anonymous_3)","decl":{"start":{"line":49,"column":31},"end":{"line":49,"column":32}},"loc":{"start":{"line":50,"column":14},"end":{"line":50,"column":65}},"line":50}},"branchMap":{},"s":{"0":1,"1":1,"2":1,"3":1,"4":1,"5":1,"6":8,"7":8,"8":1},"f":{"0":1,"1":1,"2":8,"3":8},"b":{},"_coverageSchema":"43e27e138ebf9cfc5966b082cf9a028302ed4184","hash":"a94fbc9c388100c6abb52207b1a58dc1405ba31e"}
,"/Users/luismiguelmendes/Desktop/nda-project/refactor-app-microfrontends/src/proposal-header/components/StepperChevron/StepperChevronStyle.js": {"path":"/Users/luismiguelmendes/Desktop/nda-project/refactor-app-microfrontends/src/proposal-header/components/StepperChevron/StepperChevronStyle.js","statementMap":{},"fnMap":{},"branchMap":{},"s":{},"f":{},"b":{},"_coverageSchema":"43e27e138ebf9cfc5966b082cf9a028302ed4184","hash":"38ff032cee3b057bd10e5ada59805e37e0b72f69"}
,"/Users/luismiguelmendes/Desktop/nda-project/refactor-app-microfrontends/src/proposal-header/components/StepperChevron/components/index.js": {"path":"/Users/luismiguelmendes/Desktop/nda-project/refactor-app-microfrontends/src/proposal-header/components/StepperChevron/components/index.js","statementMap":{},"fnMap":{},"branchMap":{},"s":{},"f":{},"b":{},"_coverageSchema":"43e27e138ebf9cfc5966b082cf9a028302ed4184","hash":"50408011e23e9d758e5123588d495bf972f2e03b"}
,"/Users/luismiguelmendes/Desktop/nda-project/refactor-app-microfrontends/src/proposal-header/components/StepperChevron/components/StepIcon/StepIcon.js": {"path":"/Users/luismiguelmendes/Desktop/nda-project/refactor-app-microfrontends/src/proposal-header/components/StepperChevron/components/StepIcon/StepIcon.js","statementMap":{"0":{"start":{"line":8,"column":17},"end":{"line":23,"column":1}},"1":{"start":{"line":9,"column":18},"end":{"line":9,"column":29}},"2":{"start":{"line":10,"column":30},"end":{"line":10,"column":35}},"3":{"start":{"line":11,"column":32},"end":{"line":11,"column":41}},"4":{"start":{"line":13,"column":2},"end":{"line":22,"column":4}},"5":{"start":{"line":25,"column":0},"end":{"line":28,"column":2}}},"fnMap":{"0":{"name":"(anonymous_0)","decl":{"start":{"line":8,"column":17},"end":{"line":8,"column":18}},"loc":{"start":{"line":8,"column":26},"end":{"line":23,"column":1}},"line":8}},"branchMap":{"0":{"loc":{"start":{"line":20,"column":7},"end":{"line":20,"column":67}},"type":"cond-expr","locations":[{"start":{"line":20,"column":19},"end":{"line":20,"column":60}},{"start":{"line":20,"column":63},"end":{"line":20,"column":67}}],"line":20}},"s":{"0":2,"1":11,"2":11,"3":11,"4":11,"5":2},"f":{"0":11},"b":{"0":[1,10]},"_coverageSchema":"43e27e138ebf9cfc5966b082cf9a028302ed4184","hash":"8e126bdb843353861e401afb76b8881c48d84ce7"}
,"/Users/luismiguelmendes/Desktop/nda-project/refactor-app-microfrontends/src/proposal-header/components/StepperChevron/components/StepIcon/StepIconStyle.js": {"path":"/Users/luismiguelmendes/Desktop/nda-project/refactor-app-microfrontends/src/proposal-header/components/StepperChevron/components/StepIcon/StepIconStyle.js","statementMap":{"0":{"start":{"line":3,"column":36},"end":{"line":21,"column":1}}},"fnMap":{"0":{"name":"(anonymous_0)","decl":{"start":{"line":3,"column":26},"end":{"line":3,"column":27}},"loc":{"start":{"line":3,"column":36},"end":{"line":21,"column":1}},"line":3}},"branchMap":{},"s":{"0":4},"f":{"0":4},"b":{},"_coverageSchema":"43e27e138ebf9cfc5966b082cf9a028302ed4184","hash":"6eae06fae7516138712f8f1e1a2bf5654612af7e"}
,"/Users/luismiguelmendes/Desktop/nda-project/refactor-app-microfrontends/src/proposal-header/components/StepperChevron/components/StepIcon/index.js": {"path":"/Users/luismiguelmendes/Desktop/nda-project/refactor-app-microfrontends/src/proposal-header/components/StepperChevron/components/StepIcon/index.js","statementMap":{},"fnMap":{},"branchMap":{},"s":{},"f":{},"b":{},"_coverageSchema":"43e27e138ebf9cfc5966b082cf9a028302ed4184","hash":"aa9122ce84d524f75cb2230da1d91ed5f3ad4e89"}
,"/Users/luismiguelmendes/Desktop/nda-project/refactor-app-microfrontends/src/proposal-header/components/Topbar/Topbar.js": {"path":"/Users/luismiguelmendes/Desktop/nda-project/refactor-app-microfrontends/src/proposal-header/components/Topbar/Topbar.js","statementMap":{"0":{"start":{"line":19,"column":15},"end":{"line":61,"column":1}},"1":{"start":{"line":20,"column":48},"end":{"line":20,"column":53}},"2":{"start":{"line":21,"column":18},"end":{"line":21,"column":29}},"3":{"start":{"line":22,"column":26},"end":{"line":22,"column":38}},"4":{"start":{"line":24,"column":2},"end":{"line":60,"column":4}},"5":{"start":{"line":30,"column":12},"end":{"line":30,"column":54}},"6":{"start":{"line":63,"column":0},"end":{"line":66,"column":2}}},"fnMap":{"0":{"name":"(anonymous_0)","decl":{"start":{"line":19,"column":15},"end":{"line":19,"column":16}},"loc":{"start":{"line":19,"column":24},"end":{"line":61,"column":1}},"line":19},"1":{"name":"(anonymous_1)","decl":{"start":{"line":29,"column":19},"end":{"line":29,"column":20}},"loc":{"start":{"line":29,"column":25},"end":{"line":31,"column":11}},"line":29}},"branchMap":{},"s":{"0":1,"1":1,"2":1,"3":1,"4":1,"5":0,"6":1},"f":{"0":1,"1":0},"b":{},"_coverageSchema":"43e27e138ebf9cfc5966b082cf9a028302ed4184","hash":"66d1d90fd3d5fbd850581bd15a149d916348308b"}
,"/Users/luismiguelmendes/Desktop/nda-project/refactor-app-microfrontends/src/proposal-header/components/Topbar/TopbarStyle.js": {"path":"/Users/luismiguelmendes/Desktop/nda-project/refactor-app-microfrontends/src/proposal-header/components/Topbar/TopbarStyle.js","statementMap":{"0":{"start":{"line":3,"column":36},"end":{"line":16,"column":1}}},"fnMap":{"0":{"name":"(anonymous_0)","decl":{"start":{"line":3,"column":26},"end":{"line":3,"column":27}},"loc":{"start":{"line":3,"column":36},"end":{"line":16,"column":1}},"line":3}},"branchMap":{},"s":{"0":1},"f":{"0":1},"b":{},"_coverageSchema":"43e27e138ebf9cfc5966b082cf9a028302ed4184","hash":"28103532b20e0620576fbe931cc4e7be8698a6f1"}
,"/Users/luismiguelmendes/Desktop/nda-project/refactor-app-microfrontends/src/proposal-header/store/actionTypes.js": {"path":"/Users/luismiguelmendes/Desktop/nda-project/refactor-app-microfrontends/src/proposal-header/store/actionTypes.js","statementMap":{"0":{"start":{"line":1,"column":31},"end":{"line":1,"column":48}},"1":{"start":{"line":2,"column":28},"end":{"line":2,"column":42}},"2":{"start":{"line":3,"column":33},"end":{"line":3,"column":52}},"3":{"start":{"line":4,"column":36},"end":{"line":4,"column":58}},"4":{"start":{"line":5,"column":42},"end":{"line":5,"column":70}},"5":{"start":{"line":6,"column":39},"end":{"line":6,"column":64}},"6":{"start":{"line":8,"column":28},"end":{"line":8,"column":42}},"7":{"start":{"line":9,"column":34},"end":{"line":9,"column":54}},"8":{"start":{"line":10,"column":37},"end":{"line":10,"column":60}},"9":{"start":{"line":12,"column":38},"end":{"line":12,"column":62}},"10":{"start":{"line":14,"column":31},"end":{"line":14,"column":48}},"11":{"start":{"line":15,"column":31},"end":{"line":15,"column":48}},"12":{"start":{"line":16,"column":32},"end":{"line":16,"column":50}}},"fnMap":{},"branchMap":{},"s":{"0":6,"1":6,"2":6,"3":6,"4":6,"5":6,"6":6,"7":6,"8":6,"9":6,"10":6,"11":6,"12":6},"f":{},"b":{},"_coverageSchema":"43e27e138ebf9cfc5966b082cf9a028302ed4184","hash":"eeff7333f97567eb57d3918e9e8f6172450d6803"}
,"/Users/luismiguelmendes/Desktop/nda-project/refactor-app-microfrontends/src/proposal-header/store/index.js": {"path":"/Users/luismiguelmendes/Desktop/nda-project/refactor-app-microfrontends/src/proposal-header/store/index.js","statementMap":{},"fnMap":{},"branchMap":{},"s":{},"f":{},"b":{},"_coverageSchema":"43e27e138ebf9cfc5966b082cf9a028302ed4184","hash":"ec59161b78b9b87b60c123ff25b3623e2356895f"}
,"/Users/luismiguelmendes/Desktop/nda-project/refactor-app-microfrontends/src/proposal-header/store/store.js": {"path":"/Users/luismiguelmendes/Desktop/nda-project/refactor-app-microfrontends/src/proposal-header/store/store.js","statementMap":{"0":{"start":{"line":3,"column":18},"end":{"line":3,"column":20}},"1":{"start":{"line":4,"column":16},"end":{"line":4,"column":18}},"2":{"start":{"line":5,"column":14},"end":{"line":5,"column":16}},"3":{"start":{"line":7,"column":24},"end":{"line":27,"column":1}},"4":{"start":{"line":8,"column":19},"end":{"line":8,"column":43}},"5":{"start":{"line":10,"column":19},"end":{"line":17,"column":3}},"6":{"start":{"line":11,"column":21},"end":{"line":11,"column":58}},"7":{"start":{"line":12,"column":4},"end":{"line":12,"column":50}},"8":{"start":{"line":13,"column":4},"end":{"line":13,"column":36}},"9":{"start":{"line":14,"column":4},"end":{"line":16,"column":7}},"10":{"start":{"line":15,"column":6},"end":{"line":15,"column":28}},"11":{"start":{"line":19,"column":2},"end":{"line":24,"column":17}},"12":{"start":{"line":20,"column":4},"end":{"line":20,"column":29}},"13":{"start":{"line":21,"column":4},"end":{"line":23,"column":6}},"14":{"start":{"line":22,"column":6},"end":{"line":22,"column":58}},"15":{"start":{"line":22,"column":41},"end":{"line":22,"column":56}},"16":{"start":{"line":26,"column":2},"end":{"line":26,"column":33}},"17":{"start":{"line":29,"column":25},"end":{"line":34,"column":1}},"18":{"start":{"line":30,"column":2},"end":{"line":32,"column":3}},"19":{"start":{"line":31,"column":4},"end":{"line":31,"column":54}},"20":{"start":{"line":33,"column":2},"end":{"line":33,"column":43}}},"fnMap":{"0":{"name":"(anonymous_0)","decl":{"start":{"line":7,"column":24},"end":{"line":7,"column":25}},"loc":{"start":{"line":7,"column":30},"end":{"line":27,"column":1}},"line":7},"1":{"name":"(anonymous_1)","decl":{"start":{"line":10,"column":19},"end":{"line":10,"column":20}},"loc":{"start":{"line":10,"column":40},"end":{"line":17,"column":3}},"line":10},"2":{"name":"(anonymous_2)","decl":{"start":{"line":14,"column":22},"end":{"line":14,"column":23}},"loc":{"start":{"line":14,"column":34},"end":{"line":16,"column":5}},"line":14},"3":{"name":"(anonymous_3)","decl":{"start":{"line":19,"column":12},"end":{"line":19,"column":13}},"loc":{"start":{"line":19,"column":18},"end":{"line":24,"column":3}},"line":19},"4":{"name":"(anonymous_4)","decl":{"start":{"line":21,"column":11},"end":{"line":21,"column":12}},"loc":{"start":{"line":21,"column":17},"end":{"line":23,"column":5}},"line":21},"5":{"name":"(anonymous_5)","decl":{"start":{"line":22,"column":35},"end":{"line":22,"column":36}},"loc":{"start":{"line":22,"column":41},"end":{"line":22,"column":56}},"line":22},"6":{"name":"(anonymous_6)","decl":{"start":{"line":29,"column":25},"end":{"line":29,"column":26}},"loc":{"start":{"line":29,"column":56},"end":{"line":34,"column":1}},"line":29}},"branchMap":{"0":{"loc":{"start":{"line":30,"column":2},"end":{"line":32,"column":3}},"type":"if","locations":[{"start":{"line":30,"column":2},"end":{"line":32,"column":3}},{"start":{"line":30,"column":2},"end":{"line":32,"column":3}}],"line":30}},"s":{"0":7,"1":7,"2":7,"3":7,"4":29,"5":29,"6":13,"7":13,"8":13,"9":13,"10":14,"11":29,"12":8,"13":8,"14":8,"15":9,"16":29,"17":7,"18":7,"19":7,"20":7},"f":{"0":29,"1":13,"2":14,"3":8,"4":8,"5":9,"6":7},"b":{"0":[7,0]},"_coverageSchema":"43e27e138ebf9cfc5966b082cf9a028302ed4184","hash":"82b97b81f3e154c05f48fb55389204f0c747a37e"}
,"/Users/luismiguelmendes/Desktop/nda-project/refactor-app-microfrontends/src/proposal-header/store/actions/proposalActions.js": {"path":"/Users/luismiguelmendes/Desktop/nda-project/refactor-app-microfrontends/src/proposal-header/store/actions/proposalActions.js","statementMap":{"0":{"start":{"line":1,"column":28},"end":{"line":8,"column":1}},"1":{"start":{"line":2,"column":22},"end":{"line":2,"column":40}},"2":{"start":{"line":3,"column":25},"end":{"line":6,"column":3}},"3":{"start":{"line":7,"column":2},"end":{"line":7,"column":38}},"4":{"start":{"line":10,"column":23},"end":{"line":37,"column":1}},"5":{"start":{"line":12,"column":25},"end":{"line":14,"column":5}},"6":{"start":{"line":13,"column":18},"end":{"line":13,"column":44}},"7":{"start":{"line":15,"column":4},"end":{"line":15,"column":58}},"8":{"start":{"line":18,"column":21},"end":{"line":18,"column":52}},"9":{"start":{"line":19,"column":21},"end":{"line":19,"column":42}},"10":{"start":{"line":20,"column":15},"end":{"line":20,"column":58}},"11":{"start":{"line":21,"column":4},"end":{"line":23,"column":7}},"12":{"start":{"line":26,"column":4},"end":{"line":26,"column":45}},"13":{"start":{"line":29,"column":4},"end":{"line":31,"column":5}},"14":{"start":{"line":30,"column":6},"end":{"line":30,"column":34}},"15":{"start":{"line":32,"column":4},"end":{"line":32,"column":44}},"16":{"start":{"line":35,"column":4},"end":{"line":35,"column":45}}},"fnMap":{"0":{"name":"(anonymous_0)","decl":{"start":{"line":1,"column":28},"end":{"line":1,"column":29}},"loc":{"start":{"line":1,"column":49},"end":{"line":8,"column":1}},"line":1},"1":{"name":"(anonymous_1)","decl":{"start":{"line":11,"column":16},"end":{"line":11,"column":17}},"loc":{"start":{"line":11,"column":39},"end":{"line":16,"column":3}},"line":11},"2":{"name":"(anonymous_2)","decl":{"start":{"line":13,"column":6},"end":{"line":13,"column":7}},"loc":{"start":{"line":13,"column":18},"end":{"line":13,"column":44}},"line":13},"3":{"name":"(anonymous_3)","decl":{"start":{"line":17,"column":19},"end":{"line":17,"column":20}},"loc":{"start":{"line":17,"column":28},"end":{"line":24,"column":3}},"line":17},"4":{"name":"(anonymous_4)","decl":{"start":{"line":25,"column":27},"end":{"line":25,"column":28}},"loc":{"start":{"line":25,"column":45},"end":{"line":27,"column":3}},"line":25},"5":{"name":"(anonymous_5)","decl":{"start":{"line":28,"column":24},"end":{"line":28,"column":25}},"loc":{"start":{"line":28,"column":41},"end":{"line":33,"column":3}},"line":28},"6":{"name":"(anonymous_6)","decl":{"start":{"line":34,"column":30},"end":{"line":34,"column":31}},"loc":{"start":{"line":34,"column":48},"end":{"line":36,"column":3}},"line":34}},"branchMap":{"0":{"loc":{"start":{"line":29,"column":4},"end":{"line":31,"column":5}},"type":"if","locations":[{"start":{"line":29,"column":4},"end":{"line":31,"column":5}},{"start":{"line":29,"column":4},"end":{"line":31,"column":5}}],"line":29}},"s":{"0":7,"1":13,"2":13,"3":13,"4":7,"5":0,"6":0,"7":0,"8":0,"9":0,"10":0,"11":0,"12":0,"13":3,"14":2,"15":3,"16":10},"f":{"0":13,"1":0,"2":0,"3":0,"4":0,"5":3,"6":10},"b":{"0":[2,1]},"_coverageSchema":"43e27e138ebf9cfc5966b082cf9a028302ed4184","hash":"2f8233860d9ccbdd7298b4f5f2bc5b50417b4ecd"}
,"/Users/luismiguelmendes/Desktop/nda-project/refactor-app-microfrontends/src/proposal-header/store/stores/index.js": {"path":"/Users/luismiguelmendes/Desktop/nda-project/refactor-app-microfrontends/src/proposal-header/store/stores/index.js","statementMap":{},"fnMap":{},"branchMap":{},"s":{},"f":{},"b":{},"_coverageSchema":"43e27e138ebf9cfc5966b082cf9a028302ed4184","hash":"2012cbd8551c414d41654390458825f505dffc0b"}
,"/Users/luismiguelmendes/Desktop/nda-project/refactor-app-microfrontends/src/proposal-header/store/stores/proposalStore.js": {"path":"/Users/luismiguelmendes/Desktop/nda-project/refactor-app-microfrontends/src/proposal-header/store/stores/proposalStore.js","statementMap":{"0":{"start":{"line":4,"column":23},"end":{"line":6,"column":1}},"1":{"start":{"line":5,"column":2},"end":{"line":5,"column":70}}},"fnMap":{"0":{"name":"(anonymous_0)","decl":{"start":{"line":4,"column":23},"end":{"line":4,"column":24}},"loc":{"start":{"line":4,"column":29},"end":{"line":6,"column":1}},"line":4}},"branchMap":{},"s":{"0":7,"1":7},"f":{"0":7},"b":{},"_coverageSchema":"43e27e138ebf9cfc5966b082cf9a028302ed4184","hash":"53222646f844ff8791398338e030e5c5dcc48ca8"}
,"/Users/luismiguelmendes/Desktop/nda-project/refactor-app-microfrontends/src/proposal-header/theme/index.js": {"path":"/Users/luismiguelmendes/Desktop/nda-project/refactor-app-microfrontends/src/proposal-header/theme/index.js","statementMap":{"0":{"start":{"line":7,"column":14},"end":{"line":15,"column":2}}},"fnMap":{},"branchMap":{},"s":{"0":14},"f":{},"b":{},"_coverageSchema":"43e27e138ebf9cfc5966b082cf9a028302ed4184","hash":"248d5c5a4911f3c99a3084c624edce962f48c685"}
,"/Users/luismiguelmendes/Desktop/nda-project/refactor-app-microfrontends/src/proposal-header/theme/palette.js": {"path":"/Users/luismiguelmendes/Desktop/nda-project/refactor-app-microfrontends/src/proposal-header/theme/palette.js","statementMap":{"0":{"start":{"line":3,"column":14},"end":{"line":3,"column":23}},"1":{"start":{"line":4,"column":14},"end":{"line":4,"column":23}}},"fnMap":{},"branchMap":{},"s":{"0":14,"1":14},"f":{},"b":{},"_coverageSchema":"43e27e138ebf9cfc5966b082cf9a028302ed4184","hash":"3c006ba92fffe5831991555abff201744d8b997a"}
,"/Users/luismiguelmendes/Desktop/nda-project/refactor-app-microfrontends/src/proposal-header/theme/typography.js": {"path":"/Users/luismiguelmendes/Desktop/nda-project/refactor-app-microfrontends/src/proposal-header/theme/typography.js","statementMap":{},"fnMap":{},"branchMap":{},"s":{},"f":{},"b":{},"_coverageSchema":"43e27e138ebf9cfc5966b082cf9a028302ed4184","hash":"b62834f31029017d50436ca3332e12761847ecb6"}
,"/Users/luismiguelmendes/Desktop/nda-project/refactor-app-microfrontends/src/proposal-header/theme/overrides/MuiAppBar.js": {"path":"/Users/luismiguelmendes/Desktop/nda-project/refactor-app-microfrontends/src/proposal-header/theme/overrides/MuiAppBar.js","statementMap":{},"fnMap":{},"branchMap":{},"s":{},"f":{},"b":{},"_coverageSchema":"43e27e138ebf9cfc5966b082cf9a028302ed4184","hash":"f85b332e0ac1455a0f53a1c0c878c99f174ea5e6"}
,"/Users/luismiguelmendes/Desktop/nda-project/refactor-app-microfrontends/src/proposal-header/theme/overrides/MuiButton.js": {"path":"/Users/luismiguelmendes/Desktop/nda-project/refactor-app-microfrontends/src/proposal-header/theme/overrides/MuiButton.js","statementMap":{},"fnMap":{},"branchMap":{},"s":{},"f":{},"b":{},"_coverageSchema":"43e27e138ebf9cfc5966b082cf9a028302ed4184","hash":"a99e3fb83bd675089396e58df294581f5458d760"}
,"/Users/luismiguelmendes/Desktop/nda-project/refactor-app-microfrontends/src/proposal-header/theme/overrides/MuiCheckbox.js": {"path":"/Users/luismiguelmendes/Desktop/nda-project/refactor-app-microfrontends/src/proposal-header/theme/overrides/MuiCheckbox.js","statementMap":{},"fnMap":{},"branchMap":{},"s":{},"f":{},"b":{},"_coverageSchema":"43e27e138ebf9cfc5966b082cf9a028302ed4184","hash":"577ff92d6f50a633aab6f84b94bea932ef30dbb9"}
,"/Users/luismiguelmendes/Desktop/nda-project/refactor-app-microfrontends/src/proposal-header/theme/overrides/MuiExpansionPanelSummary.js": {"path":"/Users/luismiguelmendes/Desktop/nda-project/refactor-app-microfrontends/src/proposal-header/theme/overrides/MuiExpansionPanelSummary.js","statementMap":{},"fnMap":{},"branchMap":{},"s":{},"f":{},"b":{},"_coverageSchema":"43e27e138ebf9cfc5966b082cf9a028302ed4184","hash":"27e0eee7e754f946ba3e768db7f2ae7a027e742c"}
,"/Users/luismiguelmendes/Desktop/nda-project/refactor-app-microfrontends/src/proposal-header/theme/overrides/MuiIconButton.js": {"path":"/Users/luismiguelmendes/Desktop/nda-project/refactor-app-microfrontends/src/proposal-header/theme/overrides/MuiIconButton.js","statementMap":{},"fnMap":{},"branchMap":{},"s":{},"f":{},"b":{},"_coverageSchema":"43e27e138ebf9cfc5966b082cf9a028302ed4184","hash":"47ad3832a0acb69eaea3cd4d957568575c08207b"}
,"/Users/luismiguelmendes/Desktop/nda-project/refactor-app-microfrontends/src/proposal-header/theme/overrides/MuiInputBase.js": {"path":"/Users/luismiguelmendes/Desktop/nda-project/refactor-app-microfrontends/src/proposal-header/theme/overrides/MuiInputBase.js","statementMap":{},"fnMap":{},"branchMap":{},"s":{},"f":{},"b":{},"_coverageSchema":"43e27e138ebf9cfc5966b082cf9a028302ed4184","hash":"7ff21ba5ae8074504996c09ee802113e3acd2899"}
,"/Users/luismiguelmendes/Desktop/nda-project/refactor-app-microfrontends/src/proposal-header/theme/overrides/MuiOutlinedInput.js": {"path":"/Users/luismiguelmendes/Desktop/nda-project/refactor-app-microfrontends/src/proposal-header/theme/overrides/MuiOutlinedInput.js","statementMap":{},"fnMap":{},"branchMap":{},"s":{},"f":{},"b":{},"_coverageSchema":"43e27e138ebf9cfc5966b082cf9a028302ed4184","hash":"1a95751d2c292f8ee406215c04d9ede735303c4a"}
,"/Users/luismiguelmendes/Desktop/nda-project/refactor-app-microfrontends/src/proposal-header/theme/overrides/MuiPaper.js": {"path":"/Users/luismiguelmendes/Desktop/nda-project/refactor-app-microfrontends/src/proposal-header/theme/overrides/MuiPaper.js","statementMap":{},"fnMap":{},"branchMap":{},"s":{},"f":{},"b":{},"_coverageSchema":"43e27e138ebf9cfc5966b082cf9a028302ed4184","hash":"bc2037165e44c8f89045fbec799ba990c87a14c3"}
,"/Users/luismiguelmendes/Desktop/nda-project/refactor-app-microfrontends/src/proposal-header/theme/overrides/MuiSwitch.js": {"path":"/Users/luismiguelmendes/Desktop/nda-project/refactor-app-microfrontends/src/proposal-header/theme/overrides/MuiSwitch.js","statementMap":{},"fnMap":{},"branchMap":{},"s":{},"f":{},"b":{},"_coverageSchema":"43e27e138ebf9cfc5966b082cf9a028302ed4184","hash":"fc58ab1f2f6ec932853aff2ca677a95b73e1079c"}
,"/Users/luismiguelmendes/Desktop/nda-project/refactor-app-microfrontends/src/proposal-header/theme/overrides/MuiTab.js": {"path":"/Users/luismiguelmendes/Desktop/nda-project/refactor-app-microfrontends/src/proposal-header/theme/overrides/MuiTab.js","statementMap":{},"fnMap":{},"branchMap":{},"s":{},"f":{},"b":{},"_coverageSchema":"43e27e138ebf9cfc5966b082cf9a028302ed4184","hash":"94e888ef7c575133baed4712931300b953418087"}
,"/Users/luismiguelmendes/Desktop/nda-project/refactor-app-microfrontends/src/proposal-header/theme/overrides/MuiTableCell.js": {"path":"/Users/luismiguelmendes/Desktop/nda-project/refactor-app-microfrontends/src/proposal-header/theme/overrides/MuiTableCell.js","statementMap":{},"fnMap":{},"branchMap":{},"s":{},"f":{},"b":{},"_coverageSchema":"43e27e138ebf9cfc5966b082cf9a028302ed4184","hash":"0a93f8602b080fc53a12144d26b36471bfb3785c"}
,"/Users/luismiguelmendes/Desktop/nda-project/refactor-app-microfrontends/src/proposal-header/theme/overrides/MuiTableHead.js": {"path":"/Users/luismiguelmendes/Desktop/nda-project/refactor-app-microfrontends/src/proposal-header/theme/overrides/MuiTableHead.js","statementMap":{},"fnMap":{},"branchMap":{},"s":{},"f":{},"b":{},"_coverageSchema":"43e27e138ebf9cfc5966b082cf9a028302ed4184","hash":"7854e33eaff71b6a252956a70178b7c9221163e5"}
,"/Users/luismiguelmendes/Desktop/nda-project/refactor-app-microfrontends/src/proposal-header/theme/overrides/MuiTabs.js": {"path":"/Users/luismiguelmendes/Desktop/nda-project/refactor-app-microfrontends/src/proposal-header/theme/overrides/MuiTabs.js","statementMap":{},"fnMap":{},"branchMap":{},"s":{},"f":{},"b":{},"_coverageSchema":"43e27e138ebf9cfc5966b082cf9a028302ed4184","hash":"67a8c4d87c2feabca475959cc3010e7f5cfcfa50"}
,"/Users/luismiguelmendes/Desktop/nda-project/refactor-app-microfrontends/src/proposal-header/theme/overrides/MuiTextField.js": {"path":"/Users/luismiguelmendes/Desktop/nda-project/refactor-app-microfrontends/src/proposal-header/theme/overrides/MuiTextField.js","statementMap":{},"fnMap":{},"branchMap":{},"s":{},"f":{},"b":{},"_coverageSchema":"43e27e138ebf9cfc5966b082cf9a028302ed4184","hash":"742456547692007f8169ef45f382af4e94300198"}
,"/Users/luismiguelmendes/Desktop/nda-project/refactor-app-microfrontends/src/proposal-header/theme/overrides/MuiTypography.js": {"path":"/Users/luismiguelmendes/Desktop/nda-project/refactor-app-microfrontends/src/proposal-header/theme/overrides/MuiTypography.js","statementMap":{},"fnMap":{},"branchMap":{},"s":{},"f":{},"b":{},"_coverageSchema":"43e27e138ebf9cfc5966b082cf9a028302ed4184","hash":"a141b702a766814859dbb3bf60646c10d5eff9c9"}
,"/Users/luismiguelmendes/Desktop/nda-project/refactor-app-microfrontends/src/proposal-header/theme/overrides/index.js": {"path":"/Users/luismiguelmendes/Desktop/nda-project/refactor-app-microfrontends/src/proposal-header/theme/overrides/index.js","statementMap":{},"fnMap":{},"branchMap":{},"s":{},"f":{},"b":{},"_coverageSchema":"43e27e138ebf9cfc5966b082cf9a028302ed4184","hash":"63bbb61012195f3296f80b58c2f8f80d027c0902"}
,"/Users/luismiguelmendes/Desktop/nda-project/refactor-app-microfrontends/src/proposals/admin/index.js": {"path":"/Users/luismiguelmendes/Desktop/nda-project/refactor-app-microfrontends/src/proposals/admin/index.js","statementMap":{},"fnMap":{},"branchMap":{},"s":{},"f":{},"b":{},"_coverageSchema":"43e27e138ebf9cfc5966b082cf9a028302ed4184","hash":"c3f5afc3ac889545b5ebd664899a22fa0b0f6f56"}
,"/Users/luismiguelmendes/Desktop/nda-project/refactor-app-microfrontends/src/proposals/admin/navPages.js": {"path":"/Users/luismiguelmendes/Desktop/nda-project/refactor-app-microfrontends/src/proposals/admin/navPages.js","statementMap":{},"fnMap":{},"branchMap":{},"s":{},"f":{},"b":{},"_coverageSchema":"43e27e138ebf9cfc5966b082cf9a028302ed4184","hash":"944b7d60d655f487842d85d3e6c5018249ea10f7"}
,"/Users/luismiguelmendes/Desktop/nda-project/refactor-app-microfrontends/src/proposals/admin/tabHeaders.js": {"path":"/Users/luismiguelmendes/Desktop/nda-project/refactor-app-microfrontends/src/proposals/admin/tabHeaders.js","statementMap":{},"fnMap":{},"branchMap":{},"s":{},"f":{},"b":{},"_coverageSchema":"43e27e138ebf9cfc5966b082cf9a028302ed4184","hash":"315bc7091f566bbb8f6d208c4af244aad6eae952"}
,"/Users/luismiguelmendes/Desktop/nda-project/refactor-app-microfrontends/src/proposals/admin/tableColumns.js": {"path":"/Users/luismiguelmendes/Desktop/nda-project/refactor-app-microfrontends/src/proposals/admin/tableColumns.js","statementMap":{},"fnMap":{},"branchMap":{},"s":{},"f":{},"b":{},"_coverageSchema":"43e27e138ebf9cfc5966b082cf9a028302ed4184","hash":"9018d8b7ac8c2afe6660b7d6ac90d30bf1eab3f1"}
,"/Users/luismiguelmendes/Desktop/nda-project/refactor-app-microfrontends/src/proposals/components/index.js": {"path":"/Users/luismiguelmendes/Desktop/nda-project/refactor-app-microfrontends/src/proposals/components/index.js","statementMap":{},"fnMap":{},"branchMap":{},"s":{},"f":{},"b":{},"_coverageSchema":"43e27e138ebf9cfc5966b082cf9a028302ed4184","hash":"0028d3a44f12341d8117bd25dd47996cc477faf3"}
,"/Users/luismiguelmendes/Desktop/nda-project/refactor-app-microfrontends/src/proposals/components/Header/Header.js": {"path":"/Users/luismiguelmendes/Desktop/nda-project/refactor-app-microfrontends/src/proposals/components/Header/Header.js","statementMap":{"0":{"start":{"line":10,"column":15},"end":{"line":45,"column":1}},"1":{"start":{"line":11,"column":18},"end":{"line":11,"column":29}},"2":{"start":{"line":13,"column":29},"end":{"line":15,"column":3}},"3":{"start":{"line":14,"column":4},"end":{"line":14,"column":69}},"4":{"start":{"line":17,"column":2},"end":{"line":44,"column":4}},"5":{"start":{"line":47,"column":0},"end":{"line":49,"column":2}}},"fnMap":{"0":{"name":"(anonymous_0)","decl":{"start":{"line":10,"column":15},"end":{"line":10,"column":16}},"loc":{"start":{"line":10,"column":21},"end":{"line":45,"column":1}},"line":10},"1":{"name":"(anonymous_1)","decl":{"start":{"line":13,"column":29},"end":{"line":13,"column":30}},"loc":{"start":{"line":13,"column":35},"end":{"line":15,"column":3}},"line":13}},"branchMap":{},"s":{"0":2,"1":2,"2":2,"3":0,"4":2,"5":2},"f":{"0":2,"1":0},"b":{},"_coverageSchema":"43e27e138ebf9cfc5966b082cf9a028302ed4184","hash":"0c39834896e8344ad59d5d05e6de7032869892fe"}
,"/Users/luismiguelmendes/Desktop/nda-project/refactor-app-microfrontends/src/proposals/components/Header/HeaderStyle.js": {"path":"/Users/luismiguelmendes/Desktop/nda-project/refactor-app-microfrontends/src/proposals/components/Header/HeaderStyle.js","statementMap":{"0":{"start":{"line":3,"column":36},"end":{"line":20,"column":1}}},"fnMap":{"0":{"name":"(anonymous_0)","decl":{"start":{"line":3,"column":26},"end":{"line":3,"column":27}},"loc":{"start":{"line":3,"column":36},"end":{"line":20,"column":1}},"line":3}},"branchMap":{},"s":{"0":2},"f":{"0":2},"b":{},"_coverageSchema":"43e27e138ebf9cfc5966b082cf9a028302ed4184","hash":"b982edc7c8cff682b85478db83296cefdbb09780"}
,"/Users/luismiguelmendes/Desktop/nda-project/refactor-app-microfrontends/src/proposals/components/Header/index.js": {"path":"/Users/luismiguelmendes/Desktop/nda-project/refactor-app-microfrontends/src/proposals/components/Header/index.js","statementMap":{},"fnMap":{},"branchMap":{},"s":{},"f":{},"b":{},"_coverageSchema":"43e27e138ebf9cfc5966b082cf9a028302ed4184","hash":"e08f3464991725d8c20a82ebf63b432eb01882f5"}
,"/Users/luismiguelmendes/Desktop/nda-project/refactor-app-microfrontends/src/proposals/components/SearchInput/SearchInput.js": {"path":"/Users/luismiguelmendes/Desktop/nda-project/refactor-app-microfrontends/src/proposals/components/SearchInput/SearchInput.js","statementMap":{"0":{"start":{"line":8,"column":20},"end":{"line":34,"column":1}},"1":{"start":{"line":9,"column":21},"end":{"line":9,"column":26}},"2":{"start":{"line":10,"column":18},"end":{"line":10,"column":29}},"3":{"start":{"line":11,"column":38},"end":{"line":11,"column":50}},"4":{"start":{"line":13,"column":23},"end":{"line":16,"column":3}},"5":{"start":{"line":14,"column":4},"end":{"line":14,"column":38}},"6":{"start":{"line":15,"column":4},"end":{"line":15,"column":31}},"7":{"start":{"line":17,"column":2},"end":{"line":33,"column":4}},"8":{"start":{"line":36,"column":0},"end":{"line":40,"column":2}}},"fnMap":{"0":{"name":"(anonymous_0)","decl":{"start":{"line":8,"column":20},"end":{"line":8,"column":21}},"loc":{"start":{"line":8,"column":29},"end":{"line":34,"column":1}},"line":8},"1":{"name":"(anonymous_1)","decl":{"start":{"line":13,"column":23},"end":{"line":13,"column":24}},"loc":{"start":{"line":13,"column":32},"end":{"line":16,"column":3}},"line":13}},"branchMap":{},"s":{"0":3,"1":7,"2":7,"3":7,"4":7,"5":1,"6":1,"7":7,"8":3},"f":{"0":7,"1":1},"b":{},"_coverageSchema":"43e27e138ebf9cfc5966b082cf9a028302ed4184","hash":"f7303cf1391ee94e30d0161532903d7c93d3eaa4"}
,"/Users/luismiguelmendes/Desktop/nda-project/refactor-app-microfrontends/src/proposals/components/SearchInput/SearchInputStyle.js": {"path":"/Users/luismiguelmendes/Desktop/nda-project/refactor-app-microfrontends/src/proposals/components/SearchInput/SearchInputStyle.js","statementMap":{"0":{"start":{"line":3,"column":36},"end":{"line":22,"column":1}}},"fnMap":{"0":{"name":"(anonymous_0)","decl":{"start":{"line":3,"column":26},"end":{"line":3,"column":27}},"loc":{"start":{"line":3,"column":36},"end":{"line":22,"column":1}},"line":3}},"branchMap":{},"s":{"0":3},"f":{"0":3},"b":{},"_coverageSchema":"43e27e138ebf9cfc5966b082cf9a028302ed4184","hash":"5c538132eb869f137a46182fa7968f2dd2d0183e"}
,"/Users/luismiguelmendes/Desktop/nda-project/refactor-app-microfrontends/src/proposals/components/SearchInput/index.js": {"path":"/Users/luismiguelmendes/Desktop/nda-project/refactor-app-microfrontends/src/proposals/components/SearchInput/index.js","statementMap":{},"fnMap":{},"branchMap":{},"s":{},"f":{},"b":{},"_coverageSchema":"43e27e138ebf9cfc5966b082cf9a028302ed4184","hash":"42fe2daa7aabf82e4633678ff49f294aaf2352b5"}
[...]
,"/Users/luismiguelmendes/Desktop/nda-project/refactor-app-microfrontends/src/proposals/components/TableTabs/index.js": {"path":"/Users/luismiguelmendes/Desktop/nda-project/refactor-app-microfrontends/src/proposals/components/TableTabs/index.js","statementMap":{},"fnMap":{},"branchMap":{},"s":{},"f":{},"b":{},"_coverageSchema":"43e27e138ebf9cfc5966b082cf9a028302ed4184","hash":"1a8d0c856f6beb2223f78aed38eef8b00035de74"}
,"/Users/luismiguelmendes/Desktop/nda-project/refactor-app-microfrontends/src/proposals/components/Topbar/Topbar.js": {"path":"/Users/luismiguelmendes/Desktop/nda-project/refactor-app-microfrontends/src/proposals/components/Topbar/Topbar.js","statementMap":{"0":{"start":{"line":19,"column":15},"end":{"line":61,"column":1}},"1":{"start":{"line":20,"column":48},"end":{"line":20,"column":53}},"2":{"start":{"line":21,"column":18},"end":{"line":21,"column":29}},"3":{"start":{"line":22,"column":26},"end":{"line":22,"column":38}},"4":{"start":{"line":24,"column":2},"end":{"line":60,"column":4}},"5":{"start":{"line":30,"column":12},"end":{"line":30,"column":54}},"6":{"start":{"line":63,"column":0},"end":{"line":66,"column":2}}},"fnMap":{"0":{"name":"(anonymous_0)","decl":{"start":{"line":19,"column":15},"end":{"line":19,"column":16}},"loc":{"start":{"line":19,"column":24},"end":{"line":61,"column":1}},"line":19},"1":{"name":"(anonymous_1)","decl":{"start":{"line":29,"column":19},"end":{"line":29,"column":20}},"loc":{"start":{"line":29,"column":25},"end":{"line":31,"column":11}},"line":29}},"branchMap":{},"s":{"0":2,"1":2,"2":2,"3":2,"4":2,"5":0,"6":2},"f":{"0":2,"1":0},"b":{},"_coverageSchema":"43e27e138ebf9cfc5966b082cf9a028302ed4184","hash":"65d2a71bd4127a72094b673bbd3f8cd610e88d5c"}
,"/Users/luismiguelmendes/Desktop/nda-project/refactor-app-microfrontends/src/proposals/components/Topbar/TopbarStyle.js": {"path":"/Users/luismiguelmendes/Desktop/nda-project/refactor-app-microfrontends/src/proposals/components/Topbar/TopbarStyle.js","statementMap":{"0":{"start":{"line":3,"column":36},"end":{"line":16,"column":1}}},"fnMap":{"0":{"name":"(anonymous_0)","decl":{"start":{"line":3,"column":26},"end":{"line":3,"column":27}},"loc":{"start":{"line":3,"column":36},"end":{"line":16,"column":1}},"line":3}},"branchMap":{},"s":{"0":2},"f":{"0":2},"b":{},"_coverageSchema":"43e27e138ebf9cfc5966b082cf9a028302ed4184","hash":"da4ad6107c2762e3e24a44f373debc26191663d4"}
,"/Users/luismiguelmendes/Desktop/nda-project/refactor-app-microfrontends/src/proposals/components/Topbar/index.js": {"path":"/Users/luismiguelmendes/Desktop/nda-project/refactor-app-microfrontends/src/proposals/components/Topbar/index.js","statementMap":{},"fnMap":{},"branchMap":{},"s":{},"f":{},"b":{},"_coverageSchema":"43e27e138ebf9cfc5966b082cf9a028302ed4184","hash":"9f2821bc83cc6dcd1218eea72fae43155da4259f"}
,"/Users/luismiguelmendes/Desktop/nda-project/refactor-app-microfrontends/src/proposals/helpers/proposal.js": {"path":"/Users/luismiguelmendes/Desktop/nda-project/refactor-app-microfrontends/src/proposals/helpers/proposal.js","statementMap":{"0":{"start":{"line":1,"column":29},"end":{"line":92,"column":1}},"1":{"start":{"line":94,"column":26},"end":{"line":145,"column":1}},"2":{"start":{"line":147,"column":28},"end":{"line":543,"column":1}}},"fnMap":{},"branchMap":{},"s":{"0":2,"1":2,"2":2},"f":{},"b":{},"_coverageSchema":"43e27e138ebf9cfc5966b082cf9a028302ed4184","hash":"e16be2333d9eb72e3331d6f66abb7324c36d5164"}
,"/Users/luismiguelmendes/Desktop/nda-project/refactor-app-microfrontends/src/proposals/store/index.js": {"path":"/Users/luismiguelmendes/Desktop/nda-project/refactor-app-microfrontends/src/proposals/store/index.js","statementMap":{},"fnMap":{},"branchMap":{},"s":{},"f":{},"b":{},"_coverageSchema":"43e27e138ebf9cfc5966b082cf9a028302ed4184","hash":"0e8b8acb2825364af9302bc0ab247a9f0145bb2c"}
,"/Users/luismiguelmendes/Desktop/nda-project/refactor-app-microfrontends/src/proposals/store/store.js": {"path":"/Users/luismiguelmendes/Desktop/nda-project/refactor-app-microfrontends/src/proposals/store/store.js","statementMap":{"0":{"start":{"line":3,"column":18},"end":{"line":3,"column":20}},"1":{"start":{"line":4,"column":16},"end":{"line":4,"column":18}},"2":{"start":{"line":5,"column":14},"end":{"line":5,"column":16}},"3":{"start":{"line":7,"column":24},"end":{"line":27,"column":1}},"4":{"start":{"line":8,"column":19},"end":{"line":8,"column":43}},"5":{"start":{"line":10,"column":19},"end":{"line":17,"column":3}},"6":{"start":{"line":11,"column":21},"end":{"line":11,"column":58}},"7":{"start":{"line":12,"column":4},"end":{"line":12,"column":50}},"8":{"start":{"line":13,"column":4},"end":{"line":13,"column":36}},"9":{"start":{"line":14,"column":4},"end":{"line":16,"column":7}},"10":{"start":{"line":15,"column":6},"end":{"line":15,"column":28}},"11":{"start":{"line":19,"column":2},"end":{"line":24,"column":17}},"12":{"start":{"line":20,"column":4},"end":{"line":20,"column":29}},"13":{"start":{"line":21,"column":4},"end":{"line":23,"column":6}},"14":{"start":{"line":22,"column":6},"end":{"line":22,"column":58}},"15":{"start":{"line":22,"column":41},"end":{"line":22,"column":56}},"16":{"start":{"line":26,"column":2},"end":{"line":26,"column":33}},"17":{"start":{"line":29,"column":25},"end":{"line":34,"column":1}},"18":{"start":{"line":30,"column":2},"end":{"line":32,"column":3}},"19":{"start":{"line":31,"column":4},"end":{"line":31,"column":54}},"20":{"start":{"line":33,"column":2},"end":{"line":33,"column":43}}},"fnMap":{"0":{"name":"(anonymous_0)","decl":{"start":{"line":7,"column":24},"end":{"line":7,"column":25}},"loc":{"start":{"line":7,"column":30},"end":{"line":27,"column":1}},"line":7},"1":{"name":"(anonymous_1)","decl":{"start":{"line":10,"column":19},"end":{"line":10,"column":20}},"loc":{"start":{"line":10,"column":40},"end":{"line":17,"column":3}},"line":10},"2":{"name":"(anonymous_2)","decl":{"start":{"line":14,"column":22},"end":{"line":14,"column":23}},"loc":{"start":{"line":14,"column":34},"end":{"line":16,"column":5}},"line":14},"3":{"name":"(anonymous_3)","decl":{"start":{"line":19,"column":12},"end":{"line":19,"column":13}},"loc":{"start":{"line":19,"column":18},"end":{"line":24,"column":3}},"line":19},"4":{"name":"(anonymous_4)","decl":{"start":{"line":21,"column":11},"end":{"line":21,"column":12}},"loc":{"start":{"line":21,"column":17},"end":{"line":23,"column":5}},"line":21},"5":{"name":"(anonymous_5)","decl":{"start":{"line":22,"column":35},"end":{"line":22,"column":36}},"loc":{"start":{"line":22,"column":41},"end":{"line":22,"column":56}},"line":22},"6":{"name":"(anonymous_6)","decl":{"start":{"line":29,"column":25},"end":{"line":29,"column":26}},"loc":{"start":{"line":29,"column":56},"end":{"line":34,"column":1}},"line":29}},"branchMap":{"0":{"loc":{"start":{"line":30,"column":2},"end":{"line":32,"column":3}},"type":"if","locations":[{"start":{"line":30,"column":2},"end":{"line":32,"column":3}},{"start":{"line":30,"column":2},"end":{"line":32,"column":3}}],"line":30}},"s":{"0":2,"1":2,"2":2,"3":2,"4":5,"5":5,"6":0,"7":0,"8":0,"9":0,"10":0,"11":5,"12":2,"13":2,"14":2,"15":2,"16":5,"17":2,"18":2,"19":2,"20":2},"f":{"0":5,"1":0,"2":0,"3":2,"4":2,"5":2,"6":2},"b":{"0":[2,0]},"_coverageSchema":"43e27e138ebf9cfc5966b082cf9a028302ed4184","hash":"23299ccc1c3098c49a6375507e9ebde0dd39de9a"}
,"/Users/luismiguelmendes/Desktop/nda-project/refactor-app-microfrontends/src/proposals/store/actions/proposalsActions.js": {"path":"/Users/luismiguelmendes/Desktop/nda-project/refactor-app-microfrontends/src/proposals/store/actions/proposalsActions.js","statementMap":{"0":{"start":{"line":1,"column":29},"end":{"line":8,"column":1}},"1":{"start":{"line":2,"column":22},"end":{"line":2,"column":40}},"2":{"start":{"line":3,"column":26},"end":{"line":6,"column":3}},"3":{"start":{"line":7,"column":2},"end":{"line":7,"column":40}},"4":{"start":{"line":10,"column":23},"end":{"line":17,"column":1}},"5":{"start":{"line":12,"column":4},"end":{"line":12,"column":35}},"6":{"start":{"line":15,"column":4},"end":{"line":15,"column":46}}},"fnMap":{"0":{"name":"(anonymous_0)","decl":{"start":{"line":1,"column":29},"end":{"line":1,"column":30}},"loc":{"start":{"line":1,"column":50},"end":{"line":8,"column":1}},"line":1},"1":{"name":"(anonymous_1)","decl":{"start":{"line":11,"column":21},"end":{"line":11,"column":22}},"loc":{"start":{"line":11,"column":30},"end":{"line":13,"column":3}},"line":11},"2":{"name":"(anonymous_2)","decl":{"start":{"line":14,"column":26},"end":{"line":14,"column":27}},"loc":{"start":{"line":14,"column":44},"end":{"line":16,"column":3}},"line":14}},"branchMap":{},"s":{"0":2,"1":0,"2":0,"3":0,"4":2,"5":0,"6":0},"f":{"0":0,"1":0,"2":0},"b":{},"_coverageSchema":"43e27e138ebf9cfc5966b082cf9a028302ed4184","hash":"ec227811c78553b45e066c976fc3da24d04097bd"}
,"/Users/luismiguelmendes/Desktop/nda-project/refactor-app-microfrontends/src/proposals/store/stores/index.js": {"path":"/Users/luismiguelmendes/Desktop/nda-project/refactor-app-microfrontends/src/proposals/store/stores/index.js","statementMap":{},"fnMap":{},"branchMap":{},"s":{},"f":{},"b":{},"_coverageSchema":"43e27e138ebf9cfc5966b082cf9a028302ed4184","hash":"634d94da04896f23df2d0ebb7cc35e86a34c7268"}
,"/Users/luismiguelmendes/Desktop/nda-project/refactor-app-microfrontends/src/proposals/store/stores/proposalsStore.js": {"path":"/Users/luismiguelmendes/Desktop/nda-project/refactor-app-microfrontends/src/proposals/store/stores/proposalsStore.js","statementMap":{"0":{"start":{"line":5,"column":23},"end":{"line":7,"column":1}},"1":{"start":{"line":6,"column":2},"end":{"line":6,"column":79}}},"fnMap":{"0":{"name":"(anonymous_0)","decl":{"start":{"line":5,"column":23},"end":{"line":5,"column":24}},"loc":{"start":{"line":5,"column":29},"end":{"line":7,"column":1}},"line":5}},"branchMap":{},"s":{"0":2,"1":2},"f":{"0":2},"b":{},"_coverageSchema":"43e27e138ebf9cfc5966b082cf9a028302ed4184","hash":"be0e4d90d65afab8da40c506106def744b45cc6c"}
,"/Users/luismiguelmendes/Desktop/nda-project/refactor-app-microfrontends/src/proposals/theme/index.js": {"path":"/Users/luismiguelmendes/Desktop/nda-project/refactor-app-microfrontends/src/proposals/theme/index.js","statementMap":{"0":{"start":{"line":7,"column":14},"end":{"line":15,"column":2}}},"fnMap":{},"branchMap":{},"s":{"0":15},"f":{},"b":{},"_coverageSchema":"43e27e138ebf9cfc5966b082cf9a028302ed4184","hash":"559d8a71678b3d52bf5c42c2166c7edf3a78dd2f"}
,"/Users/luismiguelmendes/Desktop/nda-project/refactor-app-microfrontends/src/proposals/theme/palette.js": {"path":"/Users/luismiguelmendes/Desktop/nda-project/refactor-app-microfrontends/src/proposals/theme/palette.js","statementMap":{"0":{"start":{"line":3,"column":14},"end":{"line":3,"column":23}},"1":{"start":{"line":4,"column":14},"end":{"line":4,"column":23}}},"fnMap":{},"branchMap":{},"s":{"0":15,"1":15},"f":{},"b":{},"_coverageSchema":"43e27e138ebf9cfc5966b082cf9a028302ed4184","hash":"cb0b503c7752e7fddd822ae4677d54811914e55c"}
,"/Users/luismiguelmendes/Desktop/nda-project/refactor-app-microfrontends/src/proposals/theme/typography.js": {"path":"/Users/luismiguelmendes/Desktop/nda-project/refactor-app-microfrontends/src/proposals/theme/typography.js","statementMap":{},"fnMap":{},"branchMap":{},"s":{},"f":{},"b":{},"_coverageSchema":"43e27e138ebf9cfc5966b082cf9a028302ed4184","hash":"ec6d6ab14973c077d606ff07a1e899c6d1444f15"}
,"/Users/luismiguelmendes/Desktop/nda-project/refactor-app-microfrontends/src/proposals/theme/overrides/MuiAppBar.js": {"path":"/Users/luismiguelmendes/Desktop/nda-project/refactor-app-microfrontends/src/proposals/theme/overrides/MuiAppBar.js","statementMap":{},"fnMap":{},"branchMap":{},"s":{},"f":{},"b":{},"_coverageSchema":"43e27e138ebf9cfc5966b082cf9a028302ed4184","hash":"0671bc46d58e4cdd8cdbaba278b700ea92599135"}
,"/Users/luismiguelmendes/Desktop/nda-project/refactor-app-microfrontends/src/proposals/theme/overrides/MuiButton.js": {"path":"/Users/luismiguelmendes/Desktop/nda-project/refactor-app-microfrontends/src/proposals/theme/overrides/MuiButton.js","statementMap":{},"fnMap":{},"branchMap":{},"s":{},"f":{},"b":{},"_coverageSchema":"43e27e138ebf9cfc5966b082cf9a028302ed4184","hash":"f7080654ae2b8672e5f6e06bd0dd9dfb3d959341"}
,"/Users/luismiguelmendes/Desktop/nda-project/refactor-app-microfrontends/src/proposals/theme/overrides/MuiCheckbox.js": {"path":"/Users/luismiguelmendes/Desktop/nda-project/refactor-app-microfrontends/src/proposals/theme/overrides/MuiCheckbox.js","statementMap":{},"fnMap":{},"branchMap":{},"s":{},"f":{},"b":{},"_coverageSchema":"43e27e138ebf9cfc5966b082cf9a028302ed4184","hash":"24c0ff30ba012500ad0aedc88814934692645760"}
,"/Users/luismiguelmendes/Desktop/nda-project/refactor-app-microfrontends/src/proposals/theme/overrides/MuiExpansionPanelSummary.js": {"path":"/Users/luismiguelmendes/Desktop/nda-project/refactor-app-microfrontends/src/proposals/theme/overrides/MuiExpansionPanelSummary.js","statementMap":{},"fnMap":{},"branchMap":{},"s":{},"f":{},"b":{},"_coverageSchema":"43e27e138ebf9cfc5966b082cf9a028302ed4184","hash":"d06ce724473d049b6e358aababd3f9ac312645dc"}
,"/Users/luismiguelmendes/Desktop/nda-project/refactor-app-microfrontends/src/proposals/theme/overrides/MuiIconButton.js": {"path":"/Users/luismiguelmendes/Desktop/nda-project/refactor-app-microfrontends/src/proposals/theme/overrides/MuiIconButton.js","statementMap":{},"fnMap":{},"branchMap":{},"s":{},"f":{},"b":{},"_coverageSchema":"43e27e138ebf9cfc5966b082cf9a028302ed4184","hash":"31749da85d841c2e626d737ca1c1d7e6610f39b5"}
,"/Users/luismiguelmendes/Desktop/nda-project/refactor-app-microfrontends/src/proposals/theme/overrides/MuiInputBase.js": {"path":"/Users/luismiguelmendes/Desktop/nda-project/refactor-app-microfrontends/src/proposals/theme/overrides/MuiInputBase.js","statementMap":{},"fnMap":{},"branchMap":{},"s":{},"f":{},"b":{},"_coverageSchema":"43e27e138ebf9cfc5966b082cf9a028302ed4184","hash":"e989d7b6b9607b97dc91d1e49f5d1affcc989708"}
,"/Users/luismiguelmendes/Desktop/nda-project/refactor-app-microfrontends/src/proposals/theme/overrides/MuiOutlinedInput.js": {"path":"/Users/luismiguelmendes/Desktop/nda-project/refactor-app-microfrontends/src/proposals/theme/overrides/MuiOutlinedInput.js","statementMap":{},"fnMap":{},"branchMap":{},"s":{},"f":{},"b":{},"_coverageSchema":"43e27e138ebf9cfc5966b082cf9a028302ed4184","hash":"a48546a7eed46c111dad759e284204193b944f56"}
,"/Users/luismiguelmendes/Desktop/nda-project/refactor-app-microfrontends/src/proposals/theme/overrides/MuiPaper.js": {"path":"/Users/luismiguelmendes/Desktop/nda-project/refactor-app-microfrontends/src/proposals/theme/overrides/MuiPaper.js","statementMap":{},"fnMap":{},"branchMap":{},"s":{},"f":{},"b":{},"_coverageSchema":"43e27e138ebf9cfc5966b082cf9a028302ed4184","hash":"74983f752e38164a31428abd02482307dc66f205"}
,"/Users/luismiguelmendes/Desktop/nda-project/refactor-app-microfrontends/src/proposals/theme/overrides/MuiSwitch.js": {"path":"/Users/luismiguelmendes/Desktop/nda-project/refactor-app-microfrontends/src/proposals/theme/overrides/MuiSwitch.js","statementMap":{},"fnMap":{},"branchMap":{},"s":{},"f":{},"b":{},"_coverageSchema":"43e27e138ebf9cfc5966b082cf9a028302ed4184","hash":"f0ff3e21d7e756d3fc2fd24c8a54952bd8ebec15"}
,"/Users/luismiguelmendes/Desktop/nda-project/refactor-app-microfrontends/src/proposals/theme/overrides/MuiTab.js": {"path":"/Users/luismiguelmendes/Desktop/nda-project/refactor-app-microfrontends/src/proposals/theme/overrides/MuiTab.js","statementMap":{},"fnMap":{},"branchMap":{},"s":{},"f":{},"b":{},"_coverageSchema":"43e27e138ebf9cfc5966b082cf9a028302ed4184","hash":"fdcbd8882dc9a810ad18bd34ccdbbcb19dcdd80b"}
,"/Users/luismiguelmendes/Desktop/nda-project/refactor-app-microfrontends/src/proposals/theme/overrides/MuiTableCell.js": {"path":"/Users/luismiguelmendes/Desktop/nda-project/refactor-app-microfrontends/src/proposals/theme/overrides/MuiTableCell.js","statementMap":{},"fnMap":{},"branchMap":{},"s":{},"f":{},"b":{},"_coverageSchema":"43e27e138ebf9cfc5966b082cf9a028302ed4184","hash":"0d4ec89057b6abf8ba48f2ec50f741f1898ab561"}
,"/Users/luismiguelmendes/Desktop/nda-project/refactor-app-microfrontends/src/proposals/theme/overrides/MuiTableHead.js": {"path":"/Users/luismiguelmendes/Desktop/nda-project/refactor-app-microfrontends/src/proposals/theme/overrides/MuiTableHead.js","statementMap":{},"fnMap":{},"branchMap":{},"s":{},"f":{},"b":{},"_coverageSchema":"43e27e138ebf9cfc5966b082cf9a028302ed4184","hash":"dc726ff854faa47a5d1300e607462fd1cb96d500"}
,"/Users/luismiguelmendes/Desktop/nda-project/refactor-app-microfrontends/src/proposals/theme/overrides/MuiTabs.js": {"path":"/Users/luismiguelmendes/Desktop/nda-project/refactor-app-microfrontends/src/proposals/theme/overrides/MuiTabs.js","statementMap":{},"fnMap":{},"branchMap":{},"s":{},"f":{},"b":{},"_coverageSchema":"43e27e138ebf9cfc5966b082cf9a028302ed4184","hash":"90def37f9bc5b9db0250e4f4adbbf934dd7da72a"}
,"/Users/luismiguelmendes/Desktop/nda-project/refactor-app-microfrontends/src/proposals/theme/overrides/MuiTextField.js": {"path":"/Users/luismiguelmendes/Desktop/nda-project/refactor-app-microfrontends/src/proposals/theme/overrides/MuiTextField.js","statementMap":{},"fnMap":{},"branchMap":{},"s":{},"f":{},"b":{},"_coverageSchema":"43e27e138ebf9cfc5966b082cf9a028302ed4184","hash":"468861a655b1cbae59c1244efff9d8e9ed63dffb"}
,"/Users/luismiguelmendes/Desktop/nda-project/refactor-app-microfrontends/src/proposals/theme/overrides/MuiTypography.js": {"path":"/Users/luismiguelmendes/Desktop/nda-project/refactor-app-microfrontends/src/proposals/theme/overrides/MuiTypography.js","statementMap":{},"fnMap":{},"branchMap":{},"s":{},"f":{},"b":{},"_coverageSchema":"43e27e138ebf9cfc5966b082cf9a028302ed4184","hash":"63799f40de9eb92b65463ce24ab9429245614a0a"}
,"/Users/luismiguelmendes/Desktop/nda-project/refactor-app-microfrontends/src/proposals/theme/overrides/index.js": {"path":"/Users/luismiguelmendes/Desktop/nda-project/refactor-app-microfrontends/src/proposals/theme/overrides/index.js","statementMap":{},"fnMap":{},"branchMap":{},"s":{},"f":{},"b":{},"_coverageSchema":"43e27e138ebf9cfc5966b082cf9a028302ed4184","hash":"d503948c11f55035cc2690c2163febec63ae2aae"}
,"/Users/luismiguelmendes/Desktop/nda-project/refactor-app-microfrontends/src/proposals/views/Proposals/Proposals.js": {"path":"/Users/luismiguelmendes/Desktop/nda-project/refactor-app-microfrontends/src/proposals/views/Proposals/Proposals.js","statementMap":{"0":{"start":{"line":8,"column":18},"end":{"line":36,"column":1}},"1":{"start":{"line":9,"column":18},"end":{"line":9,"column":29}},"2":{"start":{"line":10,"column":20},"end":{"line":12,"column":4}},"3":{"start":{"line":14,"column":2},"end":{"line":35,"column":4}}},"fnMap":{"0":{"name":"(anonymous_0)","decl":{"start":{"line":8,"column":18},"end":{"line":8,"column":19}},"loc":{"start":{"line":8,"column":24},"end":{"line":36,"column":1}},"line":8}},"branchMap":{"0":{"loc":{"start":{"line":22,"column":31},"end":{"line":22,"column":69}},"type":"cond-expr","locations":[{"start":{"line":22,"column":43},"end":{"line":22,"column":55}},{"start":{"line":22,"column":58},"end":{"line":22,"column":69}}],"line":22}},"s":{"0":1,"1":1,"2":1,"3":1},"f":{"0":1},"b":{"0":[1,0]},"_coverageSchema":"43e27e138ebf9cfc5966b082cf9a028302ed4184","hash":"1ad32c8b70542f82cacecaafc89f5fa5ddd075fa"}
,"/Users/luismiguelmendes/Desktop/nda-project/refactor-app-microfrontends/src/proposals/views/Proposals/ProposalsStyle.js": {"path":"/Users/luismiguelmendes/Desktop/nda-project/refactor-app-microfrontends/src/proposals/views/Proposals/ProposalsStyle.js","statementMap":{"0":{"start":{"line":3,"column":36},"end":{"line":24,"column":1}}},"fnMap":{"0":{"name":"(anonymous_0)","decl":{"start":{"line":3,"column":26},"end":{"line":3,"column":27}},"loc":{"start":{"line":3,"column":36},"end":{"line":24,"column":1}},"line":3}},"branchMap":{},"s":{"0":1},"f":{"0":1},"b":{},"_coverageSchema":"43e27e138ebf9cfc5966b082cf9a028302ed4184","hash":"463142b7127571ab3c0dbfbe9d6656fb8a0f624d"}
}
