TN:
SF:/Users/luismiguelmendes/Desktop/nda-project/refactor-app-microfrontends/src/login/components/index.js
FNF:0
FNH:0
LF:0
LH:0
BRF:0
BRH:0
end_of_record
TN:
SF:/Users/luismiguelmendes/Desktop/nda-project/refactor-app-microfrontends/src/login/components/Form/Form.js
FN:5,(anonymous_0)
FN:9,(anonymous_1)
FN:14,(anonymous_2)
FNF:3
FNH:3
FNDA:4,(anonymous_0)
FNDA:2,(anonymous_1)
FNDA:1,(anonymous_2)
DA:5,2
DA:6,4
DA:7,4
DA:9,4
DA:10,2
DA:11,2
DA:14,4
DA:15,1
DA:16,1
DA:19,4
LF:10
LH:10
BRF:0
BRH:0
end_of_record
TN:
SF:/Users/luismiguelmendes/Desktop/nda-project/refactor-app-microfrontends/src/login/components/Form/FormStyle.js
FN:3,(anonymous_0)
FNF:1
FNH:1
FNDA:2,(anonymous_0)
DA:3,2
LF:1
LH:1
BRF:0
BRH:0
end_of_record
TN:
SF:/Users/luismiguelmendes/Desktop/nda-project/refactor-app-microfrontends/src/login/components/Form/index.js
FNF:0
FNH:0
LF:0
LH:0
BRF:0
BRH:0
end_of_record
TN:
SF:/Users/luismiguelmendes/Desktop/nda-project/refactor-app-microfrontends/src/login/components/Header/Header.js
FN:7,(anonymous_0)
FNF:1
FNH:1
FNDA:2,(anonymous_0)
DA:7,2
DA:8,2
DA:10,2
LF:3
LH:3
BRF:0
BRH:0
end_of_record
TN:
SF:/Users/luismiguelmendes/Desktop/nda-project/refactor-app-microfrontends/src/login/components/Header/HeaderStyle.js
FN:3,(anonymous_0)
FNF:1
FNH:1
FNDA:2,(anonymous_0)
DA:3,2
LF:1
LH:1
BRF:0
BRH:0
end_of_record
TN:
SF:/Users/luismiguelmendes/Desktop/nda-project/refactor-app-microfrontends/src/login/components/Header/index.js
FNF:0
FNH:0
LF:0
LH:0
BRF:0
BRH:0
end_of_record
TN:
SF:/Users/luismiguelmendes/Desktop/nda-project/refactor-app-microfrontends/src/login/theme/index.js
FNF:0
FNH:0
DA:7,3
LF:1
LH:1
BRF:0
BRH:0
end_of_record
TN:
SF:/Users/luismiguelmendes/Desktop/nda-project/refactor-app-microfrontends/src/login/theme/palette.js
FNF:0
FNH:0
DA:3,3
DA:4,3
LF:2
LH:2
BRF:0
BRH:0
end_of_record
TN:
SF:/Users/luismiguelmendes/Desktop/nda-project/refactor-app-microfrontends/src/login/theme/typography.js
FNF:0
FNH:0
LF:0
LH:0
BRF:0
BRH:0
end_of_record
TN:
SF:/Users/luismiguelmendes/Desktop/nda-project/refactor-app-microfrontends/src/login/theme/overrides/MuiAppBar.js
FNF:0
FNH:0
LF:0
LH:0
BRF:0
BRH:0
end_of_record
TN:
SF:/Users/luismiguelmendes/Desktop/nda-project/refactor-app-microfrontends/src/login/theme/overrides/MuiButton.js
FNF:0
FNH:0
LF:0
LH:0
BRF:0
BRH:0
end_of_record
TN:
SF:/Users/luismiguelmendes/Desktop/nda-project/refactor-app-microfrontends/src/login/theme/overrides/MuiCheckbox.js
FNF:0
FNH:0
LF:0
LH:0
BRF:0
BRH:0
end_of_record
TN:
SF:/Users/luismiguelmendes/Desktop/nda-project/refactor-app-microfrontends/src/login/theme/overrides/MuiExpansionPanelSummary.js
FNF:0
FNH:0
LF:0
LH:0
BRF:0
BRH:0
end_of_record
TN:
SF:/Users/luismiguelmendes/Desktop/nda-project/refactor-app-microfrontends/src/login/theme/overrides/MuiIconButton.js
FNF:0
FNH:0
LF:0
LH:0
BRF:0
BRH:0
end_of_record
TN:
SF:/Users/luismiguelmendes/Desktop/nda-project/refactor-app-microfrontends/src/login/theme/overrides/MuiInputBase.js
FNF:0
FNH:0
LF:0
LH:0
BRF:0
BRH:0
end_of_record
TN:
SF:/Users/luismiguelmendes/Desktop/nda-project/refactor-app-microfrontends/src/login/theme/overrides/MuiOutlinedInput.js
FNF:0
FNH:0
LF:0
LH:0
BRF:0
BRH:0
end_of_record
TN:
SF:/Users/luismiguelmendes/Desktop/nda-project/refactor-app-microfrontends/src/login/theme/overrides/MuiPaper.js
FNF:0
FNH:0
LF:0
LH:0
BRF:0
BRH:0
end_of_record
TN:
SF:/Users/luismiguelmendes/Desktop/nda-project/refactor-app-microfrontends/src/login/theme/overrides/MuiSwitch.js
FNF:0
FNH:0
LF:0
LH:0
BRF:0
BRH:0
end_of_record
TN:
SF:/Users/luismiguelmendes/Desktop/nda-project/refactor-app-microfrontends/src/login/theme/overrides/MuiTab.js
FNF:0
FNH:0
LF:0
LH:0
BRF:0
BRH:0
end_of_record
TN:
SF:/Users/luismiguelmendes/Desktop/nda-project/refactor-app-microfrontends/src/login/theme/overrides/MuiTableCell.js
FNF:0
FNH:0
LF:0
LH:0
BRF:0
BRH:0
end_of_record
TN:
SF:/Users/luismiguelmendes/Desktop/nda-project/refactor-app-microfrontends/src/login/theme/overrides/MuiTableHead.js
FNF:0
FNH:0
LF:0
LH:0
BRF:0
BRH:0
end_of_record
TN:
SF:/Users/luismiguelmendes/Desktop/nda-project/refactor-app-microfrontends/src/login/theme/overrides/MuiTabs.js
FNF:0
FNH:0
LF:0
LH:0
BRF:0
BRH:0
end_of_record
TN:
SF:/Users/luismiguelmendes/Desktop/nda-project/refactor-app-microfrontends/src/login/theme/overrides/MuiTextField.js
FNF:0
FNH:0
LF:0
LH:0
BRF:0
BRH:0
end_of_record
TN:
SF:/Users/luismiguelmendes/Desktop/nda-project/refactor-app-microfrontends/src/login/theme/overrides/MuiTypography.js
FNF:0
FNH:0
LF:0
LH:0
BRF:0
BRH:0
end_of_record
TN:
SF:/Users/luismiguelmendes/Desktop/nda-project/refactor-app-microfrontends/src/login/theme/overrides/index.js
FNF:0
FNH:0
LF:0
LH:0
BRF:0
BRH:0
end_of_record
TN:
SF:/Users/luismiguelmendes/Desktop/nda-project/refactor-app-microfrontends/src/login/views/Login/Login.js
FN:7,(anonymous_0)
FNF:1
FNH:1
FNDA:1,(anonymous_0)
DA:7,1
DA:8,1
DA:10,1
LF:3
LH:3
BRF:0
BRH:0
end_of_record
TN:
SF:/Users/luismiguelmendes/Desktop/nda-project/refactor-app-microfrontends/src/login/views/Login/LoginStyle.js
FN:3,(anonymous_0)
FNF:1
FNH:1
FNDA:1,(anonymous_0)
DA:3,1
LF:1
LH:1
BRF:0
BRH:0
end_of_record
TN:
SF:/Users/luismiguelmendes/Desktop/nda-project/refactor-app-microfrontends/src/proposal-header/admin/ProposalHeader.js
FNF:0
FNH:0
LF:0
LH:0
BRF:0
BRH:0
end_of_record
TN:
SF:/Users/luismiguelmendes/Desktop/nda-project/refactor-app-microfrontends/src/proposal-header/admin/ProposalSteps.js
FNF:0
FNH:0
LF:0
LH:0
BRF:0
BRH:0
end_of_record
TN:
SF:/Users/luismiguelmendes/Desktop/nda-project/refactor-app-microfrontends/src/proposal-header/admin/index.js
FNF:0
FNH:0
LF:0
LH:0
BRF:0
BRH:0
end_of_record
TN:
SF:/Users/luismiguelmendes/Desktop/nda-project/refactor-app-microfrontends/src/proposal-header/admin/navPages.js
FNF:0
FNH:0
LF:0
LH:0
BRF:0
BRH:0
end_of_record
TN:
SF:/Users/luismiguelmendes/Desktop/nda-project/refactor-app-microfrontends/src/proposal-header/components/Footer/Footer.js
FN:16,(anonymous_0)
FN:21,(anonymous_1)
FN:25,(anonymous_2)
FN:29,(anonymous_3)
FN:33,(anonymous_4)
FN:37,(anonymous_5)
FN:56,(anonymous_6)
FNF:7
FNH:6
FNDA:6,(anonymous_0)
FNDA:0,(anonymous_1)
FNDA:1,(anonymous_2)
FNDA:1,(anonymous_3)
FNDA:3,(anonymous_4)
FNDA:2,(anonymous_5)
FNDA:4,(anonymous_6)
DA:16,1
DA:17,6
DA:18,6
DA:19,6
DA:21,6
DA:22,0
DA:25,6
DA:26,1
DA:29,6
DA:30,1
DA:33,6
DA:34,3
DA:37,6
DA:38,2
DA:56,6
DA:57,4
DA:76,6
LF:17
LH:16
BRDA:84,0,0,2
BRDA:84,0,1,4
BRF:2
BRH:2
end_of_record
TN:
SF:/Users/luismiguelmendes/Desktop/nda-project/refactor-app-microfrontends/src/proposal-header/components/Footer/FooterStyle.js
FN:3,(anonymous_0)
FNF:1
FNH:1
FNDA:1,(anonymous_0)
DA:3,1
LF:1
LH:1
BRF:0
BRH:0
end_of_record
TN:
SF:/Users/luismiguelmendes/Desktop/nda-project/refactor-app-microfrontends/src/proposal-header/components/Header/Header.js
FN:8,(anonymous_0)
FNF:1
FNH:1
FNDA:1,(anonymous_0)
DA:8,1
DA:9,1
DA:10,1
DA:12,1
DA:32,1
LF:5
LH:5
BRF:0
BRH:0
end_of_record
TN:
SF:/Users/luismiguelmendes/Desktop/nda-project/refactor-app-microfrontends/src/proposal-header/components/Header/HeaderStyle.js
FN:3,(anonymous_0)
FNF:1
FNH:1
FNDA:1,(anonymous_0)
DA:3,1
LF:1
LH:1
BRF:0
BRH:0
end_of_record
TN:
SF:/Users/luismiguelmendes/Desktop/nda-project/refactor-app-microfrontends/src/proposal-header/components/InputField/InputField.js
FN:5,(anonymous_0)
FNF:1
FNH:1
FNDA:4,(anonymous_0)
DA:5,1
DA:6,4
DA:7,4
DA:9,0
DA:11,0
DA:13,0
DA:15,4
DA:19,1
LF:8
LH:5
BRDA:7,0,0,0
BRDA:7,0,1,0
BRDA:7,0,2,0
BRDA:7,0,3,4
BRF:4
BRH:1
end_of_record
TN:
SF:/Users/luismiguelmendes/Desktop/nda-project/refactor-app-microfrontends/src/proposal-header/components/InputField/index.js
FNF:0
FNH:0
LF:0
LH:0
BRF:0
BRH:0
end_of_record
TN:
SF:/Users/luismiguelmendes/Desktop/nda-project/refactor-app-microfrontends/src/proposal-header/components/InputField/components/DateInput.js
FN:8,(anonymous_0)
FN:13,(anonymous_1)
FN:17,(anonymous_2)
FNF:3
FNH:3
FNDA:4,(anonymous_0)
FNDA:1,(anonymous_1)
FNDA:2,(anonymous_2)
DA:8,2
DA:9,4
DA:10,4
DA:11,4
DA:13,4
DA:14,1
DA:17,4
DA:18,2
DA:21,4
DA:39,2
LF:10
LH:10
BRDA:32,0,0,4
BRDA:32,0,1,3
BRF:2
BRH:2
end_of_record
TN:
SF:/Users/luismiguelmendes/Desktop/nda-project/refactor-app-microfrontends/src/proposal-header/components/InputField/components/SelectInput.js
FN:8,(anonymous_0)
FN:13,(anonymous_1)
FN:17,(anonymous_2)
FN:35,(anonymous_3)
FNF:4
FNH:4
FNDA:4,(anonymous_0)
FNDA:1,(anonymous_1)
FNDA:2,(anonymous_2)
FNDA:16,(anonymous_3)
DA:8,2
DA:9,4
DA:10,4
DA:11,4
DA:13,4
DA:14,1
DA:17,4
DA:18,2
DA:21,4
DA:36,16
DA:44,2
LF:11
LH:11
BRDA:32,0,0,4
BRDA:32,0,1,3
BRF:2
BRH:2
end_of_record
TN:
SF:/Users/luismiguelmendes/Desktop/nda-project/refactor-app-microfrontends/src/proposal-header/components/InputField/components/SwitchInput.js
FN:9,(anonymous_0)
FN:14,(anonymous_1)
FN:19,(anonymous_2)
FNF:3
FNH:3
FNDA:4,(anonymous_0)
FNDA:1,(anonymous_1)
FNDA:2,(anonymous_2)
DA:9,2
DA:10,4
DA:11,4
DA:12,4
DA:14,4
DA:15,1
DA:16,1
DA:19,4
DA:20,2
DA:23,4
DA:41,2
LF:11
LH:11
BRDA:27,0,0,4
BRDA:27,0,1,3
BRF:2
BRH:2
end_of_record
TN:
SF:/Users/luismiguelmendes/Desktop/nda-project/refactor-app-microfrontends/src/proposal-header/components/InputField/components/TextInput.js
FN:8,(anonymous_0)
FN:13,(anonymous_1)
FN:17,(anonymous_2)
FNF:3
FNH:3
FNDA:10,(anonymous_0)
FNDA:1,(anonymous_1)
FNDA:4,(anonymous_2)
DA:8,2
DA:9,10
DA:10,10
DA:11,10
DA:13,10
DA:14,1
DA:17,10
DA:18,4
DA:21,10
DA:36,2
LF:10
LH:10
BRDA:29,0,0,10
BRDA:29,0,1,9
BRF:2
BRH:2
end_of_record
TN:
SF:/Users/luismiguelmendes/Desktop/nda-project/refactor-app-microfrontends/src/proposal-header/components/InputField/components/index.js
FNF:0
FNH:0
LF:0
LH:0
BRF:0
BRH:0
end_of_record
TN:
SF:/Users/luismiguelmendes/Desktop/nda-project/refactor-app-microfrontends/src/proposal-header/components/Section/Section.js
FN:15,(anonymous_0)
FN:20,(anonymous_1)
FN:21,(anonymous_2)
FN:44,(anonymous_3)
FNF:4
FNH:4
FNDA:2,(anonymous_0)
FNDA:1,(anonymous_1)
FNDA:1,(anonymous_2)
FNDA:4,(anonymous_3)
DA:15,1
DA:16,2
DA:17,2
DA:18,2
DA:20,2
DA:21,1
DA:24,2
DA:45,4
DA:63,1
LF:9
LH:9
BRF:0
BRH:0
end_of_record
TN:
SF:/Users/luismiguelmendes/Desktop/nda-project/refactor-app-microfrontends/src/proposal-header/components/Section/SectionStyle.js
FN:3,(anonymous_0)
FNF:1
FNH:1
FNDA:1,(anonymous_0)
DA:3,1
LF:1
LH:1
BRF:0
BRH:0
end_of_record
TN:
SF:/Users/luismiguelmendes/Desktop/nda-project/refactor-app-microfrontends/src/proposal-header/components/Sidebar/Sidebar.js
FN:9,(anonymous_0)
FNF:1
FNH:1
FNDA:1,(anonymous_0)
DA:9,1
DA:10,1
DA:11,1
DA:13,1
DA:28,1
LF:5
LH:5
BRF:0
BRH:0
end_of_record
TN:
SF:/Users/luismiguelmendes/Desktop/nda-project/refactor-app-microfrontends/src/proposal-header/components/Sidebar/SidebarStyle.js
FN:3,(anonymous_0)
FNF:1
FNH:1
FNDA:1,(anonymous_0)
DA:3,1
LF:1
LH:1
BRF:0
BRH:0
end_of_record
TN:
SF:/Users/luismiguelmendes/Desktop/nda-project/refactor-app-microfrontends/src/proposal-header/components/Sidebar/components/index.js
FNF:0
FNH:0
LF:0
LH:0
BRF:0
BRH:0
end_of_record
TN:
SF:/Users/luismiguelmendes/Desktop/nda-project/refactor-app-microfrontends/src/proposal-header/components/Sidebar/components/Profile/Profile.js
FN:6,(anonymous_0)
FNF:1
FNH:1
FNDA:2,(anonymous_0)
DA:6,2
DA:7,2
DA:9,2
DA:15,2
LF:4
LH:4
BRF:0
BRH:0
end_of_record
TN:
SF:/Users/luismiguelmendes/Desktop/nda-project/refactor-app-microfrontends/src/proposal-header/components/Sidebar/components/Profile/ProfileStyle.js
FN:3,(anonymous_0)
FNF:1
FNH:1
FNDA:2,(anonymous_0)
DA:3,2
LF:1
LH:1
BRF:0
BRH:0
end_of_record
TN:
SF:/Users/luismiguelmendes/Desktop/nda-project/refactor-app-microfrontends/src/proposal-header/components/Sidebar/components/Profile/index.js
FNF:0
FNH:0
LF:0
LH:0
BRF:0
BRH:0
end_of_record
TN:
SF:/Users/luismiguelmendes/Desktop/nda-project/refactor-app-microfrontends/src/proposal-header/components/Sidebar/components/SidebarNav/SidebarNav.js
FN:9,(anonymous_0)
FN:14,(anonymous_1)
FNF:2
FNH:2
FNDA:2,(anonymous_0)
FNDA:6,(anonymous_1)
DA:9,2
DA:10,2
DA:12,2
DA:15,6
LF:4
LH:4
BRF:0
BRH:0
end_of_record
TN:
SF:/Users/luismiguelmendes/Desktop/nda-project/refactor-app-microfrontends/src/proposal-header/components/Sidebar/components/SidebarNav/SidebarNavStyle.js
FN:4,(anonymous_0)
FNF:1
FNH:1
FNDA:2,(anonymous_0)
DA:4,2
LF:1
LH:1
BRF:0
BRH:0
end_of_record
TN:
SF:/Users/luismiguelmendes/Desktop/nda-project/refactor-app-microfrontends/src/proposal-header/components/Sidebar/components/SidebarNav/index.js
FNF:0
FNH:0
LF:0
LH:0
BRF:0
BRH:0
end_of_record
TN:
SF:/Users/luismiguelmendes/Desktop/nda-project/refactor-app-microfrontends/src/proposal-header/components/Sidebar/components/SidebarNav/components/NavbarItem.js
FN:9,(anonymous_0)
FN:11,(anonymous_1)
FN:16,(anonymous_2)
FN:20,(anonymous_3)
FN:24,(anonymous_4)
FN:52,(anonymous_5)
FN:63,(anonymous_6)
FN:85,(anonymous_7)
FNF:8
FNH:5
FNDA:21,(anonymous_0)
FNDA:14,(anonymous_1)
FNDA:1,(anonymous_2)
FNDA:0,(anonymous_3)
FNDA:14,(anonymous_4)
FNDA:14,(anonymous_5)
FNDA:0,(anonymous_6)
FNDA:0,(anonymous_7)
DA:9,21
DA:11,3
DA:12,14
DA:13,14
DA:14,14
DA:16,14
DA:17,1
DA:20,14
DA:21,0
DA:24,14
DA:25,14
DA:26,7
DA:53,14
DA:63,0
DA:73,7
DA:85,0
DA:93,14
LF:17
LH:14
BRDA:25,0,0,7
BRDA:25,0,1,7
BRDA:39,1,0,6
BRDA:39,1,1,1
BRDA:59,2,0,0
BRDA:59,2,1,14
BRDA:81,3,0,0
BRDA:81,3,1,7
BRF:8
BRH:6
end_of_record
TN:
SF:/Users/luismiguelmendes/Desktop/nda-project/refactor-app-microfrontends/src/proposal-header/components/Sidebar/components/SidebarNav/components/NavbarItemStyle.js
FN:3,(anonymous_0)
FNF:1
FNH:1
FNDA:9,(anonymous_0)
DA:3,9
LF:1
LH:1
BRF:0
BRH:0
end_of_record
TN:
SF:/Users/luismiguelmendes/Desktop/nda-project/refactor-app-microfrontends/src/proposal-header/components/Sidebar/components/SidebarNav/components/index.js
FNF:0
FNH:0
LF:0
LH:0
BRF:0
BRH:0
end_of_record
TN:
SF:/Users/luismiguelmendes/Desktop/nda-project/refactor-app-microfrontends/src/proposal-header/components/StepperChevron/StepperChevron.js
FN:13,(anonymous_0)
FN:35,(anonymous_1)
FN:45,(anonymous_2)
FN:49,(anonymous_3)
FNF:4
FNH:4
FNDA:1,(anonymous_0)
FNDA:1,(anonymous_1)
FNDA:8,(anonymous_2)
FNDA:8,(anonymous_3)
DA:13,1
DA:35,1
DA:36,1
DA:37,1
DA:39,1
DA:46,8
DA:50,8
DA:60,1
LF:8
LH:8
BRF:0
BRH:0
end_of_record
TN:
SF:/Users/luismiguelmendes/Desktop/nda-project/refactor-app-microfrontends/src/proposal-header/components/StepperChevron/StepperChevronStyle.js
FNF:0
FNH:0
LF:0
LH:0
BRF:0
BRH:0
end_of_record
TN:
SF:/Users/luismiguelmendes/Desktop/nda-project/refactor-app-microfrontends/src/proposal-header/components/StepperChevron/components/index.js
FNF:0
FNH:0
LF:0
LH:0
BRF:0
BRH:0
end_of_record
TN:
SF:/Users/luismiguelmendes/Desktop/nda-project/refactor-app-microfrontends/src/proposal-header/components/StepperChevron/components/StepIcon/StepIcon.js
FN:8,(anonymous_0)
FNF:1
FNH:1
FNDA:11,(anonymous_0)
DA:8,2
DA:9,11
DA:10,11
DA:11,11
DA:13,11
DA:25,2
LF:6
LH:6
BRDA:20,0,0,1
BRDA:20,0,1,10
BRF:2
BRH:2
end_of_record
TN:
SF:/Users/luismiguelmendes/Desktop/nda-project/refactor-app-microfrontends/src/proposal-header/components/StepperChevron/components/StepIcon/StepIconStyle.js
FN:3,(anonymous_0)
FNF:1
FNH:1
FNDA:4,(anonymous_0)
DA:3,4
LF:1
LH:1
BRF:0
BRH:0
end_of_record
TN:
SF:/Users/luismiguelmendes/Desktop/nda-project/refactor-app-microfrontends/src/proposal-header/components/StepperChevron/components/StepIcon/index.js
FNF:0
FNH:0
LF:0
LH:0
BRF:0
BRH:0
end_of_record
TN:
SF:/Users/luismiguelmendes/Desktop/nda-project/refactor-app-microfrontends/src/proposal-header/components/Topbar/Topbar.js
FN:19,(anonymous_0)
FN:29,(anonymous_1)
FNF:2
FNH:1
FNDA:1,(anonymous_0)
FNDA:0,(anonymous_1)
DA:19,1
DA:20,1
DA:21,1
DA:22,1
DA:24,1
DA:30,0
DA:63,1
LF:7
LH:6
BRF:0
BRH:0
end_of_record
TN:
SF:/Users/luismiguelmendes/Desktop/nda-project/refactor-app-microfrontends/src/proposal-header/components/Topbar/TopbarStyle.js
FN:3,(anonymous_0)
FNF:1
FNH:1
FNDA:1,(anonymous_0)
DA:3,1
LF:1
LH:1
BRF:0
BRH:0
end_of_record
TN:
SF:/Users/luismiguelmendes/Desktop/nda-project/refactor-app-microfrontends/src/proposal-header/store/actionTypes.js
FNF:0
FNH:0
DA:1,6
DA:2,6
DA:3,6
DA:4,6
DA:5,6
DA:6,6
DA:8,6
DA:9,6
DA:10,6
DA:12,6
DA:14,6
DA:15,6
DA:16,6
LF:13
LH:13
BRF:0
BRH:0
end_of_record
TN:
SF:/Users/luismiguelmendes/Desktop/nda-project/refactor-app-microfrontends/src/proposal-header/store/index.js
FNF:0
FNH:0
LF:0
LH:0
BRF:0
BRH:0
end_of_record
TN:
SF:/Users/luismiguelmendes/Desktop/nda-project/refactor-app-microfrontends/src/proposal-header/store/store.js
FN:7,(anonymous_0)
FN:10,(anonymous_1)
FN:14,(anonymous_2)
FN:19,(anonymous_3)
FN:21,(anonymous_4)
FN:22,(anonymous_5)
FN:29,(anonymous_6)
FNF:7
FNH:7
FNDA:29,(anonymous_0)
FNDA:13,(anonymous_1)
FNDA:14,(anonymous_2)
FNDA:8,(anonymous_3)
FNDA:8,(anonymous_4)
FNDA:9,(anonymous_5)
FNDA:7,(anonymous_6)
DA:3,7
DA:4,7
DA:5,7
DA:7,7
DA:8,29
DA:10,29
DA:11,13
DA:12,13
DA:13,13
DA:14,13
DA:15,14
DA:19,29
DA:20,8
DA:21,8
DA:22,9
DA:26,29
DA:29,7
DA:30,7
DA:31,7
DA:33,7
LF:20
LH:20
BRDA:30,0,0,7
BRDA:30,0,1,0
BRF:2
BRH:1
end_of_record
TN:
SF:/Users/luismiguelmendes/Desktop/nda-project/refactor-app-microfrontends/src/proposal-header/store/actions/header.js
FN:1,(anonymous_0)
FN:11,(anonymous_1)
FN:13,(anonymous_2)
FN:17,(anonymous_3)
FN:25,(anonymous_4)
FN:28,(anonymous_5)
FN:34,(anonymous_6)
FNF:7
FNH:3
FNDA:13,(anonymous_0)
FNDA:0,(anonymous_1)
FNDA:0,(anonymous_2)
FNDA:0,(anonymous_3)
FNDA:0,(anonymous_4)
FNDA:3,(anonymous_5)
FNDA:10,(anonymous_6)
DA:1,7
DA:2,13
DA:3,13
DA:7,13
DA:10,7
DA:12,0
DA:13,0
DA:15,0
DA:18,0
DA:19,0
DA:20,0
DA:21,0
DA:26,0
DA:29,3
DA:30,2
DA:32,3
DA:35,10
LF:17
LH:9
BRDA:29,0,0,2
BRDA:29,0,1,1
BRF:2
BRH:2
end_of_record
TN:
SF:/Users/luismiguelmendes/Desktop/nda-project/refactor-app-microfrontends/src/proposal-header/store/stores/index.js
FNF:0
FNH:0
LF:0
LH:0
BRF:0
BRH:0
end_of_record
TN:
SF:/Users/luismiguelmendes/Desktop/nda-project/refactor-app-microfrontends/src/proposal-header/store/stores/proposalStore.js
FN:4,(anonymous_0)
FNF:1
FNH:1
FNDA:7,(anonymous_0)
DA:4,7
DA:5,7
LF:2
LH:2
BRF:0
BRH:0
end_of_record
TN:
SF:/Users/luismiguelmendes/Desktop/nda-project/refactor-app-microfrontends/src/proposal-header/theme/index.js
FNF:0
FNH:0
DA:7,14
LF:1
LH:1
BRF:0
BRH:0
end_of_record
TN:
SF:/Users/luismiguelmendes/Desktop/nda-project/refactor-app-microfrontends/src/proposal-header/theme/palette.js
FNF:0
FNH:0
DA:3,14
DA:4,14
LF:2
LH:2
BRF:0
BRH:0
end_of_record
TN:
SF:/Users/luismiguelmendes/Desktop/nda-project/refactor-app-microfrontends/src/proposal-header/theme/typography.js
FNF:0
FNH:0
LF:0
LH:0
BRF:0
BRH:0
end_of_record
TN:
SF:/Users/luismiguelmendes/Desktop/nda-project/refactor-app-microfrontends/src/proposal-header/theme/overrides/MuiAppBar.js
FNF:0
FNH:0
LF:0
LH:0
BRF:0
BRH:0
end_of_record
TN:
SF:/Users/luismiguelmendes/Desktop/nda-project/refactor-app-microfrontends/src/proposal-header/theme/overrides/MuiButton.js
FNF:0
FNH:0
LF:0
LH:0
BRF:0
BRH:0
end_of_record
TN:
SF:/Users/luismiguelmendes/Desktop/nda-project/refactor-app-microfrontends/src/proposal-header/theme/overrides/MuiCheckbox.js
FNF:0
FNH:0
LF:0
LH:0
BRF:0
BRH:0
end_of_record
TN:
SF:/Users/luismiguelmendes/Desktop/nda-project/refactor-app-microfrontends/src/proposal-header/theme/overrides/MuiExpansionPanelSummary.js
FNF:0
FNH:0
LF:0
LH:0
BRF:0
BRH:0
end_of_record
TN:
SF:/Users/luismiguelmendes/Desktop/nda-project/refactor-app-microfrontends/src/proposal-header/theme/overrides/MuiIconButton.js
FNF:0
FNH:0
LF:0
LH:0
BRF:0
BRH:0
end_of_record
TN:
SF:/Users/luismiguelmendes/Desktop/nda-project/refactor-app-microfrontends/src/proposal-header/theme/overrides/MuiInputBase.js
FNF:0
FNH:0
LF:0
LH:0
BRF:0
BRH:0
end_of_record
TN:
SF:/Users/luismiguelmendes/Desktop/nda-project/refactor-app-microfrontends/src/proposal-header/theme/overrides/MuiOutlinedInput.js
FNF:0
FNH:0
LF:0
LH:0
BRF:0
BRH:0
end_of_record
TN:
SF:/Users/luismiguelmendes/Desktop/nda-project/refactor-app-microfrontends/src/proposal-header/theme/overrides/MuiPaper.js
FNF:0
FNH:0
LF:0
LH:0
BRF:0
BRH:0
end_of_record
TN:
SF:/Users/luismiguelmendes/Desktop/nda-project/refactor-app-microfrontends/src/proposal-header/theme/overrides/MuiSwitch.js
FNF:0
FNH:0
LF:0
LH:0
BRF:0
BRH:0
end_of_record
TN:
SF:/Users/luismiguelmendes/Desktop/nda-project/refactor-app-microfrontends/src/proposal-header/theme/overrides/MuiTab.js
FNF:0
FNH:0
LF:0
LH:0
BRF:0
BRH:0
end_of_record
TN:
SF:/Users/luismiguelmendes/Desktop/nda-project/refactor-app-microfrontends/src/proposal-header/theme/overrides/MuiTableCell.js
FNF:0
FNH:0
LF:0
LH:0
BRF:0
BRH:0
end_of_record
TN:
SF:/Users/luismiguelmendes/Desktop/nda-project/refactor-app-microfrontends/src/proposal-header/theme/overrides/MuiTableHead.js
FNF:0
FNH:0
LF:0
LH:0
BRF:0
BRH:0
end_of_record
TN:
SF:/Users/luismiguelmendes/Desktop/nda-project/refactor-app-microfrontends/src/proposal-header/theme/overrides/MuiTabs.js
FNF:0
FNH:0
LF:0
LH:0
BRF:0
BRH:0
end_of_record
TN:
SF:/Users/luismiguelmendes/Desktop/nda-project/refactor-app-microfrontends/src/proposal-header/theme/overrides/MuiTextField.js
FNF:0
FNH:0
LF:0
LH:0
BRF:0
BRH:0
end_of_record
TN:
SF:/Users/luismiguelmendes/Desktop/nda-project/refactor-app-microfrontends/src/proposal-header/theme/overrides/MuiTypography.js
FNF:0
FNH:0
LF:0
LH:0
BRF:0
BRH:0
end_of_record
TN:
SF:/Users/luismiguelmendes/Desktop/nda-project/refactor-app-microfrontends/src/proposal-header/theme/overrides/index.js
FNF:0
FNH:0
LF:0
LH:0
BRF:0
BRH:0
end_of_record
TN:
SF:/Users/luismiguelmendes/Desktop/nda-project/refactor-app-microfrontends/src/proposals/admin/index.js
FNF:0
FNH:0
LF:0
LH:0
BRF:0
BRH:0
end_of_record
TN:
SF:/Users/luismiguelmendes/Desktop/nda-project/refactor-app-microfrontends/src/proposals/admin/navPages.js
FNF:0
FNH:0
LF:0
LH:0
BRF:0
BRH:0
end_of_record
TN:
SF:/Users/luismiguelmendes/Desktop/nda-project/refactor-app-microfrontends/src/proposals/admin/tabHeaders.js
FNF:0
FNH:0
LF:0
LH:0
BRF:0
BRH:0
end_of_record
TN:
SF:/Users/luismiguelmendes/Desktop/nda-project/refactor-app-microfrontends/src/proposals/admin/tableColumns.js
FNF:0
FNH:0
LF:0
LH:0
BRF:0
BRH:0
end_of_record
TN:
SF:/Users/luismiguelmendes/Desktop/nda-project/refactor-app-microfrontends/src/proposals/components/index.js
FNF:0
FNH:0
LF:0
LH:0
BRF:0
BRH:0
end_of_record
TN:
SF:/Users/luismiguelmendes/Desktop/nda-project/refactor-app-microfrontends/src/proposals/components/Header/Header.js
FN:10,(anonymous_0)
FN:13,(anonymous_1)
FNF:2
FNH:1
FNDA:2,(anonymous_0)
FNDA:0,(anonymous_1)
DA:10,2
DA:11,2
DA:13,2
DA:14,0
DA:17,2
DA:47,2
LF:6
LH:5
BRF:0
BRH:0
end_of_record
TN:
SF:/Users/luismiguelmendes/Desktop/nda-project/refactor-app-microfrontends/src/proposals/components/Header/HeaderStyle.js
FN:3,(anonymous_0)
FNF:1
FNH:1
FNDA:2,(anonymous_0)
DA:3,2
LF:1
LH:1
BRF:0
BRH:0
end_of_record
TN:
SF:/Users/luismiguelmendes/Desktop/nda-project/refactor-app-microfrontends/src/proposals/components/Header/index.js
FNF:0
FNH:0
LF:0
LH:0
BRF:0
BRH:0
end_of_record
TN:
SF:/Users/luismiguelmendes/Desktop/nda-project/refactor-app-microfrontends/src/proposals/components/SearchInput/SearchInput.js
FN:8,(anonymous_0)
FN:13,(anonymous_1)
FNF:2
FNH:2
FNDA:7,(anonymous_0)
FNDA:1,(anonymous_1)
DA:8,3
DA:9,7
DA:10,7
DA:11,7
DA:13,7
DA:14,1
DA:15,1
DA:17,7
DA:36,3
LF:9
LH:9
BRF:0
BRH:0
end_of_record
TN:
SF:/Users/luismiguelmendes/Desktop/nda-project/refactor-app-microfrontends/src/proposals/components/SearchInput/SearchInputStyle.js
FN:3,(anonymous_0)
FNF:1
FNH:1
FNDA:3,(anonymous_0)
DA:3,3
LF:1
LH:1
BRF:0
BRH:0
end_of_record
TN:
SF:/Users/luismiguelmendes/Desktop/nda-project/refactor-app-microfrontends/src/proposals/components/SearchInput/index.js
FNF:0
FNH:0
LF:0
LH:0
BRF:0
BRH:0
end_of_record
TN:
SF:/Users/luismiguelmendes/Desktop/nda-project/refactor-app-microfrontends/src/proposals/components/Sidebar/Sidebar.js
FN:9,(anonymous_0)
FNF:1
FNH:1
FNDA:2,(anonymous_0)
DA:9,2
DA:10,2
DA:11,2
DA:13,2
DA:28,2
LF:5
LH:5
BRF:0
BRH:0
end_of_record
TN:
SF:/Users/luismiguelmendes/Desktop/nda-project/refactor-app-microfrontends/src/proposals/components/Sidebar/SidebarStyle.js
FN:3,(anonymous_0)
FNF:1
FNH:1
FNDA:2,(anonymous_0)
DA:3,2
LF:1
LH:1
BRF:0
BRH:0
end_of_record
TN:
SF:/Users/luismiguelmendes/Desktop/nda-project/refactor-app-microfrontends/src/proposals/components/Sidebar/index.js
FNF:0
FNH:0
LF:0
LH:0
BRF:0
BRH:0
end_of_record
TN:
SF:/Users/luismiguelmendes/Desktop/nda-project/refactor-app-microfrontends/src/proposals/components/Sidebar/components/index.js
FNF:0
FNH:0
LF:0
LH:0
BRF:0
BRH:0
end_of_record
TN:
SF:/Users/luismiguelmendes/Desktop/nda-project/refactor-app-microfrontends/src/proposals/components/Sidebar/components/Profile/Profile.js
FN:6,(anonymous_0)
FNF:1
FNH:1
FNDA:3,(anonymous_0)
DA:6,3
DA:7,3
DA:9,3
DA:15,3
LF:4
LH:4
BRF:0
BRH:0
end_of_record
TN:
SF:/Users/luismiguelmendes/Desktop/nda-project/refactor-app-microfrontends/src/proposals/components/Sidebar/components/Profile/ProfileStyle.js
FN:3,(anonymous_0)
FNF:1
FNH:1
FNDA:3,(anonymous_0)
DA:3,3
LF:1
LH:1
BRF:0
BRH:0
end_of_record
TN:
SF:/Users/luismiguelmendes/Desktop/nda-project/refactor-app-microfrontends/src/proposals/components/Sidebar/components/Profile/index.js
FNF:0
FNH:0
LF:0
LH:0
BRF:0
BRH:0
end_of_record
TN:
SF:/Users/luismiguelmendes/Desktop/nda-project/refactor-app-microfrontends/src/proposals/components/Sidebar/components/SidebarNav/SidebarNav.js
FN:9,(anonymous_0)
FN:14,(anonymous_1)
FNF:2
FNH:2
FNDA:3,(anonymous_0)
FNDA:9,(anonymous_1)
DA:9,3
DA:10,3
DA:12,3
DA:15,9
LF:4
LH:4
BRF:0
BRH:0
end_of_record
TN:
SF:/Users/luismiguelmendes/Desktop/nda-project/refactor-app-microfrontends/src/proposals/components/Sidebar/components/SidebarNav/SidebarNavStyle.js
FN:4,(anonymous_0)
FNF:1
FNH:1
FNDA:3,(anonymous_0)
DA:4,3
LF:1
LH:1
BRF:0
BRH:0
end_of_record
TN:
SF:/Users/luismiguelmendes/Desktop/nda-project/refactor-app-microfrontends/src/proposals/components/Sidebar/components/SidebarNav/index.js
FNF:0
FNH:0
LF:0
LH:0
BRF:0
BRH:0
end_of_record
TN:
SF:/Users/luismiguelmendes/Desktop/nda-project/refactor-app-microfrontends/src/proposals/components/Sidebar/components/SidebarNav/components/NavbarItem.js
FN:9,(anonymous_0)
FN:11,(anonymous_1)
FN:16,(anonymous_2)
FN:20,(anonymous_3)
FN:24,(anonymous_4)
FN:52,(anonymous_5)
FN:63,(anonymous_6)
FN:85,(anonymous_7)
FNF:8
FNH:5
FNDA:25,(anonymous_0)
FNDA:17,(anonymous_1)
FNDA:1,(anonymous_2)
FNDA:0,(anonymous_3)
FNDA:17,(anonymous_4)
FNDA:16,(anonymous_5)
FNDA:0,(anonymous_6)
FNDA:0,(anonymous_7)
DA:9,25
DA:11,4
DA:12,17
DA:13,17
DA:14,17
DA:16,17
DA:17,1
DA:20,17
DA:21,0
DA:24,17
DA:25,17
DA:26,8
DA:53,16
DA:63,0
DA:73,9
DA:85,0
DA:93,17
LF:17
LH:14
BRDA:25,0,0,8
BRDA:25,0,1,9
BRDA:39,1,0,7
BRDA:39,1,1,1
BRDA:59,2,0,0
BRDA:59,2,1,16
BRDA:81,3,0,0
BRDA:81,3,1,9
BRF:8
BRH:6
end_of_record
TN:
SF:/Users/luismiguelmendes/Desktop/nda-project/refactor-app-microfrontends/src/proposals/components/Sidebar/components/SidebarNav/components/NavbarItemStyle.js
FN:3,(anonymous_0)
FNF:1
FNH:1
FNDA:10,(anonymous_0)
DA:3,10
LF:1
LH:1
BRF:0
BRH:0
end_of_record
TN:
SF:/Users/luismiguelmendes/Desktop/nda-project/refactor-app-microfrontends/src/proposals/components/Sidebar/components/SidebarNav/components/index.js
FNF:0
FNH:0
LF:0
LH:0
BRF:0
BRH:0
end_of_record
TN:
SF:/Users/luismiguelmendes/Desktop/nda-project/refactor-app-microfrontends/src/proposals/components/Table/Table.js
FN:13,(anonymous_0)
FN:20,(anonymous_1)
FN:30,(anonymous_2)
FN:31,(anonymous_3)
FN:36,(anonymous_4)
FN:51,(anonymous_5)
FN:55,(anonymous_6)
FNF:7
FNH:7
FNDA:14,(anonymous_0)
FNDA:2,(anonymous_1)
FNDA:3,(anonymous_2)
FNDA:2,(anonymous_3)
FNDA:3,(anonymous_4)
FNDA:1,(anonymous_5)
FNDA:1,(anonymous_6)
DA:13,3
DA:14,14
DA:15,14
DA:16,14
DA:17,14
DA:18,14
DA:20,14
DA:22,2
DA:23,2
DA:25,0
DA:27,2
DA:30,14
DA:31,3
DA:32,3
DA:33,3
DA:34,2
DA:36,3
DA:38,1
DA:39,1
DA:40,0
DA:41,0
DA:42,0
DA:43,0
DA:48,3
DA:51,14
DA:52,1
DA:55,14
DA:56,1
DA:59,14
DA:87,3
LF:30
LH:25
BRDA:22,0,0,2
BRDA:22,0,1,0
BRDA:33,1,0,2
BRDA:33,1,1,1
BRDA:38,2,0,1
BRDA:38,2,1,0
BRDA:40,3,0,0
BRDA:40,3,1,0
BRDA:42,4,0,0
BRDA:42,4,1,0
BRF:10
BRH:4
end_of_record
TN:
SF:/Users/luismiguelmendes/Desktop/nda-project/refactor-app-microfrontends/src/proposals/components/Table/TableStyle.js
FN:3,(anonymous_0)
FNF:1
FNH:1
FNDA:4,(anonymous_0)
DA:3,4
LF:1
LH:1
BRF:0
BRH:0
end_of_record
TN:
SF:/Users/luismiguelmendes/Desktop/nda-project/refactor-app-microfrontends/src/proposals/components/Table/index.js
FNF:0
FNH:0
LF:0
LH:0
BRF:0
BRH:0
end_of_record
TN:
SF:/Users/luismiguelmendes/Desktop/nda-project/refactor-app-microfrontends/src/proposals/components/Table/components/index.js
FNF:0
FNH:0
LF:0
LH:0
BRF:0
BRH:0
end_of_record
TN:
SF:/Users/luismiguelmendes/Desktop/nda-project/refactor-app-microfrontends/src/proposals/components/Table/components/TableBody/TableBody.js
FN:15,(anonymous_0)
FN:41,(anonymous_1)
FN:49,(anonymous_2)
FN:55,(anonymous_3)
FN:60,(anonymous_4)
FN:63,(anonymous_5)
FN:67,(anonymous_6)
FNF:7
FNH:6
FNDA:14,(anonymous_0)
FNDA:98,(anonymous_1)
FNDA:65,(anonymous_2)
FNDA:4,(anonymous_3)
FNDA:11,(anonymous_4)
FNDA:0,(anonymous_5)
FNDA:455,(anonymous_6)
DA:15,4
DA:22,14
DA:23,14
DA:25,14
DA:42,98
DA:50,65
DA:55,4
DA:60,11
DA:63,0
DA:68,455
DA:80,4
LF:11
LH:10
BRDA:35,0,0,14
BRDA:35,0,1,4
BRF:2
BRH:2
end_of_record
TN:
SF:/Users/luismiguelmendes/Desktop/nda-project/refactor-app-microfrontends/src/proposals/components/Table/components/TableBody/TableBodyStyle.js
FN:3,(anonymous_0)
FNF:1
FNH:1
FNDA:5,(anonymous_0)
DA:3,5
LF:1
LH:1
BRF:0
BRH:0
end_of_record
TN:
SF:/Users/luismiguelmendes/Desktop/nda-project/refactor-app-microfrontends/src/proposals/components/Table/components/TableBody/index.js
FNF:0
FNH:0
LF:0
LH:0
BRF:0
BRH:0
end_of_record
TN:
SF:/Users/luismiguelmendes/Desktop/nda-project/refactor-app-microfrontends/src/proposals/components/Table/components/TableToolBar/TableToolBarStyle.js
FN:3,(anonymous_0)
FNF:1
FNH:1
FNDA:10,(anonymous_0)
DA:3,10
LF:1
LH:1
BRDA:9,0,0,10
BRDA:9,0,1,0
BRF:2
BRH:1
end_of_record
TN:
SF:/Users/luismiguelmendes/Desktop/nda-project/refactor-app-microfrontends/src/proposals/components/Table/components/TableToolBar/TableToolbar.js
FN:9,(anonymous_0)
FNF:1
FNH:1
FNDA:19,(anonymous_0)
DA:9,4
DA:10,19
DA:11,19
DA:13,19
DA:44,4
LF:5
LH:5
BRDA:18,0,0,7
BRDA:18,0,1,12
BRDA:35,1,0,2
BRDA:35,1,1,17
BRF:4
BRH:4
end_of_record
TN:
SF:/Users/luismiguelmendes/Desktop/nda-project/refactor-app-microfrontends/src/proposals/components/Table/components/TableToolBar/index.js
FNF:0
FNH:0
LF:0
LH:0
BRF:0
BRH:0
end_of_record
TN:
SF:/Users/luismiguelmendes/Desktop/nda-project/refactor-app-microfrontends/src/proposals/components/Table/components/TableToolBar/components/index.js
FNF:0
FNH:0
LF:0
LH:0
BRF:0
BRH:0
end_of_record
TN:
SF:/Users/luismiguelmendes/Desktop/nda-project/refactor-app-microfrontends/src/proposals/components/Table/components/TableToolBar/components/RowOptions/RowOptions.js
FN:11,(anonymous_0)
FN:14,(anonymous_1)
FNF:2
FNH:1
FNDA:3,(anonymous_0)
FNDA:0,(anonymous_1)
DA:11,5
DA:12,3
DA:14,3
DA:15,0
DA:18,3
DA:49,5
LF:6
LH:5
BRF:0
BRH:0
end_of_record
TN:
SF:/Users/luismiguelmendes/Desktop/nda-project/refactor-app-microfrontends/src/proposals/components/Table/components/TableToolBar/components/RowOptions/index.js
FNF:0
FNH:0
LF:0
LH:0
BRF:0
BRH:0
end_of_record
TN:
SF:/Users/luismiguelmendes/Desktop/nda-project/refactor-app-microfrontends/src/proposals/components/Table/components/TableToolBar/components/RowOptions/components/index.js
FNF:0
FNH:0
LF:0
LH:0
BRF:0
BRH:0
end_of_record
TN:
SF:/Users/luismiguelmendes/Desktop/nda-project/refactor-app-microfrontends/src/proposals/components/Table/components/TableToolBar/components/RowOptions/components/Option/Option.js
FN:5,(anonymous_0)
FNF:1
FNH:1
FNDA:13,(anonymous_0)
DA:5,6
DA:6,13
DA:8,13
DA:16,6
LF:4
LH:4
BRF:0
BRH:0
end_of_record
TN:
SF:/Users/luismiguelmendes/Desktop/nda-project/refactor-app-microfrontends/src/proposals/components/Table/components/TableToolBar/components/RowOptions/components/Option/index.js
FNF:0
FNH:0
LF:0
LH:0
BRF:0
BRH:0
end_of_record
TN:
SF:/Users/luismiguelmendes/Desktop/nda-project/refactor-app-microfrontends/src/proposals/components/Table/components/TableToolBar/components/TableOptions/TableOptions.js
FN:21,(anonymous_0)
FN:37,(anonymous_1)
FN:48,(anonymous_2)
FN:51,(anonymous_3)
FN:55,(anonymous_4)
FNF:5
FNH:4
FNDA:19,(anonymous_0)
FNDA:11,(anonymous_1)
FNDA:19,(anonymous_2)
FNDA:1,(anonymous_3)
FNDA:0,(anonymous_4)
DA:17,5
DA:22,19
DA:37,11
DA:48,5
DA:49,19
DA:51,19
DA:52,1
DA:55,19
DA:56,0
DA:59,19
LF:10
LH:9
BRF:0
BRH:0
end_of_record
TN:
SF:/Users/luismiguelmendes/Desktop/nda-project/refactor-app-microfrontends/src/proposals/components/Table/components/TableToolBar/components/TableOptions/index.js
FNF:0
FNH:0
LF:0
LH:0
BRF:0
BRH:0
end_of_record
TN:
SF:/Users/luismiguelmendes/Desktop/nda-project/refactor-app-microfrontends/src/proposals/components/TableTabs/TableTabs.js
FN:12,(anonymous_0)
FN:14,(anonymous_1)
FN:23,(anonymous_2)
FN:25,(anonymous_3)
FN:28,(anonymous_4)
FN:29,(anonymous_5)
FN:33,(anonymous_6)
FN:41,(anonymous_7)
FN:57,(anonymous_8)
FNF:9
FNH:9
FNDA:7,(anonymous_0)
FNDA:5,(anonymous_1)
FNDA:3,(anonymous_2)
FNDA:30,(anonymous_3)
FNDA:1,(anonymous_4)
FNDA:5,(anonymous_5)
FNDA:2,(anonymous_6)
FNDA:1,(anonymous_7)
FNDA:45,(anonymous_8)
DA:12,7
DA:14,2
DA:15,5
DA:16,5
DA:17,5
DA:21,5
DA:23,5
DA:24,3
DA:25,30
DA:28,5
DA:29,1
DA:30,5
DA:33,5
DA:34,2
DA:35,2
DA:36,2
DA:37,2
DA:38,2
DA:41,5
DA:42,1
DA:43,1
DA:44,1
DA:47,5
DA:58,45
LF:24
LH:24
BRDA:25,0,0,30
BRDA:25,0,1,15
BRF:2
BRH:2
end_of_record
TN:
SF:/Users/luismiguelmendes/Desktop/nda-project/refactor-app-microfrontends/src/proposals/components/TableTabs/TableTabsStyle.js
FN:3,(anonymous_0)
FNF:1
FNH:1
FNDA:2,(anonymous_0)
DA:3,2
LF:1
LH:1
BRF:0
BRH:0
end_of_record
TN:
SF:/Users/luismiguelmendes/Desktop/nda-project/refactor-app-microfrontends/src/proposals/components/TableTabs/index.js
FNF:0
FNH:0
LF:0
LH:0
BRF:0
BRH:0
end_of_record
TN:
SF:/Users/luismiguelmendes/Desktop/nda-project/refactor-app-microfrontends/src/proposals/components/Topbar/Topbar.js
FN:19,(anonymous_0)
FN:29,(anonymous_1)
FNF:2
FNH:1
FNDA:2,(anonymous_0)
FNDA:0,(anonymous_1)
DA:19,2
DA:20,2
DA:21,2
DA:22,2
DA:24,2
DA:30,0
DA:63,2
LF:7
LH:6
BRF:0
BRH:0
end_of_record
TN:
SF:/Users/luismiguelmendes/Desktop/nda-project/refactor-app-microfrontends/src/proposals/components/Topbar/TopbarStyle.js
FN:3,(anonymous_0)
FNF:1
FNH:1
FNDA:2,(anonymous_0)
DA:3,2
LF:1
LH:1
BRF:0
BRH:0
end_of_record
TN:
SF:/Users/luismiguelmendes/Desktop/nda-project/refactor-app-microfrontends/src/proposals/components/Topbar/index.js
FNF:0
FNH:0
LF:0
LH:0
BRF:0
BRH:0
end_of_record
TN:
SF:/Users/luismiguelmendes/Desktop/nda-project/refactor-app-microfrontends/src/proposals/helpers/proposal.js
FNF:0
FNH:0
DA:1,2
DA:94,2
DA:147,2
LF:3
LH:3
BRF:0
BRH:0
end_of_record
TN:
SF:/Users/luismiguelmendes/Desktop/nda-project/refactor-app-microfrontends/src/proposals/store/index.js
FNF:0
FNH:0
LF:0
LH:0
BRF:0
BRH:0
end_of_record
TN:
SF:/Users/luismiguelmendes/Desktop/nda-project/refactor-app-microfrontends/src/proposals/store/store.js
FN:7,(anonymous_0)
FN:10,(anonymous_1)
FN:14,(anonymous_2)
FN:19,(anonymous_3)
FN:21,(anonymous_4)
FN:22,(anonymous_5)
FN:29,(anonymous_6)
FNF:7
FNH:5
FNDA:5,(anonymous_0)
FNDA:0,(anonymous_1)
FNDA:0,(anonymous_2)
FNDA:2,(anonymous_3)
FNDA:2,(anonymous_4)
FNDA:2,(anonymous_5)
FNDA:2,(anonymous_6)
DA:3,2
DA:4,2
DA:5,2
DA:7,2
DA:8,5
DA:10,5
DA:11,0
DA:12,0
DA:13,0
DA:14,0
DA:15,0
DA:19,5
DA:20,2
DA:21,2
DA:22,2
DA:26,5
DA:29,2
DA:30,2
DA:31,2
DA:33,2
LF:20
LH:15
BRDA:30,0,0,2
BRDA:30,0,1,0
BRF:2
BRH:1
end_of_record
TN:
SF:/Users/luismiguelmendes/Desktop/nda-project/refactor-app-microfrontends/src/proposals/store/actions/proposals.js
FN:1,(anonymous_0)
FN:11,(anonymous_1)
FN:14,(anonymous_2)
FNF:3
FNH:0
FNDA:0,(anonymous_0)
FNDA:0,(anonymous_1)
FNDA:0,(anonymous_2)
DA:1,2
DA:2,0
DA:3,0
DA:7,0
DA:10,2
DA:12,0
DA:15,0
LF:7
LH:2
BRF:0
BRH:0
end_of_record
TN:
SF:/Users/luismiguelmendes/Desktop/nda-project/refactor-app-microfrontends/src/proposals/store/stores/index.js
FNF:0
FNH:0
LF:0
LH:0
BRF:0
BRH:0
end_of_record
TN:
SF:/Users/luismiguelmendes/Desktop/nda-project/refactor-app-microfrontends/src/proposals/store/stores/proposalsStore.js
FN:5,(anonymous_0)
FNF:1
FNH:1
FNDA:2,(anonymous_0)
DA:5,2
DA:6,2
LF:2
LH:2
BRF:0
BRH:0
end_of_record
TN:
SF:/Users/luismiguelmendes/Desktop/nda-project/refactor-app-microfrontends/src/proposals/theme/index.js
FNF:0
FNH:0
DA:7,15
LF:1
LH:1
BRF:0
BRH:0
end_of_record
TN:
SF:/Users/luismiguelmendes/Desktop/nda-project/refactor-app-microfrontends/src/proposals/theme/palette.js
FNF:0
FNH:0
DA:3,15
DA:4,15
LF:2
LH:2
BRF:0
BRH:0
end_of_record
TN:
SF:/Users/luismiguelmendes/Desktop/nda-project/refactor-app-microfrontends/src/proposals/theme/typography.js
FNF:0
FNH:0
LF:0
LH:0
BRF:0
BRH:0
end_of_record
TN:
SF:/Users/luismiguelmendes/Desktop/nda-project/refactor-app-microfrontends/src/proposals/theme/overrides/MuiAppBar.js
FNF:0
FNH:0
LF:0
LH:0
BRF:0
BRH:0
end_of_record
TN:
SF:/Users/luismiguelmendes/Desktop/nda-project/refactor-app-microfrontends/src/proposals/theme/overrides/MuiButton.js
FNF:0
FNH:0
LF:0
LH:0
BRF:0
BRH:0
end_of_record
TN:
SF:/Users/luismiguelmendes/Desktop/nda-project/refactor-app-microfrontends/src/proposals/theme/overrides/MuiCheckbox.js
FNF:0
FNH:0
LF:0
LH:0
BRF:0
BRH:0
end_of_record
TN:
SF:/Users/luismiguelmendes/Desktop/nda-project/refactor-app-microfrontends/src/proposals/theme/overrides/MuiExpansionPanelSummary.js
FNF:0
FNH:0
LF:0
LH:0
BRF:0
BRH:0
end_of_record
TN:
SF:/Users/luismiguelmendes/Desktop/nda-project/refactor-app-microfrontends/src/proposals/theme/overrides/MuiIconButton.js
FNF:0
FNH:0
LF:0
LH:0
BRF:0
BRH:0
end_of_record
TN:
SF:/Users/luismiguelmendes/Desktop/nda-project/refactor-app-microfrontends/src/proposals/theme/overrides/MuiInputBase.js
FNF:0
FNH:0
LF:0
LH:0
BRF:0
BRH:0
end_of_record
TN:
SF:/Users/luismiguelmendes/Desktop/nda-project/refactor-app-microfrontends/src/proposals/theme/overrides/MuiOutlinedInput.js
FNF:0
FNH:0
LF:0
LH:0
BRF:0
BRH:0
end_of_record
TN:
SF:/Users/luismiguelmendes/Desktop/nda-project/refactor-app-microfrontends/src/proposals/theme/overrides/MuiPaper.js
FNF:0
FNH:0
LF:0
LH:0
BRF:0
BRH:0
end_of_record
TN:
SF:/Users/luismiguelmendes/Desktop/nda-project/refactor-app-microfrontends/src/proposals/theme/overrides/MuiSwitch.js
FNF:0
FNH:0
LF:0
LH:0
BRF:0
BRH:0
end_of_record
TN:
SF:/Users/luismiguelmendes/Desktop/nda-project/refactor-app-microfrontends/src/proposals/theme/overrides/MuiTab.js
FNF:0
FNH:0
LF:0
LH:0
BRF:0
BRH:0
end_of_record
TN:
SF:/Users/luismiguelmendes/Desktop/nda-project/refactor-app-microfrontends/src/proposals/theme/overrides/MuiTableCell.js
FNF:0
FNH:0
LF:0
LH:0
BRF:0
BRH:0
end_of_record
TN:
SF:/Users/luismiguelmendes/Desktop/nda-project/refactor-app-microfrontends/src/proposals/theme/overrides/MuiTableHead.js
FNF:0
FNH:0
LF:0
LH:0
BRF:0
BRH:0
end_of_record
TN:
SF:/Users/luismiguelmendes/Desktop/nda-project/refactor-app-microfrontends/src/proposals/theme/overrides/MuiTabs.js
FNF:0
FNH:0
LF:0
LH:0
BRF:0
BRH:0
end_of_record
TN:
SF:/Users/luismiguelmendes/Desktop/nda-project/refactor-app-microfrontends/src/proposals/theme/overrides/MuiTextField.js
FNF:0
FNH:0
LF:0
LH:0
BRF:0
BRH:0
end_of_record
TN:
SF:/Users/luismiguelmendes/Desktop/nda-project/refactor-app-microfrontends/src/proposals/theme/overrides/MuiTypography.js
FNF:0
FNH:0
LF:0
LH:0
BRF:0
BRH:0
end_of_record
TN:
SF:/Users/luismiguelmendes/Desktop/nda-project/refactor-app-microfrontends/src/proposals/theme/overrides/index.js
FNF:0
FNH:0
LF:0
LH:0
BRF:0
BRH:0
end_of_record
TN:
SF:/Users/luismiguelmendes/Desktop/nda-project/refactor-app-microfrontends/src/proposals/views/Proposals/Proposals.js
FN:8,(anonymous_0)
FNF:1
FNH:1
FNDA:1,(anonymous_0)
DA:8,1
DA:9,1
DA:10,1
DA:14,1
LF:4
LH:4
BRDA:22,0,0,1
BRDA:22,0,1,0
BRF:2
BRH:1
end_of_record
TN:
SF:/Users/luismiguelmendes/Desktop/nda-project/refactor-app-microfrontends/src/proposals/views/Proposals/ProposalsStyle.js
FN:3,(anonymous_0)
FNF:1
FNH:1
FNDA:1,(anonymous_0)
DA:3,1
LF:1
LH:1
BRF:0
BRH:0
end_of_record
